#
# There is insufficient memory for the Java Runtime Environment to continue.
# Native memory allocation (malloc) failed to allocate 32744 bytes for ChunkPool::allocate
# Possible reasons:
#   The system is out of physical RAM or swap space
#   The process is running with CompressedOops enabled, and the Java Heap may be blocking the growth of the native heap
# Possible solutions:
#   Reduce memory load on the system
#   Increase physical memory or swap space
#   Check if swap backing store is full
#   Decrease Java heap size (-Xmx/-Xms)
#   Decrease number of Java threads
#   Set larger code cache with -XX:ReservedCodeCacheSize=
#   JVM is running with Unscaled Compressed Oops mode in which the Java heap is
#     placed in the first 4GB address space. The Java Heap base address is the
#     maximum limit for the native heap growth. Please use -XX:HeapBaseMinAddress
#     to set the Java Heap base and to place the Java Heap above 4GB virtual address.
# This output file may be truncated or incomplete.
#
#  Out of Memory Error (allocation.cpp:272), pid=19836, tid=0x00000000000038b4
#
# JRE version: Java(TM) SE Runtime Environment (8.0_261-b12) (build 1.8.0_261-b12)
# Java VM: Java HotSpot(TM) 64-Bit Server VM (25.261-b12 mixed mode windows-amd64 compressed oops)
# Failed to write core dump. Minidumps are not enabled by default on client versions of Windows
#

---------------  T H R E A D  ---------------

Current thread (0x000001ca49503000):  JavaThread "C1 CompilerThread3" daemon [_thread_in_native, id=14516, stack(0x000000243be00000,0x000000243bf00000)]

Stack: [0x000000243be00000,0x000000243bf00000]
Native frames: (J=compiled Java code, j=interpreted, Vv=VM code, C=native code)
V  [jvm.dll+0x33e5f9]


Current CompileTask:
C1:    881   33   !   3       java.io.BufferedReader::
[error occurred during error reporting (printing current compile task), id 0xe0000001]


---------------  P R O C E S S  ---------------

Java Threads: ( => current thread )
  0x000001ca49505000 JavaThread "Service Thread" daemon [_thread_blocked, id=20240, stack(0x000000243bf00000,0x000000243c000000)]
=>0x000001ca49503000 JavaThread "C1 CompilerThread3" daemon [_thread_in_native, id=14516, stack(0x000000243be00000,0x000000243bf00000)]
  0x000001ca494fc000 JavaThread "C2 CompilerThread2" daemon [_thread_blocked, id=9168, stack(0x000000243bd00000,0x000000243be00000)]
  0x000001ca494f9800 JavaThread "C2 CompilerThread1" daemon [_thread_blocked, id=23924, stack(0x000000243bc00000,0x000000243bd00000)]
  0x000001ca49499800 JavaThread "C2 CompilerThread0" daemon [_thread_blocked, id=23024, stack(0x000000243bb00000,0x000000243bc00000)]
  0x000001ca49496800 JavaThread "Attach Listener" daemon [_thread_blocked, id=24360, stack(0x000000243ba00000,0x000000243bb00000)]
  0x000001ca49495000 JavaThread "Signal Dispatcher" daemon [_thread_blocked, id=20536, stack(0x000000243b900000,0x000000243ba00000)]
  0x000001ca4947a800 JavaThread "Finalizer" daemon [_thread_blocked, id=2928, stack(0x000000243b800000,0x000000243b900000)]
  0x000001ca49459000 JavaThread "Reference Handler" daemon [_thread_blocked, id=2112, stack(0x000000243b700000,0x000000243b800000)]
  0x000001ca32994000 JavaThread "main" [_thread_in_vm, id=21556, stack(0x000000243ad00000,0x000000243ae00000)]

Other Threads:
  0x000001ca49454000 VMThread [stack: 0x000000243b600000,0x000000243b700000] [id=24836]
  0x000001ca49508800 WatcherThread [stack: 0x000000243c000000,0x000000243c100000] [id=20020]

VM state:not at safepoint (normal execution)

VM Mutex/Monitor currently owned by a thread: None

heap address: 0x0000000082e00000, size: 2002 MB, Compressed Oops mode: 32-bit
Narrow klass base: 0x0000000000000000, Narrow klass shift: 3
Compressed class space size: 1073741824 Address: 0x0000000100000000

Heap:
 PSYoungGen      total 37888K, used 1310K [0x00000000d6500000, 0x00000000d8f00000, 0x0000000100000000)
  eden space 32768K, 4% used [0x00000000d6500000,0x00000000d6647b08,0x00000000d8500000)
  from space 5120K, 0% used [0x00000000d8a00000,0x00000000d8a00000,0x00000000d8f00000)
  to   space 5120K, 0% used [0x00000000d8500000,0x00000000d8500000,0x00000000d8a00000)
 ParOldGen       total 86016K, used 0K [0x0000000082e00000, 0x0000000088200000, 0x00000000d6500000)
  object space 86016K, 0% used [0x0000000082e00000,0x0000000082e00000,0x0000000088200000)
 Metaspace       used 2954K, capacity 4494K, committed 4864K, reserved 1056768K
  class space    used 334K, capacity 386K, committed 512K, reserved 1048576K

Card table byte_map: [0x000001ca43650000,0x000001ca43a40000] byte_map_base: 0x000001ca43239000

Marking Bits: (ParMarkBitMap*) 0x0000000075ca4fb0
 Begin Bits: [0x000001ca43ce0000, 0x000001ca45c28000)
 End Bits:   [0x000001ca45c28000, 0x000001ca47b70000)

Polling page: 0x000001ca32a70000

CodeCache: size=245760Kb used=1121Kb max_used=1121Kb free=244638Kb
 bounds [0x000001ca34290000, 0x000001ca34500000, 0x000001ca43290000]
 total_blobs=266 nmethods=32 adapters=148
 compilation: enabled

Compilation events (10 events):
Event: 0.473 Thread 0x000001ca49503000 nmethod 28 0x000001ca343a5c50 code [0x000001ca343a5da0, 0x000001ca343a5f38]
Event: 0.855 Thread 0x000001ca49503000   29       3       java.lang.String::startsWith (72 bytes)
Event: 0.855 Thread 0x000001ca49503000 nmethod 29 0x000001ca343a55d0 code [0x000001ca343a5740, 0x000001ca343a5a78]
Event: 0.872 Thread 0x000001ca49503000   30       3       java.lang.String::indexOf (7 bytes)
Event: 0.872 Thread 0x000001ca49503000 nmethod 30 0x000001ca343a51d0 code [0x000001ca343a5340, 0x000001ca343a5550]
Event: 0.872 Thread 0x000001ca49503000   31       1       java.lang.Object::<init> (1 bytes)
Event: 0.872 Thread 0x000001ca49503000 nmethod 31 0x000001ca343a7fd0 code [0x000001ca343a8120, 0x000001ca343a8238]
Event: 0.877 Thread 0x000001ca49503000   32       1       sun.nio.cs.SingleByte$Decoder::decode (11 bytes)
Event: 0.877 Thread 0x000001ca49503000 nmethod 32 0x000001ca343a82d0 code [0x000001ca343a8420, 0x000001ca343a8578]
Event: 0.877 Thread 0x000001ca49503000   33   !   3       java.io.BufferedReader::readLine (304 bytes)

GC Heap History (0 events):
No events

Deoptimization events (0 events):
No events

Classes redefined (0 events):
No events

Internal exceptions (2 events):
Event: 0.061 Thread 0x000001ca32994000 Exception <a 'java/lang/NoSuchMethodError': Method sun.misc.Unsafe.defineClass(Ljava/lang/String;[BII)Ljava/lang/Class; name or signature does not match> (0x00000000d6507cc0) thrown at [C:\jenkins\workspace\8-2-build-windows-amd64-cygwin\jdk8u261\295\hots
Event: 0.061 Thread 0x000001ca32994000 Exception <a 'java/lang/NoSuchMethodError': Method sun.misc.Unsafe.prefetchRead(Ljava/lang/Object;J)V name or signature does not match> (0x00000000d6507fa8) thrown at [C:\jenkins\workspace\8-2-build-windows-amd64-cygwin\jdk8u261\295\hotspot\src\share\vm\p

Events (10 events):
Event: 0.874 loading class java/util/LinkedHashMap$LinkedEntryIterator
Event: 0.874 loading class java/util/LinkedHashMap$LinkedHashIterator
Event: 0.874 loading class java/util/LinkedHashMap$LinkedHashIterator done
Event: 0.874 loading class java/util/LinkedHashMap$LinkedEntryIterator done
Event: 0.874 loading class sun/misc/Launcher$BootClassPathHolder
Event: 0.874 loading class sun/misc/Launcher$BootClassPathHolder done
Event: 0.874 loading class sun/misc/Launcher$BootClassPathHolder$1
Event: 0.874 loading class sun/misc/Launcher$BootClassPathHolder$1 done
Event: 0.874 loading class java/util/HashSet
Event: 0.874 loading class java/util/HashSet done


Dynamic libraries:
0x00007ff799540000 - 0x00007ff799587000 	C:\Program Files\Java\jre1.8.0_261\bin\java.exe
0x00007ff97e500000 - 0x00007ff97e6f0000 	C:\WINDOWS\SYSTEM32\ntdll.dll
0x00007ff97d090000 - 0x00007ff97d142000 	C:\WINDOWS\System32\KERNEL32.DLL
0x00007ff97c000000 - 0x00007ff97c2a4000 	C:\WINDOWS\System32\KERNELBASE.dll
0x00007ff97cca0000 - 0x00007ff97cd43000 	C:\WINDOWS\System32\ADVAPI32.dll
0x00007ff97e300000 - 0x00007ff97e39e000 	C:\WINDOWS\System32\msvcrt.dll
0x00007ff97cff0000 - 0x00007ff97d087000 	C:\WINDOWS\System32\sechost.dll
0x00007ff97e3a0000 - 0x00007ff97e4c0000 	C:\WINDOWS\System32\RPCRT4.dll
0x00007ff97dff0000 - 0x00007ff97e185000 	C:\WINDOWS\System32\USER32.dll
0x00007ff97c580000 - 0x00007ff97c5a1000 	C:\WINDOWS\System32\win32u.dll
0x00007ff97cd50000 - 0x00007ff97cd76000 	C:\WINDOWS\System32\GDI32.dll
0x00007ff97b4b0000 - 0x00007ff97b646000 	C:\WINDOWS\System32\gdi32full.dll
0x00007ff97b650000 - 0x00007ff97b6ee000 	C:\WINDOWS\System32\msvcp_win.dll
0x00007ff97c2d0000 - 0x00007ff97c3ca000 	C:\WINDOWS\System32\ucrtbase.dll
0x00007ff961870000 - 0x00007ff961af4000 	C:\WINDOWS\WinSxS\amd64_microsoft.windows.common-controls_6595b64144ccf1df_6.0.18362.1016_none_9e7a36bbe461dae4\COMCTL32.dll
0x00007ff97d350000 - 0x00007ff97d685000 	C:\WINDOWS\System32\combase.dll
0x00007ff97bf80000 - 0x00007ff97c000000 	C:\WINDOWS\System32\bcryptPrimitives.dll
0x00007ff97e2c0000 - 0x00007ff97e2ee000 	C:\WINDOWS\System32\IMM32.DLL
0x00007ff969cb0000 - 0x00007ff969cc5000 	C:\Program Files\Java\jre1.8.0_261\bin\vcruntime140.dll
0x00007ff932030000 - 0x00007ff9320cb000 	C:\Program Files\Java\jre1.8.0_261\bin\msvcp140.dll
0x00000000754b0000 - 0x0000000075d1c000 	C:\Program Files\Java\jre1.8.0_261\bin\server\jvm.dll
0x00007ff97e2f0000 - 0x00007ff97e2f8000 	C:\WINDOWS\System32\PSAPI.DLL
0x00007ff93eb30000 - 0x00007ff93eb39000 	C:\WINDOWS\SYSTEM32\WSOCK32.dll
0x00007ff97df80000 - 0x00007ff97dfef000 	C:\WINDOWS\System32\WS2_32.dll
0x00007ff970b80000 - 0x00007ff970b8a000 	C:\WINDOWS\SYSTEM32\VERSION.dll
0x00007ff970a80000 - 0x00007ff970aa4000 	C:\WINDOWS\SYSTEM32\WINMM.dll
0x00007ff970a50000 - 0x00007ff970a7d000 	C:\WINDOWS\SYSTEM32\winmmbase.dll
0x00007ff97b6f0000 - 0x00007ff97b73a000 	C:\WINDOWS\System32\cfgmgr32.dll
0x00007ff97b3c0000 - 0x00007ff97b3d1000 	C:\WINDOWS\System32\kernel.appcore.dll
0x00007ff969b90000 - 0x00007ff969ba0000 	C:\Program Files\Java\jre1.8.0_261\bin\verify.dll
0x00007ff93f0e0000 - 0x00007ff93f10b000 	C:\Program Files\Java\jre1.8.0_261\bin\java.dll
0x00007ff969910000 - 0x00007ff969928000 	C:\Program Files\Java\jre1.8.0_261\bin\zip.dll
0x00007ff97c5b0000 - 0x00007ff97cc97000 	C:\WINDOWS\System32\SHELL32.dll
0x00007ff97cec0000 - 0x00007ff97cf69000 	C:\WINDOWS\System32\shcore.dll
0x00007ff97b740000 - 0x00007ff97bec2000 	C:\WINDOWS\System32\windows.storage.dll
0x00007ff97b430000 - 0x00007ff97b453000 	C:\WINDOWS\System32\profapi.dll
0x00007ff97b3e0000 - 0x00007ff97b42a000 	C:\WINDOWS\System32\powrprof.dll
0x00007ff97b3b0000 - 0x00007ff97b3c0000 	C:\WINDOWS\System32\UMPDC.dll
0x00007ff97d210000 - 0x00007ff97d262000 	C:\WINDOWS\System32\shlwapi.dll
0x00007ff97c2b0000 - 0x00007ff97c2c7000 	C:\WINDOWS\System32\cryptsp.dll

VM Arguments:
jvm_args: -Djava.rmi.server.codebase=file:C:\Users\aalex\Documents\NetBeansProjects\Tarea01\RMITarea01\tstRMI.jar 
java_command: C:\Users\aalex\Documents\NetBeansProjects\Tarea01\RMITarea01\tstRMI.jar Cliente localhost 200
java_class_path (initial): C:\Users\aalex\Documents\NetBeansProjects\Tarea01\RMITarea01\tstRMI.jar
Launcher Type: SUN_STANDARD

Environment Variables:
CLASSPATH=.;C:\Program Files\Java\jre1.8.0_261;
PATH=C:\Program Files\Java\jre1.8.0_261\bin;C:\Program Files (x86)\Common Files\Oracle\Java\javapath;C:\WINDOWS\system32;C:\WINDOWS;C:\WINDOWS\System32\Wbem;C:\WINDOWS\System32\WindowsPowerShell\v1.0\;C:\WINDOWS\System32\OpenSSH\;C:\Program Files\Git\cmd;C:\Program Files\MATLAB\R2019b\bin;C:\Program Files\nodejs\;C:\Program Files\PuTTY\;C:\Users\aalex\AppData\Local\Microsoft\WindowsApps;;C:\Users\aalex\AppData\Local\Programs\Microsoft VS Code\bin;C:\Users\aalex\AppData\Roaming\npm
USERNAME=aalex
OS=Windows_NT
PROCESSOR_IDENTIFIER=Intel64 Family 6 Model 142 Stepping 12, GenuineIntel



---------------  S Y S T E M  ---------------

OS: Windows 10.0 , 64 bit Build 18362 (10.0.18362.959)

CPU:total 8 (initial active 8) (4 cores per cpu, 2 threads per core) family 6 model 142 stepping 12, cmov, cx8, fxsr, mmx, sse, sse2, sse3, ssse3, sse4.1, sse4.2, popcnt, avx, avx2, aes, clmul, erms, 3dnowpref, lzcnt, ht, tsc, tscinvbit, bmi1, bmi2, adx

Memory: 4k page, physical 8197876k(1100820k free), swap 23663728k(12k free)

vm_info: Java HotSpot(TM) 64-Bit Server VM (25.261-b12) for windows-amd64 JRE (1.8.0_261-b12), built on Jun 18 2020 06:56:32 by "" with unknown MS VC++:1916

time: Sun Aug 16 17:00:32 2020
timezone: Central Daylight Time (Mexico)
elapsed time: 0 seconds (0d 0h 0m 0s)

