JvmtiExport can_access_local_variables 0
JvmtiExport can_hotswap_or_post_breakpoint 0
JvmtiExport can_post_on_exceptions 0
# 155 ciObject found
instanceKlass java/util/AbstractList$1
instanceKlass com/sun/xml/internal/ws/api/pipe/TubeCloner
instanceKlass javax/xml/bind/attachment/AttachmentUnmarshaller
instanceKlass java/util/IdentityHashMap$EntryIterator$Entry
instanceKlass com/sun/xml/internal/ws/util/StreamUtils
instanceKlass com/sun/xml/internal/bind/DatatypeConverterImpl
instanceKlass javax/xml/bind/DatatypeConverterInterface
instanceKlass com/sun/xml/internal/bind/v2/runtime/output/XmlOutputAbstractImpl
instanceKlass com/sun/xml/internal/bind/v2/runtime/output/XmlOutput
instanceKlass com/sun/xml/internal/bind/v2/runtime/output/Encoded
instanceKlass com/sun/xml/internal/bind/v2/runtime/StAXPostInitAction
instanceKlass com/sun/xml/internal/bind/v2/runtime/output/NamespaceContextImpl$Element
instanceKlass com/sun/xml/internal/bind/marshaller/NamespacePrefixMapper
instanceKlass com/sun/xml/internal/bind/v2/runtime/output/NamespaceContextImpl
instanceKlass com/sun/xml/internal/bind/v2/runtime/NamespaceContext2
instanceKlass com/sun/xml/internal/bind/v2/runtime/output/Pcdata
instanceKlass javax/xml/bind/helpers/AbstractMarshallerImpl
instanceKlass com/sun/xml/internal/ws/streaming/XMLStreamWriterUtil
instanceKlass javax/xml/bind/attachment/AttachmentMarshaller
instanceKlass com/sun/xml/internal/ws/streaming/MtomStreamWriter
instanceKlass com/sun/xml/internal/ws/util/xml/XMLStreamWriterFilter
instanceKlass com/sun/xml/internal/ws/api/streaming/XMLStreamWriterFactory$RecycleAware
instanceKlass com/sun/xml/internal/ws/encoding/HasEncoding
instanceKlass com/sun/xml/internal/stream/writers/XMLStreamWriterImpl$NamespaceContextImpl
instanceKlass com/sun/xml/internal/stream/util/ReadOnlyIterator
instanceKlass com/sun/xml/internal/stream/writers/XMLStreamWriterImpl$ElementStack
instanceKlass javax/xml/stream/XMLStreamWriter
instanceKlass javax/xml/transform/stream/StreamResult
instanceKlass javax/xml/transform/Result
instanceKlass javax/xml/stream/XMLOutputFactory
instanceKlass com/sun/xml/internal/ws/api/streaming/XMLStreamWriterFactory
instanceKlass com/sun/xml/internal/ws/encoding/ContentTypeImpl$Builder
instanceKlass com/sun/xml/internal/ws/transport/http/client/HttpClientTransport
instanceKlass com/sun/xml/internal/ws/transport/Headers$InsensitiveComparator
instanceKlass com/sun/xml/internal/ws/api/handler/MessageHandlerContext
instanceKlass javax/xml/ws/handler/soap/SOAPMessageContext
instanceKlass com/sun/xml/internal/ws/api/pipe/NextAction
instanceKlass com/sun/xml/internal/ws/handler/MessageContextImpl
instanceKlass com/sun/xml/internal/ws/handler/MessageUpdatableContext
instanceKlass javax/xml/ws/handler/LogicalMessageContext
instanceKlass javax/xml/ws/handler/MessageContext
instanceKlass com/sun/xml/internal/ws/handler/HandlerTube$HandlerTubeExchange
instanceKlass com/sun/xml/internal/ws/api/pipe/Fiber
instanceKlass com/sun/xml/internal/ws/api/Cancelable
instanceKlass com/sun/xml/internal/ws/message/stream/StreamMessage$2
instanceKlass com/sun/xml/internal/ws/message/stream/StreamMessage$1
instanceKlass com/sun/xml/internal/ws/message/stream/StreamMessage$StreamHeaderDecoder
instanceKlass com/sun/xml/internal/ws/api/message/MessageHeaders
instanceKlass javax/xml/soap/SOAPMessage
instanceKlass com/oracle/webservices/internal/api/message/BasePropertySet$FieldAccessor
instanceKlass com/sun/xml/internal/ws/api/server/WSEndpoint
instanceKlass com/sun/xml/internal/ws/api/server/TransportBackChannel
instanceKlass com/sun/xml/internal/ws/api/server/WebServiceContextDelegate
instanceKlass com/sun/xml/internal/ws/message/AttachmentSetImpl
instanceKlass com/sun/xml/internal/ws/api/message/AttachmentSet
instanceKlass com/sun/xml/internal/ws/encoding/TagInfoset
instanceKlass org/xml/sax/helpers/AttributesImpl
instanceKlass com/sun/xml/internal/ws/api/message/Message
instanceKlass com/sun/xml/internal/ws/api/message/StreamingSOAP
instanceKlass com/sun/xml/internal/ws/api/databinding/JavaCallInfo
instanceKlass com/oracle/webservices/internal/api/databinding/JavaCallInfo
instanceKlass java/lang/reflect/Proxy$KeyX
instanceKlass com/sun/xml/internal/ws/Closeable
instanceKlass com/sun/xml/internal/ws/client/WSServiceDelegate$3
instanceKlass com/sun/xml/internal/ws/client/sei/MethodHandler
instanceKlass java/util/concurrent/ConcurrentLinkedQueue$Node
instanceKlass com/sun/xml/internal/ws/api/ha/StickyFeature
instanceKlass com/sun/xml/internal/ws/api/pipe/TransportPipeFactory
instanceKlass com/sun/xml/internal/ws/api/pipe/TransportTubeFactory
instanceKlass java/net/InMemoryCookieStore
instanceKlass java/net/CookieStore
instanceKlass java/net/CookiePolicy$3
instanceKlass java/net/CookiePolicy$2
instanceKlass java/net/CookiePolicy$1
instanceKlass java/net/CookiePolicy
instanceKlass com/sun/xml/internal/ws/api/pipe/helper/AbstractTubeImpl
instanceKlass com/sun/xml/internal/ws/api/pipe/Pipe
instanceKlass com/sun/xml/internal/ws/api/pipe/Tube
instanceKlass com/sun/xml/internal/ws/assembler/MetroTubelineAssembler$MessageDumpingInfo
instanceKlass com/sun/xml/internal/ws/assembler/dev/TubelineAssemblyDecorator
instanceKlass com/sun/xml/internal/ws/assembler/dev/TubelineAssemblyContextUpdater
instanceKlass com/sun/xml/internal/ws/assembler/jaxws/BasicTransportTubeFactory
instanceKlass com/sun/xml/internal/ws/dump/MessageDumpingTubeFactory
instanceKlass com/sun/xml/internal/ws/assembler/jaxws/AddressingTubeFactory
instanceKlass com/sun/xml/internal/ws/assembler/jaxws/MustUnderstandTubeFactory
instanceKlass com/sun/xml/internal/ws/assembler/jaxws/ValidationTubeFactory
instanceKlass com/sun/xml/internal/ws/assembler/jaxws/HandlerTubeFactory
instanceKlass com/sun/xml/internal/ws/assembler/dev/TubeFactory
instanceKlass com/sun/xml/internal/ws/assembler/TubeCreator
instanceKlass com/sun/xml/internal/bind/v2/runtime/unmarshaller/StAXConnector$1
instanceKlass com/sun/xml/internal/bind/v2/runtime/unmarshaller/StAXStreamConnector$1
instanceKlass com/sun/xml/internal/bind/v2/runtime/unmarshaller/TagName
instanceKlass com/sun/xml/internal/bind/v2/runtime/unmarshaller/InterningXmlVisitor$AttributesImpl
instanceKlass com/sun/xml/internal/bind/v2/runtime/unmarshaller/InterningXmlVisitor
instanceKlass com/sun/xml/internal/fastinfoset/Decoder
instanceKlass com/sun/xml/internal/org/jvnet/fastinfoset/FastInfosetParser
instanceKlass com/sun/xml/internal/fastinfoset/OctetBufferListener
instanceKlass com/sun/xml/internal/org/jvnet/fastinfoset/stax/FastInfosetStreamReader
instanceKlass com/sun/xml/internal/bind/v2/runtime/unmarshaller/StAXConnector
instanceKlass com/sun/xml/internal/bind/v2/runtime/unmarshaller/UnmarshallingContext$State
instanceKlass com/sun/xml/internal/bind/v2/runtime/unmarshaller/Scope
instanceKlass com/sun/xml/internal/bind/v2/runtime/unmarshaller/LocatorExWrapper
instanceKlass com/sun/xml/internal/bind/v2/runtime/unmarshaller/LocatorEx
instanceKlass org/xml/sax/helpers/LocatorImpl
instanceKlass com/sun/xml/internal/bind/v2/runtime/Coordinator
instanceKlass com/sun/xml/internal/bind/v2/runtime/unmarshaller/XmlVisitor$TextPredictor
instanceKlass com/sun/xml/internal/bind/v2/runtime/unmarshaller/XmlVisitor
instanceKlass com/sun/xml/internal/bind/IDResolver
instanceKlass javax/xml/bind/helpers/DefaultValidationEventHandler
instanceKlass javax/xml/bind/helpers/AbstractUnmarshallerImpl
instanceKlass javax/xml/bind/ValidationEventHandler
instanceKlass com/sun/xml/internal/bind/v2/util/QNameMap$HashIterator
instanceKlass com/sun/xml/internal/bind/v2/runtime/property/ArrayERProperty$ReceiverImpl
instanceKlass javax/xml/parsers/DocumentBuilder
instanceKlass com/sun/xml/internal/bind/v2/ClassFactory
instanceKlass com/sun/xml/internal/bind/v2/runtime/reflect/Lister$2
instanceKlass com/sun/xml/internal/bind/v2/runtime/reflect/ListIterator
instanceKlass com/sun/xml/internal/bind/v2/runtime/reflect/Lister
instanceKlass com/sun/xml/internal/bind/v2/runtime/property/Utils$1
instanceKlass com/sun/xml/internal/bind/v2/runtime/property/Utils
instanceKlass com/sun/xml/internal/bind/v2/runtime/FilterTransducer
instanceKlass com/sun/xml/internal/bind/v2/runtime/reflect/Utils$1
instanceKlass com/sun/xml/internal/bind/v2/runtime/reflect/Utils
instanceKlass com/sun/xml/internal/bind/v2/model/core/Adapter
instanceKlass javax/xml/bind/annotation/adapters/XmlAdapter
instanceKlass javax/xml/bind/annotation/adapters/XmlJavaTypeAdapter$DEFAULT
instanceKlass javax/xml/bind/annotation/XmlSchemaType$DEFAULT
instanceKlass com/sun/xml/internal/bind/v2/model/impl/AttributePropertyInfoImpl$1
instanceKlass com/sun/xml/internal/bind/api/impl/NameUtil
instanceKlass com/sun/xml/internal/bind/api/impl/NameConverter
instanceKlass com/sun/xml/internal/bind/v2/model/runtime/RuntimeAttributePropertyInfo
instanceKlass com/sun/xml/internal/bind/v2/model/core/AttributePropertyInfo
instanceKlass com/sun/xml/internal/bind/v2/model/nav/ParameterizedTypeImpl
instanceKlass java/lang/reflect/WildcardType
instanceKlass com/sun/xml/internal/bind/v2/model/nav/ReflectionNavigator$BinderArg
instanceKlass sun/reflect/generics/tree/TypeVariableSignature
instanceKlass com/sun/xml/internal/bind/v2/model/impl/DummyPropertyInfo
instanceKlass sun/misc/ProxyGenerator$1
instanceKlass com/sun/xml/internal/ws/runtime/config/package-info
instanceKlass com/sun/xml/internal/ws/runtime/config/Tubelines
instanceKlass com/sun/xml/internal/ws/runtime/config/TubelineMapping
instanceKlass com/sun/xml/internal/ws/runtime/config/TubelineDefinition
instanceKlass com/sun/xml/internal/ws/runtime/config/TubeFactoryList
instanceKlass com/sun/xml/internal/ws/runtime/config/TubeFactoryConfig
instanceKlass com/sun/xml/internal/ws/runtime/config/ObjectFactory
instanceKlass javax/xml/bind/GetPropertyAction
instanceKlass javax/xml/bind/ContextFinder
instanceKlass com/sun/xml/internal/ws/runtime/config/MetroConfig
instanceKlass com/sun/xml/internal/ws/assembler/MetroConfigLoader$3
instanceKlass java/text/AttributedCharacterIterator$Attribute
instanceKlass java/text/FieldPosition
instanceKlass java/util/Locale$1
instanceKlass java/text/Format
instanceKlass com/sun/istack/internal/localization/LocalizableMessage
instanceKlass com/sun/istack/internal/localization/Localizable
instanceKlass com/sun/istack/internal/localization/Localizer
instanceKlass com/sun/istack/internal/localization/LocalizableMessageFactory
instanceKlass com/sun/xml/internal/ws/resources/TubelineassemblyMessages
instanceKlass com/sun/xml/internal/ws/assembler/MetroConfigLoader$2
instanceKlass com/sun/xml/internal/ws/assembler/MetroConfigLoader$1
instanceKlass com/sun/xml/internal/ws/assembler/MetroConfigLoader$TubeFactoryListResolver
instanceKlass com/sun/xml/internal/ws/assembler/MetroConfigLoader
instanceKlass com/sun/xml/internal/ws/assembler/TubelineAssemblyContextImpl
instanceKlass com/sun/xml/internal/ws/assembler/dev/ClientTubelineAssemblyContext
instanceKlass com/sun/xml/internal/ws/assembler/dev/TubelineAssemblyContext
instanceKlass javax/activation/CommandInfo
instanceKlass com/sun/activation/registries/MailcapTokenizer
instanceKlass javax/activation/SecuritySupport$2
instanceKlass javax/activation/SecuritySupport$3
instanceKlass com/sun/activation/registries/MailcapFile
instanceKlass com/sun/activation/registries/LogSupport
instanceKlass javax/activation/SecuritySupport$1
instanceKlass javax/activation/SecuritySupport
instanceKlass javax/activation/CommandMap
instanceKlass com/sun/xml/internal/ws/api/pipe/ClientTubeAssemblerContext
instanceKlass com/sun/xml/internal/ws/assembler/TubelineAssemblyController
instanceKlass com/sun/xml/internal/ws/assembler/MetroConfigNameImpl
instanceKlass com/sun/xml/internal/ws/assembler/MetroConfigName
instanceKlass com/sun/xml/internal/ws/assembler/MetroTubelineAssembler
instanceKlass com/sun/xml/internal/ws/api/pipe/TubelineAssembler
instanceKlass com/sun/xml/internal/ws/api/pipe/PipelineAssemblerFactory
instanceKlass com/sun/xml/internal/ws/api/pipe/TubelineAssemblerFactory
instanceKlass com/sun/org/glassfish/gmbal/GmbalMBeanNOPImpl
instanceKlass com/sun/org/glassfish/gmbal/GmbalMBean
instanceKlass javax/management/NotificationEmitter
instanceKlass javax/management/NotificationBroadcaster
instanceKlass javax/management/DynamicMBean
instanceKlass com/sun/org/glassfish/gmbal/ManagedObjectManagerNOPImpl
instanceKlass javax/management/ObjectName
instanceKlass javax/management/QueryExp
instanceKlass com/sun/org/glassfish/gmbal/ManagedObjectManager
instanceKlass com/sun/org/glassfish/gmbal/util/GenericConstructor
instanceKlass com/sun/org/glassfish/gmbal/ManagedObjectManagerFactory
instanceKlass java/util/zip/ZipUtils
instanceKlass java/util/zip/CRC32
instanceKlass java/util/zip/Checksum
instanceKlass java/util/zip/ZStreamRef
instanceKlass java/util/zip/Inflater
instanceKlass java/lang/Package$1
instanceKlass com/sun/xml/internal/ws/policy/PolicyAssertion
instanceKlass com/sun/xml/internal/ws/server/MonitorBase
instanceKlass java/util/AbstractMap$SimpleImmutableEntry
instanceKlass java/util/IdentityHashMap$IdentityHashMapIterator
instanceKlass com/sun/xml/internal/ws/util/Version
instanceKlass com/sun/xml/internal/ws/util/RuntimeVersion
instanceKlass com/sun/xml/internal/ws/api/pipe/Engine
instanceKlass com/oracle/webservices/internal/api/message/BasePropertySet$PropertyMapEntry
instanceKlass java/lang/Deprecated
instanceKlass com/oracle/webservices/internal/api/message/BasePropertySet$MethodAccessor
instanceKlass com/oracle/webservices/internal/api/message/BasePropertySet$Accessor
instanceKlass com/oracle/webservices/internal/api/message/PropertySet$Property
instanceKlass com/oracle/webservices/internal/api/message/BasePropertySet$1
instanceKlass com/sun/xml/internal/ws/client/Stub
instanceKlass com/sun/xml/internal/ws/client/ResponseContextReceiver
instanceKlass com/sun/xml/internal/ws/developer/WSBindingProvider
instanceKlass javax/xml/ws/BindingProvider
instanceKlass com/sun/xml/internal/ws/binding/WebServiceFeatureList$MergedFeatures
instanceKlass com/sun/xml/internal/ws/server/sei/MessageFiller
instanceKlass com/sun/xml/internal/ws/server/sei/EndpointResponseMessageBuilder
instanceKlass com/sun/xml/internal/ws/server/sei/EndpointArgumentsBuilder$DocLit$PartBuilder
instanceKlass com/sun/xml/internal/ws/server/sei/EndpointArgumentsBuilder
instanceKlass com/sun/xml/internal/ws/server/sei/TieHandler$1
instanceKlass com/sun/xml/internal/ws/server/sei/EndpointValueSetter
instanceKlass com/sun/xml/internal/ws/server/sei/TieHandler
instanceKlass com/sun/xml/internal/ws/api/databinding/EndpointCallBridge
instanceKlass com/sun/xml/internal/ws/wsdl/WSDLOperationFinder$WSDLOperationMappingImpl
instanceKlass com/sun/xml/internal/ws/api/model/WSDLOperationMapping
instanceKlass com/sun/xml/internal/ws/wsdl/WSDLOperationFinder
instanceKlass com/sun/xml/internal/ws/wsdl/OperationDispatcher
instanceKlass com/sun/xml/internal/ws/wsdl/ActionBasedOperationSignature
instanceKlass com/sun/xml/internal/ws/client/sei/ValueSetter
instanceKlass com/sun/xml/internal/ws/client/sei/ResponseBuilder$DocLit$PartBuilder
instanceKlass com/sun/xml/internal/ws/client/sei/ResponseBuilder
instanceKlass com/sun/xml/internal/ws/client/sei/ValueSetterFactory
instanceKlass com/sun/xml/internal/ws/client/sei/MessageFiller
instanceKlass com/sun/xml/internal/bind/api/RawAccessor
instanceKlass com/sun/xml/internal/ws/db/glassfish/RawAccessorWrapper
instanceKlass com/sun/xml/internal/ws/spi/db/PropertyAccessor
instanceKlass com/sun/xml/internal/ws/client/sei/BodyBuilder
instanceKlass com/sun/xml/internal/ws/client/sei/StubHandler$1
instanceKlass com/sun/xml/internal/ws/client/sei/ValueGetterFactory
instanceKlass com/sun/xml/internal/ws/client/sei/StubHandler
instanceKlass com/sun/xml/internal/ws/api/databinding/ClientCallBridge
instanceKlass com/sun/xml/internal/ws/api/FeatureListValidatorAnnotation
instanceKlass com/sun/xml/internal/ws/encoding/ParameterList
instanceKlass com/sun/xml/internal/ws/encoding/HeaderTokenizer$Token
instanceKlass com/sun/xml/internal/ws/encoding/HeaderTokenizer
instanceKlass com/sun/xml/internal/ws/encoding/ContentType
instanceKlass com/sun/xml/internal/ws/encoding/ContentTypeImpl
instanceKlass com/sun/xml/internal/ws/encoding/fastinfoset/FastInfosetStreamSOAPCodec$1
instanceKlass java/nio/channels/WritableByteChannel
instanceKlass com/sun/xml/internal/ws/api/pipe/ContentType
instanceKlass com/oracle/webservices/internal/api/message/ContentType
instanceKlass java/nio/channels/ReadableByteChannel
instanceKlass java/nio/channels/Channel
instanceKlass com/oracle/webservices/internal/api/message/BasePropertySet
instanceKlass com/sun/xml/internal/ws/api/message/MessageMetadata
instanceKlass com/oracle/webservices/internal/api/message/MessageContext
instanceKlass com/oracle/webservices/internal/api/message/DistributedPropertySet
instanceKlass com/oracle/webservices/internal/api/message/PropertySet
instanceKlass com/sun/xml/internal/ws/encoding/fastinfoset/FastInfosetStreamSOAPCodec
instanceKlass com/oracle/webservices/internal/impl/encoding/StreamDecoderImpl
instanceKlass com/oracle/webservices/internal/impl/internalspi/encoding/StreamDecoder
instanceKlass com/sun/xml/internal/ws/encoding/StreamSOAPCodec$1
instanceKlass com/sun/xml/internal/ws/api/SOAPVersion$1
instanceKlass com/sun/xml/internal/ws/encoding/StreamSOAPCodec
instanceKlass com/sun/xml/internal/ws/encoding/RootOnlyCodec
instanceKlass com/sun/xml/internal/ws/api/pipe/StreamSOAPCodec
instanceKlass com/sun/xml/internal/ws/encoding/MimeCodec
instanceKlass com/sun/xml/internal/ws/api/pipe/SOAPBindingCodec
instanceKlass com/sun/xml/internal/ws/api/pipe/Codec
instanceKlass com/sun/xml/internal/ws/api/pipe/Codecs
instanceKlass com/sun/xml/internal/ws/api/ImpliesWebServiceFeature
instanceKlass com/oracle/webservices/internal/api/message/MessageContextFactory
instanceKlass com/sun/xml/internal/ws/util/Pool
instanceKlass com/sun/xml/internal/ws/db/glassfish/BridgeWrapper
instanceKlass com/sun/xml/internal/ws/spi/db/XMLBridge
instanceKlass com/sun/xml/internal/ws/db/glassfish/JAXBRIContextWrapper
instanceKlass com/sun/xml/internal/ws/spi/db/BindingContext
instanceKlass com/sun/xml/internal/bind/v2/runtime/NameList
instanceKlass com/sun/xml/internal/bind/api/Bridge
instanceKlass com/sun/xml/internal/bind/v2/runtime/unmarshaller/Intercepter
instanceKlass com/sun/xml/internal/bind/v2/runtime/unmarshaller/ChildLoader
instanceKlass com/sun/xml/internal/bind/v2/runtime/unmarshaller/StructureLoader$1
instanceKlass com/sun/xml/internal/bind/v2/runtime/property/UnmarshallerChain
instanceKlass javax/xml/bind/annotation/W3CDomHandler
instanceKlass javax/xml/bind/annotation/DomHandler
instanceKlass com/sun/xml/internal/bind/v2/model/runtime/RuntimeArrayInfo
instanceKlass com/sun/xml/internal/bind/v2/model/core/ArrayInfo
instanceKlass com/sun/xml/internal/bind/v2/runtime/ElementBeanInfoImpl$1
instanceKlass javax/xml/bind/JAXBElement$GlobalScope
instanceKlass com/sun/xml/internal/bind/v2/runtime/Utils$1
instanceKlass com/sun/xml/internal/bind/v2/runtime/Utils
instanceKlass com/sun/xml/internal/bind/v2/runtime/reflect/opt/OptimizedTransducedAccessorFactory
instanceKlass com/sun/xml/internal/bind/v2/runtime/reflect/TransducedAccessor
instanceKlass com/sun/xml/internal/bind/v2/runtime/reflect/opt/Ref
instanceKlass com/sun/xml/internal/bind/v2/runtime/LifecycleMethods
instanceKlass com/sun/xml/internal/bind/v2/runtime/Name
instanceKlass com/sun/xml/internal/bind/v2/runtime/property/TagAndType
instanceKlass com/sun/xml/internal/bind/v2/runtime/reflect/opt/Injector$1
instanceKlass java/lang/AssertionStatusDirectives
instanceKlass java/util/concurrent/locks/ReentrantReadWriteLock$WriteLock
instanceKlass java/util/concurrent/locks/ReentrantReadWriteLock$ReadLock
instanceKlass java/util/concurrent/locks/ReentrantReadWriteLock
instanceKlass java/util/concurrent/locks/ReadWriteLock
instanceKlass com/sun/xml/internal/bind/v2/runtime/reflect/opt/Injector
instanceKlass com/sun/xml/internal/bind/v2/runtime/reflect/opt/SecureLoader
instanceKlass com/sun/xml/internal/bind/v2/runtime/reflect/opt/AccessorInjector
instanceKlass com/sun/xml/internal/bind/v2/runtime/reflect/opt/Bean
instanceKlass com/sun/xml/internal/bind/v2/bytecode/ClassTailor
instanceKlass com/sun/xml/internal/bind/v2/runtime/reflect/opt/OptimizedAccessorFactory
instanceKlass com/sun/xml/internal/bind/v2/runtime/property/PropertyFactory$1
instanceKlass com/sun/xml/internal/bind/v2/model/runtime/RuntimeMapPropertyInfo
instanceKlass com/sun/xml/internal/bind/v2/model/core/MapPropertyInfo
instanceKlass com/sun/xml/internal/bind/v2/model/runtime/RuntimeReferencePropertyInfo
instanceKlass com/sun/xml/internal/bind/v2/model/core/ReferencePropertyInfo
instanceKlass com/sun/xml/internal/bind/v2/runtime/property/PropertyFactory
instanceKlass com/sun/xml/internal/bind/v2/runtime/property/PropertyImpl
instanceKlass com/sun/xml/internal/bind/v2/runtime/property/Property
instanceKlass com/sun/xml/internal/bind/v2/runtime/property/StructureLoaderBuilder
instanceKlass com/sun/xml/internal/bind/v2/runtime/AttributeAccessor
instanceKlass com/sun/xml/internal/bind/v2/runtime/unmarshaller/Loader
instanceKlass javax/xml/bind/Marshaller
instanceKlass javax/xml/bind/Unmarshaller
instanceKlass com/sun/xml/internal/bind/v2/runtime/JaxBeanInfo
instanceKlass com/sun/xml/internal/bind/v2/util/FlattenIterator
instanceKlass javax/xml/bind/annotation/XmlElement$DEFAULT
instanceKlass com/sun/xml/internal/bind/v2/model/impl/ElementInfoImpl$PropertyImpl
instanceKlass com/sun/xml/internal/bind/v2/model/impl/TypeRefImpl
instanceKlass com/sun/xml/internal/bind/v2/model/runtime/RuntimeTypeRef
instanceKlass com/sun/xml/internal/bind/v2/model/runtime/RuntimeNonElementRef
instanceKlass com/sun/xml/internal/bind/v2/model/core/TypeRef
instanceKlass com/sun/xml/internal/bind/v2/model/core/NonElementRef
instanceKlass com/sun/xml/internal/bind/v2/model/impl/PropertyInfoImpl$1
instanceKlass com/sun/xml/internal/bind/v2/TODO
instanceKlass com/sun/xml/internal/bind/v2/model/annotation/MethodLocatable
instanceKlass java/util/TreeMap$PrivateEntryIterator
instanceKlass com/sun/xml/internal/bind/annotation/XmlLocation
instanceKlass javax/xml/bind/annotation/XmlSchemaTypes
instanceKlass javax/xml/bind/annotation/adapters/XmlJavaTypeAdapters
instanceKlass com/sun/xml/internal/bind/v2/model/impl/Util
instanceKlass com/sun/xml/internal/bind/v2/model/impl/PropertyInfoImpl
instanceKlass com/sun/xml/internal/bind/v2/model/runtime/RuntimeElementPropertyInfo
instanceKlass com/sun/xml/internal/bind/v2/model/runtime/RuntimePropertyInfo
instanceKlass com/sun/xml/internal/bind/v2/model/core/ElementPropertyInfo
instanceKlass com/sun/xml/internal/bind/v2/model/core/PropertyInfo
instanceKlass com/sun/xml/internal/bind/v2/model/impl/ClassInfoImpl$1
instanceKlass com/sun/xml/internal/bind/v2/model/impl/FieldPropertySeed
instanceKlass com/sun/xml/internal/bind/v2/model/impl/RuntimeClassInfoImpl$RuntimePropertySeed
instanceKlass com/sun/xml/internal/bind/v2/model/impl/PropertySeed
instanceKlass com/sun/xml/internal/bind/v2/model/annotation/AnnotationSource
instanceKlass com/sun/xml/internal/bind/v2/runtime/reflect/Accessor
instanceKlass com/sun/xml/internal/bind/v2/runtime/unmarshaller/Receiver
instanceKlass com/sun/xml/internal/bind/AccessorFactoryImpl
instanceKlass com/sun/xml/internal/bind/InternalAccessorFactory
instanceKlass com/sun/xml/internal/bind/AccessorFactory
instanceKlass javax/xml/bind/annotation/XmlAccessorOrder
instanceKlass javax/xml/bind/annotation/XmlNs
instanceKlass wssuma/package-info
instanceKlass com/sun/xml/internal/bind/annotation/OverrideAnnotationOf
instanceKlass javax/xml/bind/annotation/XmlMixed
instanceKlass javax/xml/bind/annotation/XmlAnyElement
instanceKlass javax/xml/bind/annotation/XmlElements
instanceKlass javax/xml/bind/annotation/XmlAnyAttribute
instanceKlass javax/xml/bind/annotation/XmlList
instanceKlass javax/xml/bind/annotation/XmlElementWrapper
instanceKlass javax/xml/bind/annotation/XmlMimeType
instanceKlass javax/xml/bind/annotation/XmlInlineBinaryData
instanceKlass javax/xml/bind/annotation/XmlIDREF
instanceKlass javax/xml/bind/annotation/XmlID
instanceKlass com/sun/xml/internal/bind/v2/model/runtime/RuntimeClassInfo
instanceKlass com/sun/xml/internal/bind/v2/model/core/ClassInfo
instanceKlass javax/xml/bind/annotation/XmlType$DEFAULT
instanceKlass javax/xml/bind/annotation/XmlAccessorType
instanceKlass javax/xml/bind/annotation/XmlAttachmentRef
instanceKlass javax/xml/bind/annotation/adapters/XmlJavaTypeAdapter
instanceKlass sun/reflect/generics/reflectiveObjects/LazyReflectiveObjectGenerator
instanceKlass java/lang/reflect/TypeVariable
instanceKlass sun/reflect/generics/tree/ClassSignature
instanceKlass sun/reflect/generics/reflectiveObjects/ParameterizedTypeImpl
instanceKlass java/lang/reflect/ParameterizedType
instanceKlass sun/reflect/generics/tree/MethodTypeSignature
instanceKlass sun/reflect/generics/tree/Signature
instanceKlass sun/reflect/generics/tree/FormalTypeParameter
instanceKlass com/sun/xml/internal/bind/v2/model/impl/TypeInfoImpl
instanceKlass com/sun/xml/internal/bind/v2/model/runtime/RuntimeElementInfo
instanceKlass com/sun/xml/internal/bind/v2/model/runtime/RuntimeElement
instanceKlass com/sun/xml/internal/bind/v2/model/core/ElementInfo
instanceKlass com/sun/xml/internal/bind/v2/model/core/Element
instanceKlass javax/xml/bind/annotation/XmlElementDecl$GLOBAL
instanceKlass javax/xml/bind/JAXBElement
instanceKlass com/sun/xml/internal/bind/v2/model/impl/RegistryInfoImpl
instanceKlass com/sun/xml/internal/bind/v2/model/core/RegistryInfo
instanceKlass com/sun/xml/internal/bind/v2/model/annotation/SecureLoader
instanceKlass javax/xml/bind/annotation/XmlValue
instanceKlass javax/xml/bind/annotation/XmlType
instanceKlass javax/xml/bind/annotation/XmlTransient
instanceKlass javax/xml/bind/annotation/XmlSchemaType
instanceKlass javax/xml/bind/annotation/XmlRootElement
instanceKlass javax/xml/bind/annotation/XmlEnum
instanceKlass javax/xml/bind/annotation/XmlElementRefs
instanceKlass javax/xml/bind/annotation/XmlElementRef
instanceKlass javax/xml/bind/annotation/XmlElementDecl
instanceKlass javax/xml/bind/annotation/XmlAttribute
instanceKlass com/sun/xml/internal/bind/v2/model/annotation/Quick
instanceKlass com/sun/xml/internal/bind/v2/model/annotation/Init
instanceKlass com/sun/xml/internal/bind/v2/model/annotation/LocatableAnnotation
instanceKlass javax/xml/bind/annotation/XmlRegistry
instanceKlass com/sun/xml/internal/bind/v2/model/core/Ref
instanceKlass com/sun/xml/internal/bind/api/CompositeStructure
instanceKlass com/sun/xml/internal/bind/v2/runtime/IllegalAnnotationsException$Builder
instanceKlass java/util/Collections$UnmodifiableMap$UnmodifiableEntrySet$UnmodifiableEntry
instanceKlass java/util/Collections$UnmodifiableMap$UnmodifiableEntrySet$1
instanceKlass com/sun/xml/internal/bind/v2/runtime/RuntimeUtil
instanceKlass com/sun/xml/internal/bind/v2/model/impl/AnyTypeImpl
instanceKlass com/sun/xml/internal/bind/v2/model/impl/TypeInfoSetImpl$1
instanceKlass java/util/UUID
instanceKlass javax/xml/datatype/Duration
instanceKlass javax/xml/datatype/XMLGregorianCalendar
instanceKlass javax/activation/DataHandler
instanceKlass java/awt/datatransfer/Transferable
instanceKlass java/awt/Image
instanceKlass javax/xml/datatype/DatatypeConstants$Field
instanceKlass javax/xml/datatype/DatatypeConstants
instanceKlass java/util/Calendar
instanceKlass com/sun/xml/internal/bind/v2/model/impl/RuntimeBuiltinLeafInfoImpl$1
instanceKlass com/sun/xml/internal/bind/v2/model/impl/LeafInfoImpl
instanceKlass com/sun/xml/internal/bind/v2/runtime/Transducer
instanceKlass com/sun/xml/internal/bind/v2/model/runtime/RuntimeBuiltinLeafInfo
instanceKlass com/sun/xml/internal/bind/v2/model/runtime/RuntimeLeafInfo
instanceKlass com/sun/xml/internal/bind/v2/model/runtime/RuntimeNonElement
instanceKlass com/sun/xml/internal/bind/v2/model/runtime/RuntimeTypeInfo
instanceKlass com/sun/xml/internal/bind/v2/model/core/BuiltinLeafInfo
instanceKlass com/sun/xml/internal/bind/v2/model/core/LeafInfo
instanceKlass com/sun/xml/internal/bind/v2/model/core/MaybeElement
instanceKlass com/sun/xml/internal/bind/v2/model/core/NonElement
instanceKlass com/sun/xml/internal/bind/v2/model/core/TypeInfo
instanceKlass com/sun/xml/internal/bind/v2/model/annotation/Locatable
instanceKlass com/sun/xml/internal/bind/v2/model/impl/TypeInfoSetImpl
instanceKlass com/sun/xml/internal/bind/v2/model/runtime/RuntimeTypeInfoSet
instanceKlass com/sun/xml/internal/bind/v2/model/core/TypeInfoSet
instanceKlass com/sun/xml/internal/bind/v2/model/impl/ModelBuilder$1
instanceKlass com/sun/xml/internal/bind/v2/model/core/ErrorHandler
instanceKlass com/sun/xml/internal/bind/v2/runtime/Location
instanceKlass com/sun/xml/internal/bind/v2/model/impl/Utils$1
instanceKlass com/sun/xml/internal/bind/v2/model/nav/TypeVisitor
instanceKlass com/sun/xml/internal/bind/v2/model/nav/ReflectionNavigator
instanceKlass com/sun/xml/internal/bind/v2/model/nav/Navigator
instanceKlass com/sun/xml/internal/bind/v2/model/impl/Utils
instanceKlass com/sun/xml/internal/bind/WhiteSpaceProcessor
instanceKlass javax/xml/bind/annotation/XmlSchema
instanceKlass com/sun/xml/internal/bind/v2/model/impl/ModelBuilder
instanceKlass com/sun/xml/internal/bind/v2/model/impl/ModelBuilderI
instanceKlass com/sun/xml/internal/bind/v2/runtime/NameBuilder
instanceKlass com/sun/istack/internal/Pool$Impl
instanceKlass com/sun/istack/internal/Pool
instanceKlass com/sun/xml/internal/bind/v2/util/QNameMap$Entry
instanceKlass com/sun/xml/internal/bind/v2/util/QNameMap
instanceKlass com/sun/xml/internal/bind/v2/runtime/JAXBContextImpl$6
instanceKlass com/sun/xml/internal/bind/v2/model/annotation/AbstractInlineAnnotationReaderImpl
instanceKlass com/sun/xml/internal/bind/v2/runtime/JAXBContextImpl$JAXBContextBuilder
instanceKlass com/sun/xml/internal/bind/v2/util/TypeCast
instanceKlass com/sun/xml/internal/bind/Util
instanceKlass com/sun/xml/internal/bind/v2/ContextFactory
instanceKlass com/sun/xml/internal/bind/v2/model/annotation/RuntimeAnnotationReader
instanceKlass com/sun/xml/internal/bind/v2/model/annotation/AnnotationReader
instanceKlass javax/xml/bind/JAXBContext
instanceKlass com/sun/xml/internal/bind/api/TypeReference
instanceKlass com/sun/xml/internal/ws/spi/db/BindingContextFactory$1
instanceKlass com/sun/xml/internal/ws/spi/db/BindingContextFactory
instanceKlass com/sun/xml/internal/ws/developer/JAXBContextFactory$1
instanceKlass com/sun/xml/internal/ws/developer/JAXBContextFactory
instanceKlass com/sun/xml/internal/ws/model/AbstractSEIModelImpl$1
instanceKlass com/sun/xml/internal/ws/spi/db/WrapperComposite
instanceKlass wssuma/HelloResponse
instanceKlass wssuma/Hello
instanceKlass javax/jws/WebParam
instanceKlass com/sun/xml/internal/ws/model/ReflectAnnotationReader$1
instanceKlass javax/xml/bind/annotation/XmlElement
instanceKlass com/sun/xml/internal/ws/model/ParameterImpl
instanceKlass com/sun/xml/internal/ws/api/model/Parameter
instanceKlass com/sun/xml/internal/ws/spi/db/TypeInfo
instanceKlass wssuma/SumaResponse
instanceKlass wssuma/Suma
instanceKlass javax/xml/ws/Response
instanceKlass com/sun/xml/internal/ws/model/JavaMethodImpl
instanceKlass com/sun/xml/internal/ws/api/model/JavaMethod
instanceKlass javax/jws/Oneway
instanceKlass javax/xml/ws/FaultAction
instanceKlass javax/xml/ws/Action
instanceKlass javax/xml/ws/ResponseWrapper
instanceKlass javax/xml/ws/RequestWrapper
instanceKlass javax/jws/WebResult
instanceKlass com/sun/xml/internal/ws/model/ReflectAnnotationReader$2
instanceKlass javax/jws/WebMethod
instanceKlass com/sun/xml/internal/ws/api/model/soap/SOAPBinding
instanceKlass javax/jws/soap/SOAPBinding
instanceKlass com/oracle/webservices/internal/api/databinding/DatabindingMode
instanceKlass com/sun/xml/internal/ws/spi/db/BindingInfo
instanceKlass com/sun/xml/internal/ws/model/AbstractSEIModelImpl
instanceKlass com/sun/xml/internal/ws/api/model/SEIModel
instanceKlass java/util/Collections$1
instanceKlass com/sun/xml/internal/ws/client/HandlerConfiguration
instanceKlass javax/xml/ws/soap/SOAPBinding
instanceKlass com/sun/xml/internal/ws/binding/BindingImpl
instanceKlass com/sun/xml/internal/ws/api/WSBinding
instanceKlass javax/xml/ws/Binding
instanceKlass com/oracle/webservices/internal/api/EnvelopeStyle
instanceKlass wssuma/ObjectFactory
instanceKlass javax/xml/bind/annotation/XmlSeeAlso
instanceKlass javax/jws/WebService
instanceKlass com/sun/xml/internal/ws/model/ReflectAnnotationReader$3
instanceKlass javax/xml/ws/soap/MTOM
instanceKlass com/sun/xml/internal/ws/model/ReflectAnnotationReader
instanceKlass com/sun/xml/internal/ws/api/databinding/MetadataReader
instanceKlass javax/xml/ws/Holder
instanceKlass com/sun/xml/internal/ws/model/RuntimeModeler
instanceKlass com/sun/xml/internal/ws/db/DatabindingImpl
instanceKlass com/sun/xml/internal/ws/api/databinding/Databinding
instanceKlass com/oracle/webservices/internal/api/databinding/Databinding
instanceKlass com/sun/xml/internal/ws/db/DatabindingProviderImpl
instanceKlass com/sun/xml/internal/ws/spi/db/DatabindingProvider
instanceKlass com/sun/xml/internal/ws/api/databinding/MappingInfo
instanceKlass com/sun/xml/internal/ws/api/databinding/DatabindingConfig
instanceKlass com/oracle/webservices/internal/api/databinding/DatabindingFactory
instanceKlass wssuma/MiWSSuma
instanceKlass java/lang/Math$RandomNumberGeneratorHolder
instanceKlass sun/rmi/server/WeakClassHashMap$ValueCell
instanceKlass sun/rmi/transport/ObjectEndpoint
instanceKlass sun/rmi/transport/ObjectTable
instanceKlass sun/rmi/transport/Target
instanceKlass sun/rmi/transport/DGCImpl$2$1
instanceKlass sun/rmi/transport/DGCImpl_Skel
instanceKlass java/rmi/server/Skeleton
instanceKlass sun/rmi/transport/DGCImpl$2$$Lambda$8
instanceKlass sun/rmi/server/Dispatcher
instanceKlass java/rmi/server/ServerRef
instanceKlass sun/rmi/transport/DGCImpl$2
instanceKlass sun/rmi/transport/DGCImpl$$Lambda$7
instanceKlass sun/rmi/transport/DGCClient$EndpointEntry$RenewCleanThread$1
instanceKlass sun/rmi/transport/DGCClient$EndpointEntry$1
instanceKlass java/io/ObjectInputStream$Logging
instanceKlass java/io/ObjectInputStream$FilterValues
instanceKlass sun/rmi/transport/StreamRemoteCall$$Lambda$6
instanceKlass java/io/ObjectStreamClass$6
instanceKlass java/io/ObjectStreamClass$5
instanceKlass java/util/TimSort
instanceKlass java/io/ObjectStreamClass$4
instanceKlass java/io/ObjectStreamClass$MemberSignature
instanceKlass java/io/ObjectStreamClass$2
instanceKlass java/io/ObjectStreamClass$ExceptionInfo
instanceKlass sun/rmi/transport/DGCImpl_Stub$$Lambda$5
instanceKlass sun/misc/ObjectInputFilter$FilterInfo
instanceKlass java/rmi/dgc/Lease
instanceKlass sun/nio/ch/Interruptible
instanceKlass java/util/concurrent/locks/LockSupport
instanceKlass sun/rmi/transport/DGCClient$EndpointEntry$RefEntry
instanceKlass sun/misc/GC$Daemon$1
instanceKlass java/util/TreeMap$Entry
instanceKlass sun/misc/GC$LatencyRequest
instanceKlass sun/misc/GC$LatencyLock
instanceKlass sun/misc/GC
instanceKlass sun/rmi/transport/DGCClient$EndpointEntry$RenewCleanThread
instanceKlass sun/rmi/transport/DGCImpl
instanceKlass java/rmi/dgc/DGC
instanceKlass sun/rmi/transport/DGCClient$EndpointEntry
instanceKlass java/rmi/dgc/VMID
instanceKlass sun/rmi/transport/DGCClient
instanceKlass sun/rmi/runtime/NewThreadAction$2
instanceKlass sun/rmi/runtime/NewThreadAction$1
instanceKlass sun/rmi/runtime/NewThreadAction
instanceKlass java/util/concurrent/Executors$RunnableAdapter
instanceKlass java/util/concurrent/Executors
instanceKlass java/util/concurrent/FutureTask$WaitNode
instanceKlass java/util/concurrent/Callable
instanceKlass java/util/concurrent/FutureTask
instanceKlass sun/rmi/transport/tcp/TCPChannel$1
instanceKlass java/io/SerialCallbackContext
instanceKlass java/rmi/server/RemoteObjectInvocationHandler$1
instanceKlass sun/rmi/server/WeakClassHashMap
instanceKlass java/io/ObjectStreamClass$ClassDataSlot
instanceKlass java/lang/reflect/WeakCache$LookupValue
instanceKlass example/hello/IServDisparo
instanceKlass sun/rmi/server/LoaderHandler
instanceKlass java/rmi/server/RMIClassLoader$1
instanceKlass java/rmi/server/RMIClassLoaderSpi
instanceKlass java/rmi/server/RMIClassLoader
instanceKlass sun/misc/ObjectInputFilter$Config$$Lambda$4
instanceKlass java/lang/invoke/LambdaForm$DMH
instanceKlass sun/misc/ObjectInputFilter
instanceKlass sun/misc/ObjectInputFilter$Config
instanceKlass java/io/ObjectInputStream$ValidationList
instanceKlass java/io/ObjectInputStream$HandleTable$HandleList
instanceKlass java/io/ObjectInputStream$HandleTable
instanceKlass java/rmi/activation/ActivationGroupDesc
instanceKlass java/rmi/activation/ActivationDesc
instanceKlass java/rmi/activation/ActivationID
instanceKlass java/rmi/activation/ActivationMonitor
instanceKlass java/rmi/activation/ActivationInstantiator
instanceKlass java/rmi/activation/ActivationGroupID
instanceKlass java/rmi/activation/ActivationSystem
instanceKlass java/io/ObjectInputStream$$Lambda$3
instanceKlass sun/misc/JavaObjectInputStreamReadString
instanceKlass java/lang/invoke/LambdaForm$MH
instanceKlass java/lang/invoke/LambdaForm$MH
instanceKlass java/lang/invoke/InnerClassLambdaMetafactory$1
instanceKlass java/io/ObjectInputStream$$Lambda$2
instanceKlass sun/misc/JavaObjectInputStreamAccess
instanceKlass java/lang/invoke/LambdaForm$DMH
instanceKlass sun/misc/ObjectStreamClassValidator
instanceKlass java/io/ObjectInputStream$1
instanceKlass sun/misc/JavaOISAccess
instanceKlass java/io/ObjectStreamClass$FieldReflector
instanceKlass java/io/ObjectInput
instanceKlass sun/reflect/ClassDefiner$1
instanceKlass sun/reflect/ClassDefiner
instanceKlass sun/reflect/MethodAccessorGenerator$1
instanceKlass sun/reflect/Label$PatchInfo
instanceKlass sun/reflect/Label
instanceKlass sun/reflect/UTF8
instanceKlass sun/reflect/ClassFileAssembler
instanceKlass sun/reflect/ByteVectorImpl
instanceKlass sun/reflect/ByteVector
instanceKlass sun/reflect/ByteVectorFactory
instanceKlass sun/reflect/AccessorGenerator
instanceKlass sun/reflect/ClassFileConstants
instanceKlass java/util/ComparableTimSort
instanceKlass java/util/Arrays$LegacyMergeSort
instanceKlass java/io/ObjectStreamClass$3
instanceKlass java/io/ObjectStreamClass$EntryFuture
instanceKlass java/io/ObjectStreamClass$Caches
instanceKlass java/io/ObjectStreamClass$1
instanceKlass java/io/ObjectStreamClass
instanceKlass sun/rmi/server/MarshalOutputStream$1
instanceKlass java/io/Bits
instanceKlass java/io/ObjectOutputStream$ReplaceTable
instanceKlass java/io/ObjectOutputStream$HandleTable
instanceKlass java/io/ObjectStreamConstants
instanceKlass java/io/ObjectOutput
instanceKlass sun/rmi/transport/StreamRemoteCall
instanceKlass java/rmi/server/RemoteCall
instanceKlass sun/rmi/transport/proxy/RMISocketInfo
instanceKlass sun/rmi/transport/tcp/TCPConnection
instanceKlass sun/rmi/transport/Connection
instanceKlass java/util/concurrent/RunnableScheduledFuture
instanceKlass java/util/concurrent/ScheduledFuture
instanceKlass java/util/concurrent/Delayed
instanceKlass java/util/concurrent/RunnableFuture
instanceKlass java/util/concurrent/Future
instanceKlass sun/rmi/runtime/RuntimeUtil$1
instanceKlass java/util/concurrent/ScheduledExecutorService
instanceKlass sun/rmi/runtime/RuntimeUtil
instanceKlass sun/rmi/runtime/RuntimeUtil$GetInstanceAction
instanceKlass sun/rmi/transport/tcp/TCPChannel
instanceKlass sun/rmi/transport/Channel
instanceKlass java/rmi/server/Operation
instanceKlass java/rmi/server/RemoteObject
instanceKlass java/rmi/registry/Registry
instanceKlass java/rmi/Remote
instanceKlass java/util/Collections$SynchronizedMap
instanceKlass sun/rmi/server/Util
instanceKlass sun/rmi/server/UnicastRef
instanceKlass java/rmi/server/RemoteRef
instanceKlass java/io/Externalizable
instanceKlass java/rmi/server/RMISocketFactory
instanceKlass java/rmi/server/RMIServerSocketFactory
instanceKlass java/rmi/server/RMIClientSocketFactory
instanceKlass java/util/concurrent/locks/AbstractQueuedSynchronizer$ConditionObject
instanceKlass java/util/concurrent/locks/Condition
instanceKlass sun/rmi/transport/tcp/TCPTransport$1
instanceKlass java/util/concurrent/ThreadFactory
instanceKlass java/util/concurrent/SynchronousQueue$TransferStack$SNode
instanceKlass java/util/concurrent/SynchronousQueue$Transferer
instanceKlass java/util/concurrent/BlockingQueue
instanceKlass java/util/concurrent/ThreadPoolExecutor$AbortPolicy
instanceKlass java/util/concurrent/RejectedExecutionHandler
instanceKlass java/util/concurrent/AbstractExecutorService
instanceKlass java/util/concurrent/ExecutorService
instanceKlass java/util/concurrent/Executor
instanceKlass sun/security/action/GetLongAction
instanceKlass java/util/logging/ErrorManager
instanceKlass sun/util/calendar/CalendarSystem
instanceKlass java/util/Date
instanceKlass sun/util/logging/LoggingSupport$2
instanceKlass java/util/logging/Formatter
instanceKlass sun/rmi/runtime/Log$LoggerLog$1
instanceKlass sun/rmi/runtime/Log$LoggerLogFactory
instanceKlass sun/rmi/runtime/Log$LogFactory
instanceKlass sun/rmi/runtime/Log
instanceKlass sun/rmi/transport/Transport
instanceKlass java/net/InetAddress$CacheEntry
instanceKlass sun/net/InetAddressCachePolicy$2
instanceKlass sun/net/InetAddressCachePolicy$1
instanceKlass sun/net/InetAddressCachePolicy
instanceKlass java/net/Inet4AddressImpl
instanceKlass sun/rmi/transport/tcp/TCPEndpoint
instanceKlass sun/rmi/transport/Endpoint
instanceKlass sun/nio/fs/BasicFileAttributesHolder
instanceKlass sun/nio/fs/WindowsDirectoryStream$WindowsDirectoryIterator
instanceKlass sun/nio/fs/WindowsFileAttributes
instanceKlass java/nio/file/attribute/DosFileAttributes
instanceKlass java/nio/file/attribute/BasicFileAttributes
instanceKlass sun/nio/fs/NativeBuffer$Deallocator
instanceKlass sun/nio/fs/NativeBuffer
instanceKlass sun/nio/fs/NativeBuffers
instanceKlass sun/nio/fs/WindowsNativeDispatcher$BackupResult
instanceKlass sun/nio/fs/WindowsNativeDispatcher$CompletionStatus
instanceKlass sun/nio/fs/WindowsNativeDispatcher$AclInformation
instanceKlass sun/nio/fs/WindowsNativeDispatcher$Account
instanceKlass sun/nio/fs/WindowsNativeDispatcher$DiskFreeSpace
instanceKlass sun/nio/fs/WindowsNativeDispatcher$VolumeInformation
instanceKlass sun/nio/fs/WindowsNativeDispatcher$FirstStream
instanceKlass sun/nio/fs/WindowsNativeDispatcher$FirstFile
instanceKlass sun/nio/fs/WindowsNativeDispatcher$1
instanceKlass sun/nio/fs/WindowsNativeDispatcher
instanceKlass sun/nio/fs/WindowsDirectoryStream
instanceKlass java/nio/file/DirectoryStream
instanceKlass java/nio/file/Files$AcceptAllFilter
instanceKlass java/nio/file/DirectoryStream$Filter
instanceKlass java/nio/file/Files
instanceKlass sun/nio/fs/AbstractPath
instanceKlass sun/nio/fs/Util
instanceKlass sun/nio/fs/WindowsPathParser$Result
instanceKlass sun/nio/fs/WindowsPathParser
instanceKlass java/nio/file/FileSystem
instanceKlass java/nio/file/spi/FileSystemProvider
instanceKlass sun/nio/fs/DefaultFileSystemProvider
instanceKlass java/nio/file/FileSystems$DefaultFileSystemHolder$1
instanceKlass java/nio/file/FileSystems$DefaultFileSystemHolder
instanceKlass java/nio/file/FileSystems
instanceKlass java/net/NetworkInterface$2
instanceKlass java/net/DefaultInterface
instanceKlass java/net/InterfaceAddress
instanceKlass java/net/NetworkInterface$1
instanceKlass sun/security/provider/ByteArrayAccess
instanceKlass sun/security/provider/SeedGenerator$1
instanceKlass sun/security/provider/SeedGenerator
instanceKlass sun/security/provider/SecureRandom$SeederHolder
instanceKlass sun/security/util/MessageDigestSpi2
instanceKlass sun/security/jca/GetInstance$Instance
instanceKlass sun/security/jca/GetInstance
instanceKlass java/security/MessageDigestSpi
instanceKlass java/security/SecureRandomSpi
instanceKlass java/security/Provider$UString
instanceKlass java/security/Provider$Service
instanceKlass sun/security/provider/NativePRNG$NonBlocking
instanceKlass sun/security/provider/NativePRNG$Blocking
instanceKlass sun/security/provider/NativePRNG
instanceKlass sun/security/provider/SunEntries$1
instanceKlass sun/security/provider/SunEntries
instanceKlass sun/security/jca/ProviderConfig$2
instanceKlass sun/security/jca/ProviderList$2
instanceKlass sun/misc/FDBigInteger
instanceKlass java/security/Provider$EngineDescription
instanceKlass java/security/Provider$ServiceKey
instanceKlass sun/security/jca/ProviderConfig
instanceKlass sun/security/jca/ProviderList
instanceKlass sun/security/jca/Providers
instanceKlass java/util/Random
instanceKlass java/rmi/server/UID
instanceKlass java/rmi/server/ObjID
instanceKlass sun/rmi/transport/LiveRef
instanceKlass java/rmi/registry/LocateRegistry
instanceKlass java/lang/annotation/Documented
instanceKlass java/lang/reflect/WeakCache$Value
instanceKlass sun/misc/ProxyGenerator$ExceptionTableEntry
instanceKlass sun/misc/ProxyGenerator$PrimitiveTypeInfo
instanceKlass sun/misc/ProxyGenerator$FieldInfo
instanceKlass java/io/DataOutput
instanceKlass sun/misc/ProxyGenerator$ConstantPool$Entry
instanceKlass sun/misc/ProxyGenerator$MethodInfo
instanceKlass sun/misc/ProxyGenerator$ProxyMethod
instanceKlass sun/misc/ProxyGenerator$ConstantPool
instanceKlass sun/misc/ProxyGenerator
instanceKlass java/lang/reflect/WeakCache$Factory
instanceKlass java/util/function/Supplier
instanceKlass java/lang/reflect/Proxy$ProxyClassFactory
instanceKlass java/lang/reflect/Proxy$KeyFactory
instanceKlass java/util/function/BiFunction
instanceKlass java/lang/reflect/WeakCache
instanceKlass java/lang/reflect/Proxy
instanceKlass sun/reflect/annotation/AnnotationInvocationHandler
instanceKlass java/lang/reflect/InvocationHandler
instanceKlass sun/reflect/annotation/AnnotationParser$1
instanceKlass java/lang/Class$4
instanceKlass java/lang/annotation/Target
instanceKlass java/lang/annotation/Inherited
instanceKlass java/lang/annotation/Retention
instanceKlass sun/reflect/annotation/ExceptionProxy
instanceKlass sun/reflect/annotation/AnnotationType$1
instanceKlass java/lang/reflect/GenericArrayType
instanceKlass javax/xml/ws/WebServiceClient
instanceKlass sun/reflect/generics/visitor/Reifier
instanceKlass sun/reflect/generics/visitor/TypeTreeVisitor
instanceKlass sun/reflect/generics/factory/CoreReflectionFactory
instanceKlass sun/reflect/generics/factory/GenericsFactory
instanceKlass sun/reflect/generics/scope/AbstractScope
instanceKlass sun/reflect/generics/scope/Scope
instanceKlass sun/reflect/generics/tree/ClassTypeSignature
instanceKlass sun/reflect/generics/tree/SimpleClassTypeSignature
instanceKlass sun/reflect/generics/tree/FieldTypeSignature
instanceKlass sun/reflect/generics/tree/BaseType
instanceKlass sun/reflect/generics/tree/TypeSignature
instanceKlass sun/reflect/generics/tree/ReturnType
instanceKlass sun/reflect/generics/tree/TypeArgument
instanceKlass sun/reflect/generics/tree/TypeTree
instanceKlass sun/reflect/generics/tree/Tree
instanceKlass sun/reflect/generics/parser/SignatureParser
instanceKlass sun/reflect/annotation/AnnotationParser
instanceKlass javax/jws/HandlerChain
instanceKlass com/sun/xml/internal/ws/client/WSServiceDelegate$2
instanceKlass com/sun/xml/internal/ws/client/PortInfo
instanceKlass com/sun/xml/internal/ws/api/client/WSPortInfo
instanceKlass javax/xml/ws/handler/PortInfo
instanceKlass com/sun/xml/internal/ws/policy/PolicyMapKey
instanceKlass com/sun/xml/internal/ws/encoding/policy/SelectOptimalEncodingFeatureConfigurator
instanceKlass com/sun/xml/internal/ws/encoding/policy/FastInfosetFeatureConfigurator
instanceKlass com/sun/xml/internal/ws/encoding/policy/MtomFeatureConfigurator
instanceKlass com/sun/xml/internal/ws/addressing/policy/AddressingFeatureConfigurator
instanceKlass com/sun/xml/internal/ws/policy/jaxws/spi/PolicyFeatureConfigurator
instanceKlass com/sun/xml/internal/ws/policy/jaxws/PolicyUtil
instanceKlass com/sun/xml/internal/ws/policy/privateutil/ServiceFinder$LazyIterator
instanceKlass com/sun/xml/internal/ws/policy/privateutil/ServiceFinder
instanceKlass com/sun/xml/internal/ws/policy/privateutil/PolicyUtils$ServiceProvider
instanceKlass com/sun/xml/internal/ws/config/management/policy/ManagementPolicyValidator
instanceKlass com/sun/xml/internal/ws/encoding/policy/EncodingConstants
instanceKlass com/sun/xml/internal/ws/encoding/policy/EncodingPolicyValidator
instanceKlass com/sun/xml/internal/ws/addressing/W3CAddressingMetadataConstants
instanceKlass com/sun/xml/internal/ws/addressing/policy/AddressingPolicyValidator
instanceKlass com/sun/xml/internal/ws/policy/spi/PolicyAssertionValidator
instanceKlass com/sun/xml/internal/ws/policy/AssertionValidationProcessor
instanceKlass com/sun/xml/internal/ws/policy/EffectiveAlternativeSelector
instanceKlass com/sun/xml/internal/ws/policy/PolicyMap$ScopeMap
instanceKlass com/sun/xml/internal/ws/policy/PolicyMerger
instanceKlass com/sun/xml/internal/ws/policy/PolicyMap$4
instanceKlass com/sun/xml/internal/ws/policy/PolicyMap$3
instanceKlass com/sun/xml/internal/ws/policy/PolicyMap$2
instanceKlass com/sun/xml/internal/ws/policy/PolicyMap$1
instanceKlass com/sun/xml/internal/ws/policy/PolicyMapKeyHandler
instanceKlass com/sun/xml/internal/ws/policy/PolicyMap
instanceKlass com/sun/xml/internal/ws/policy/PolicyMapMutator
instanceKlass com/sun/xml/internal/ws/api/policy/PolicyResolver$ClientContext
instanceKlass java/util/LinkedList$ListItr
instanceKlass com/sun/xml/internal/ws/policy/sourcemodel/PolicySourceModelContext
instanceKlass com/sun/xml/internal/ws/util/QNameMap$HashIterator
instanceKlass sun/net/www/http/KeepAliveEntry
instanceKlass sun/net/www/http/KeepAliveCache$1
instanceKlass com/sun/xml/internal/ws/api/EndpointAddress$1
instanceKlass com/sun/xml/internal/ws/api/EndpointAddress
instanceKlass com/sun/xml/internal/ws/api/model/wsdl/editable/EditableWSDLPort
instanceKlass com/sun/xml/internal/ws/api/model/wsdl/WSDLPort
instanceKlass com/sun/xml/internal/ws/api/model/wsdl/editable/EditableWSDLService
instanceKlass com/sun/xml/internal/ws/api/model/wsdl/WSDLService
instanceKlass com/sun/xml/internal/ws/wsdl/parser/SOAPConstants
instanceKlass com/sun/xml/internal/ws/api/model/wsdl/editable/EditableWSDLBoundOperation
instanceKlass com/sun/xml/internal/ws/api/model/wsdl/WSDLBoundOperation
instanceKlass com/sun/xml/internal/ws/api/BindingID
instanceKlass javax/xml/soap/SOAPFactory
instanceKlass javax/xml/soap/FactoryFinder
instanceKlass javax/xml/soap/SAAJMetaFactory
instanceKlass javax/xml/soap/MessageFactory
instanceKlass com/sun/xml/internal/ws/api/model/wsdl/editable/EditableWSDLBoundPortType
instanceKlass com/sun/xml/internal/ws/api/model/wsdl/WSDLBoundPortType
instanceKlass com/sun/xml/internal/ws/api/model/wsdl/WSDLFeaturedObject
instanceKlass com/sun/xml/internal/ws/api/model/wsdl/editable/EditableWSDLOutput
instanceKlass com/sun/xml/internal/ws/api/model/wsdl/WSDLOutput
instanceKlass com/sun/xml/internal/ws/addressing/v200408/MemberSubmissionAddressingConstants
instanceKlass com/sun/xml/internal/stream/buffer/AttributesHolder
instanceKlass com/sun/xml/internal/stream/buffer/stax/StreamReaderBufferProcessor$InternalNamespaceContext
instanceKlass com/sun/xml/internal/org/jvnet/staxex/NamespaceContextEx
instanceKlass com/sun/xml/internal/stream/buffer/stax/StreamReaderBufferProcessor$ElementStackEntry
instanceKlass com/sun/xml/internal/org/jvnet/staxex/XMLStreamReaderEx
instanceKlass com/sun/xml/internal/stream/buffer/AbstractCreatorProcessor
instanceKlass com/sun/xml/internal/stream/buffer/FragmentedArray
instanceKlass com/sun/xml/internal/stream/buffer/ContextClassloaderLocal
instanceKlass com/sun/xml/internal/stream/buffer/XMLStreamBuffer
instanceKlass com/sun/xml/internal/ws/message/AbstractHeaderImpl
instanceKlass com/sun/xml/internal/ws/api/message/Header
instanceKlass com/sun/xml/internal/ws/api/addressing/WSEndpointReference
instanceKlass com/sun/xml/internal/ws/api/model/wsdl/WSDLExtension
instanceKlass javax/xml/ws/EndpointReference
instanceKlass com/sun/xml/internal/ws/api/addressing/AddressingVersion$EPR
instanceKlass com/sun/xml/internal/ws/api/model/wsdl/editable/EditableWSDLInput
instanceKlass com/sun/xml/internal/ws/api/model/wsdl/WSDLInput
instanceKlass com/sun/xml/internal/ws/util/QNameMap$1
instanceKlass com/sun/xml/internal/ws/util/QNameMap$Entry
instanceKlass com/sun/xml/internal/ws/util/QNameMap
instanceKlass com/sun/xml/internal/ws/api/model/wsdl/editable/EditableWSDLOperation
instanceKlass com/sun/xml/internal/ws/api/model/wsdl/WSDLOperation
instanceKlass com/sun/xml/internal/ws/api/model/wsdl/editable/EditableWSDLPortType
instanceKlass com/sun/xml/internal/ws/api/model/wsdl/WSDLPortType
instanceKlass com/sun/xml/internal/ws/api/model/ParameterBinding
instanceKlass com/sun/xml/internal/ws/api/model/wsdl/WSDLPartDescriptor
instanceKlass com/sun/xml/internal/ws/api/model/wsdl/editable/EditableWSDLPart
instanceKlass com/sun/xml/internal/ws/api/model/wsdl/WSDLPart
instanceKlass com/sun/org/apache/xerces/internal/impl/XMLStreamReaderImpl$1
instanceKlass javax/xml/stream/Location
instanceKlass com/sun/xml/internal/ws/api/model/wsdl/editable/EditableWSDLMessage
instanceKlass com/sun/xml/internal/ws/api/model/wsdl/WSDLMessage
instanceKlass com/sun/xml/internal/ws/wsdl/parser/ParserUtil
instanceKlass com/sun/xml/internal/ws/wsdl/parser/WSDLConstants
instanceKlass com/sun/xml/internal/ws/streaming/XMLStreamReaderUtil
instanceKlass com/sun/org/apache/xerces/internal/util/URI
instanceKlass com/sun/org/apache/xerces/internal/util/NamespaceContextWrapper
instanceKlass javax/xml/namespace/NamespaceContext
instanceKlass com/sun/org/apache/xerces/internal/impl/XMLStreamReaderImpl
instanceKlass com/sun/org/apache/xerces/internal/impl/PropertyManager
instanceKlass javax/xml/stream/SecuritySupport$1
instanceKlass javax/xml/stream/FactoryFinder$1
instanceKlass javax/xml/stream/SecuritySupport$5
instanceKlass javax/xml/stream/SecuritySupport$2
instanceKlass javax/xml/stream/SecuritySupport
instanceKlass javax/xml/stream/FactoryFinder
instanceKlass javax/xml/stream/XMLInputFactory
instanceKlass com/sun/xml/internal/ws/api/streaming/XMLStreamReaderFactory$2
instanceKlass com/sun/xml/internal/ws/api/streaming/ContextClassloaderLocal$1
instanceKlass com/sun/xml/internal/ws/api/streaming/ContextClassloaderLocal
instanceKlass com/sun/xml/internal/ws/api/streaming/XMLStreamReaderFactory
instanceKlass com/sun/xml/internal/ws/util/xml/XMLStreamReaderFilter
instanceKlass javax/xml/stream/XMLStreamReader
instanceKlass javax/xml/stream/XMLStreamConstants
instanceKlass com/sun/xml/internal/ws/api/streaming/XMLStreamReaderFactory$RecycleAware
instanceKlass sun/net/www/http/Hurryable
instanceKlass java/net/Socket$2
instanceKlass sun/net/www/protocol/http/AuthCacheImpl
instanceKlass sun/net/www/protocol/http/AuthCache
instanceKlass sun/net/www/protocol/http/AuthCacheValue
instanceKlass sun/net/DefaultProgressMeteringPolicy
instanceKlass sun/net/ProgressMeteringPolicy
instanceKlass sun/net/ProgressMonitor
instanceKlass java/net/Socket$3
instanceKlass sun/net/NetHooks
instanceKlass java/net/SocksSocketImpl$3
instanceKlass java/net/Inet6Address$Inet6AddressHolder
instanceKlass java/net/InetAddress$2
instanceKlass sun/net/spi/nameservice/NameService
instanceKlass java/net/Inet6AddressImpl
instanceKlass java/net/InetAddressImpl
instanceKlass java/net/InetAddressImplFactory
instanceKlass java/net/InetAddress$Cache
instanceKlass java/net/InetAddress$InetAddressHolder
instanceKlass java/net/InetAddress$1
instanceKlass java/net/InetSocketAddress$InetSocketAddressHolder
instanceKlass java/net/InetAddress
instanceKlass java/net/SocketAddress
instanceKlass sun/misc/FloatingDecimal$ASCIIToBinaryBuffer
instanceKlass sun/misc/FloatingDecimal$PreparedASCIIToBinaryBuffer
instanceKlass sun/misc/FloatingDecimal$ASCIIToBinaryConverter
instanceKlass sun/misc/FloatingDecimal$BinaryToASCIIBuffer
instanceKlass sun/misc/FloatingDecimal$ExceptionalBinaryToASCIIBuffer
instanceKlass sun/misc/FloatingDecimal$BinaryToASCIIConverter
instanceKlass sun/misc/FloatingDecimal
instanceKlass java/net/PlainSocketImpl$1
instanceKlass java/net/NetworkInterface
instanceKlass java/net/StandardSocketOptions$StdSocketOption
instanceKlass java/net/StandardSocketOptions
instanceKlass jdk/net/ExtendedSocketOptions$PlatformSocketOptions$1
instanceKlass jdk/net/ExtendedSocketOptions$PlatformSocketOptions
instanceKlass jdk/net/SocketFlow
instanceKlass jdk/net/ExtendedSocketOptions$ExtSocketOption
instanceKlass java/net/SocketOption
instanceKlass jdk/net/ExtendedSocketOptions
instanceKlass sun/net/ExtendedSocketOptions
instanceKlass java/net/AbstractPlainSocketImpl$1
instanceKlass java/net/SocketImpl
instanceKlass java/net/SocketOptions
instanceKlass java/net/SocksConsts
instanceKlass java/net/Socket
instanceKlass sun/net/www/http/HttpCapture$1
instanceKlass sun/net/www/http/HttpCapture
instanceKlass sun/net/www/http/KeepAliveKey
instanceKlass sun/net/NetworkClient$1
instanceKlass sun/net/NetworkClient
instanceKlass java/net/Proxy
instanceKlass sun/net/spi/DefaultProxySelector$3
instanceKlass sun/net/spi/DefaultProxySelector$NonProxyInfo
instanceKlass sun/net/spi/DefaultProxySelector$1
instanceKlass java/net/ProxySelector
instanceKlass sun/net/www/protocol/http/HttpURLConnection$7
instanceKlass java/net/ResponseCache
instanceKlass sun/net/www/protocol/http/HttpURLConnection$3
instanceKlass java/net/CookieHandler
instanceKlass sun/net/www/protocol/http/HttpURLConnection$2
instanceKlass java/util/ResourceBundle$Control$1
instanceKlass java/util/LinkedList$Node
instanceKlass java/util/ResourceBundle$CacheKeyReference
instanceKlass java/util/ResourceBundle$CacheKey
instanceKlass java/util/ResourceBundle$Control
instanceKlass java/util/ResourceBundle$RBClassLoader$1
instanceKlass java/util/spi/ResourceBundleControlProvider
instanceKlass java/util/ResourceBundle
instanceKlass java/util/logging/Logger$1
instanceKlass sun/net/NetProperties$1
instanceKlass sun/net/NetProperties
instanceKlass java/lang/invoke/LambdaForm$MH
instanceKlass sun/net/www/protocol/http/HttpURLConnection$$Lambda$1
instanceKlass java/lang/invoke/InfoFromMemberName
instanceKlass java/lang/invoke/MethodHandleInfo
instanceKlass sun/security/action/GetBooleanAction
instanceKlass sun/security/util/SecurityConstants
instanceKlass java/security/AccessController$1
instanceKlass java/lang/invoke/AbstractValidatingLambdaMetafactory
instanceKlass java/lang/invoke/LambdaForm$BMH
instanceKlass java/lang/invoke/LambdaForm$BMH
instanceKlass java/lang/invoke/LambdaForm$BMH
instanceKlass java/lang/invoke/LambdaForm$BMH
instanceKlass jdk/internal/org/objectweb/asm/FieldVisitor
instanceKlass java/lang/invoke/BoundMethodHandle$Factory$1
instanceKlass java/lang/invoke/BoundMethodHandle$SpeciesData$1
instanceKlass java/lang/invoke/LambdaForm$BMH
instanceKlass java/lang/invoke/LambdaForm$MH
instanceKlass java/lang/invoke/LambdaForm$BMH
instanceKlass java/lang/invoke/LambdaForm$MH
instanceKlass java/lang/invoke/LambdaForm$DMH
instanceKlass java/lang/invoke/LambdaForm$DMH
instanceKlass java/lang/invoke/LambdaForm$BMH
instanceKlass java/lang/invoke/LambdaForm$BMH
instanceKlass java/lang/invoke/LambdaForm$MH
instanceKlass java/lang/invoke/LambdaFormBuffer
instanceKlass java/lang/invoke/LambdaFormEditor
instanceKlass java/lang/invoke/LambdaForm$BMH
instanceKlass java/lang/invoke/LambdaForm$DMH
instanceKlass java/lang/invoke/LambdaForm$DMH
instanceKlass java/lang/invoke/LambdaForm$DMH
instanceKlass java/lang/invoke/LambdaForm$DMH
instanceKlass java/lang/invoke/LambdaForm$MH
instanceKlass java/lang/invoke/LambdaForm$DMH
instanceKlass java/lang/invoke/LambdaForm$DMH
instanceKlass java/lang/invoke/LambdaForm$MH
instanceKlass java/lang/invoke/LambdaForm$DMH
instanceKlass java/lang/invoke/LambdaForm$DMH
instanceKlass java/lang/invoke/LambdaForm$MH
instanceKlass java/lang/invoke/LambdaForm$DMH
instanceKlass java/lang/invoke/LambdaForm$DMH
instanceKlass java/lang/invoke/LambdaForm$MH
instanceKlass java/lang/invoke/LambdaForm$DMH
instanceKlass java/lang/invoke/LambdaForm$DMH
instanceKlass java/lang/invoke/LambdaForm$MH
instanceKlass java/lang/invoke/LambdaForm$DMH
instanceKlass java/lang/invoke/LambdaForm$MH
instanceKlass java/lang/invoke/LambdaForm$DMH
instanceKlass java/lang/invoke/LambdaForm$DMH
instanceKlass java/lang/invoke/LambdaForm$MH
instanceKlass java/lang/invoke/LambdaForm$DMH
instanceKlass java/lang/invoke/LambdaForm$DMH
instanceKlass java/lang/invoke/LambdaForm$MH
instanceKlass java/lang/invoke/LambdaForm$DMH
instanceKlass java/lang/invoke/LambdaForm$MH
instanceKlass java/lang/invoke/LambdaForm$DMH
instanceKlass java/lang/invoke/LambdaForm$MH
instanceKlass java/lang/invoke/LambdaForm$DMH
instanceKlass java/lang/invoke/LambdaForm$DMH
instanceKlass java/lang/invoke/MethodHandleImpl$Lazy
instanceKlass java/lang/invoke/LambdaForm$BMH
instanceKlass java/lang/invoke/LambdaForm$MH
instanceKlass java/lang/invoke/LambdaForm$DMH
instanceKlass java/lang/invoke/LambdaForm$DMH
instanceKlass java/lang/invoke/LambdaForm$DMH
instanceKlass java/lang/invoke/LambdaForm$DMH
instanceKlass java/lang/invoke/LambdaForm$DMH
instanceKlass java/util/SubList$1
instanceKlass java/lang/invoke/LambdaForm$MH
instanceKlass java/lang/invoke/LambdaForm$MH
instanceKlass java/lang/invoke/LambdaForm$MH
instanceKlass java/lang/invoke/LambdaForm$MH
instanceKlass java/lang/invoke/LambdaForm$MH
instanceKlass java/lang/invoke/LambdaForm$MH
instanceKlass java/lang/invoke/LambdaForm$MH
instanceKlass java/lang/invoke/LambdaForm$MH
instanceKlass java/lang/invoke/LambdaForm$MH
instanceKlass java/lang/invoke/LambdaForm$MH
instanceKlass java/lang/invoke/LambdaForm$MH
instanceKlass java/lang/invoke/LambdaForm$MH
instanceKlass java/lang/invoke/InvokerBytecodeGenerator$CpPatch
instanceKlass java/lang/invoke/LambdaForm$DMH
instanceKlass java/lang/invoke/LambdaForm$DMH
instanceKlass java/lang/invoke/LambdaForm$DMH
instanceKlass java/lang/invoke/LambdaForm$DMH
instanceKlass java/lang/invoke/LambdaForm$DMH
instanceKlass java/lang/invoke/LambdaForm$DMH
instanceKlass sun/invoke/empty/Empty
instanceKlass sun/invoke/util/VerifyType
instanceKlass java/lang/invoke/InvokerBytecodeGenerator$2
instanceKlass jdk/internal/org/objectweb/asm/AnnotationVisitor
instanceKlass jdk/internal/org/objectweb/asm/Frame
instanceKlass jdk/internal/org/objectweb/asm/Label
instanceKlass jdk/internal/org/objectweb/asm/Type
instanceKlass jdk/internal/org/objectweb/asm/MethodVisitor
instanceKlass jdk/internal/org/objectweb/asm/Item
instanceKlass jdk/internal/org/objectweb/asm/ByteVector
instanceKlass jdk/internal/org/objectweb/asm/ClassVisitor
instanceKlass java/lang/invoke/InvokerBytecodeGenerator
instanceKlass java/util/Collections$UnmodifiableCollection$1
instanceKlass java/lang/invoke/DirectMethodHandle$Lazy
instanceKlass sun/invoke/util/BytecodeDescriptor
instanceKlass java/lang/invoke/BoundMethodHandle$Factory
instanceKlass java/lang/invoke/BoundMethodHandle$SpeciesData
instanceKlass java/lang/invoke/LambdaForm$NamedFunction
instanceKlass java/lang/invoke/LambdaForm$Name
instanceKlass sun/invoke/util/ValueConversions
instanceKlass sun/invoke/util/VerifyAccess
instanceKlass java/lang/Long$LongCache
instanceKlass java/lang/Character$CharacterCache
instanceKlass java/lang/Short$ShortCache
instanceKlass java/lang/Byte$ByteCache
instanceKlass sun/invoke/util/Wrapper$Format
instanceKlass java/lang/invoke/MethodHandles
instanceKlass java/lang/invoke/Invokers
instanceKlass java/lang/invoke/MethodTypeForm
instanceKlass java/lang/invoke/MethodType$ConcurrentWeakInternSet
instanceKlass java/lang/invoke/MethodHandles$Lookup
instanceKlass java/lang/invoke/LambdaMetafactory
instanceKlass sun/security/action/GetIntegerAction
instanceKlass com/sun/xml/internal/ws/api/wsdl/parser/XMLEntityResolver$Parser
instanceKlass com/sun/xml/internal/ws/policy/jaxws/PolicyMapBuilder
instanceKlass com/sun/xml/internal/ws/policy/jaxws/SafePolicyReader
instanceKlass com/sun/xml/internal/ws/util/Constants
instanceKlass com/sun/istack/internal/logging/Logger
instanceKlass com/sun/xml/internal/ws/wsdl/parser/WSDLParserExtensionContextImpl
instanceKlass com/sun/xml/internal/ws/api/wsdl/parser/WSDLParserExtensionContext
instanceKlass com/sun/xml/internal/ws/model/wsdl/AbstractObjectImpl
instanceKlass com/sun/xml/internal/ws/api/model/wsdl/editable/EditableWSDLModel
instanceKlass com/sun/xml/internal/ws/api/model/wsdl/WSDLModel
instanceKlass com/sun/xml/internal/ws/api/model/wsdl/WSDLExtensible
instanceKlass com/sun/xml/internal/ws/api/model/wsdl/WSDLObject
instanceKlass com/sun/xml/internal/ws/wsdl/parser/EntityResolverWrapper
instanceKlass com/sun/xml/internal/ws/api/wsdl/parser/XMLEntityResolver
instanceKlass com/sun/xml/internal/ws/policy/jaxws/DefaultPolicyResolver
instanceKlass com/sun/xml/internal/ws/api/policy/PolicyResolver
instanceKlass com/sun/xml/internal/ws/api/policy/PolicyResolverFactory
instanceKlass com/sun/xml/internal/ws/wsdl/parser/RuntimeWSDLParser
instanceKlass com/sun/xml/internal/ws/api/wsdl/parser/WSDLParserExtension
instanceKlass com/sun/org/apache/xml/internal/resolver/tools/CatalogResolver
instanceKlass java/util/Vector$1
instanceKlass com/sun/org/apache/xml/internal/resolver/readers/SAXCatalogParser
instanceKlass com/sun/org/apache/xerces/internal/impl/Constants$ArrayEnumeration
instanceKlass com/sun/org/apache/xerces/internal/impl/Constants
instanceKlass com/sun/org/apache/xerces/internal/parsers/AbstractSAXParser$LocatorProxy
instanceKlass org/xml/sax/ext/Locator2
instanceKlass org/xml/sax/Locator
instanceKlass com/sun/org/apache/xerces/internal/util/XMLSymbols
instanceKlass com/sun/org/apache/xerces/internal/util/XMLChar
instanceKlass com/sun/xml/internal/stream/Entity
instanceKlass com/sun/xml/internal/stream/util/BufferAllocator
instanceKlass com/sun/xml/internal/stream/util/ThreadLocalBufferAllocator
instanceKlass com/sun/org/apache/xerces/internal/impl/XMLEntityManager$EncodingInfo
instanceKlass com/sun/org/apache/xerces/internal/utils/XMLLimitAnalyzer
instanceKlass com/sun/org/apache/xerces/internal/xni/parser/XMLInputSource
instanceKlass com/sun/org/apache/xerces/internal/util/ErrorHandlerWrapper
instanceKlass com/sun/org/apache/xerces/internal/xni/parser/XMLErrorHandler
instanceKlass com/sun/org/apache/xerces/internal/impl/ExternalSubsetResolver
instanceKlass com/sun/org/apache/xerces/internal/util/EntityResolverWrapper
instanceKlass org/xml/sax/ext/EntityResolver2
instanceKlass org/xml/sax/InputSource
instanceKlass org/xml/sax/helpers/DefaultHandler
instanceKlass org/xml/sax/DTDHandler
instanceKlass com/sun/org/apache/xerces/internal/parsers/AbstractSAXParser$AttributesProxy
instanceKlass org/xml/sax/ext/Attributes2
instanceKlass org/xml/sax/Attributes
instanceKlass org/xml/sax/AttributeList
instanceKlass com/sun/org/apache/xerces/internal/util/PropertyState
instanceKlass com/sun/org/apache/xerces/internal/util/FeatureState
instanceKlass com/sun/org/apache/xerces/internal/impl/msg/XMLMessageFormatter
instanceKlass com/sun/org/apache/xerces/internal/util/MessageFormatter
instanceKlass com/sun/org/apache/xerces/internal/impl/XMLVersionDetector
instanceKlass com/sun/org/apache/xerces/internal/impl/validation/ValidationManager
instanceKlass java/util/Collections$UnmodifiableMap
instanceKlass com/sun/org/apache/xerces/internal/impl/dv/dtd/NMTOKENDatatypeValidator
instanceKlass com/sun/org/apache/xerces/internal/impl/dv/dtd/NOTATIONDatatypeValidator
instanceKlass com/sun/org/apache/xerces/internal/impl/dv/dtd/ENTITYDatatypeValidator
instanceKlass com/sun/org/apache/xerces/internal/impl/dv/dtd/ListDatatypeValidator
instanceKlass com/sun/org/apache/xerces/internal/impl/dv/dtd/IDREFDatatypeValidator
instanceKlass com/sun/org/apache/xerces/internal/impl/dv/dtd/IDDatatypeValidator
instanceKlass com/sun/org/apache/xerces/internal/impl/dv/dtd/StringDatatypeValidator
instanceKlass com/sun/org/apache/xerces/internal/impl/dv/DatatypeValidator
instanceKlass com/sun/org/apache/xerces/internal/impl/dv/DTDDVFactory
instanceKlass com/sun/org/apache/xerces/internal/impl/dtd/DTDGrammarBucket
instanceKlass com/sun/org/apache/xerces/internal/impl/dtd/XMLAttributeDecl
instanceKlass com/sun/org/apache/xerces/internal/impl/dtd/XMLSimpleType
instanceKlass com/sun/org/apache/xerces/internal/impl/dtd/XMLElementDecl
instanceKlass com/sun/org/apache/xerces/internal/impl/validation/ValidationState
instanceKlass com/sun/org/apache/xerces/internal/impl/dv/ValidationContext
instanceKlass com/sun/org/apache/xerces/internal/impl/dtd/XMLDTDValidator
instanceKlass com/sun/org/apache/xerces/internal/impl/RevalidationHandler
instanceKlass com/sun/org/apache/xerces/internal/impl/dtd/XMLDTDValidatorFilter
instanceKlass com/sun/org/apache/xerces/internal/xni/parser/XMLDocumentFilter
instanceKlass com/sun/org/apache/xerces/internal/impl/dtd/XMLEntityDecl
instanceKlass com/sun/org/apache/xerces/internal/impl/dtd/XMLDTDProcessor
instanceKlass com/sun/org/apache/xerces/internal/xni/parser/XMLDTDContentModelFilter
instanceKlass com/sun/org/apache/xerces/internal/xni/parser/XMLDTDFilter
instanceKlass com/sun/org/apache/xerces/internal/xni/parser/XMLDTDScanner
instanceKlass com/sun/org/apache/xerces/internal/xni/parser/XMLDTDContentModelSource
instanceKlass com/sun/org/apache/xerces/internal/xni/parser/XMLDTDSource
instanceKlass com/sun/org/apache/xerces/internal/xni/grammars/XMLDTDDescription
instanceKlass com/sun/org/apache/xerces/internal/xni/grammars/XMLGrammarDescription
instanceKlass com/sun/org/apache/xerces/internal/impl/XMLDocumentScannerImpl$TrailingMiscDriver
instanceKlass com/sun/org/apache/xerces/internal/impl/XMLDocumentScannerImpl$PrologDriver
instanceKlass com/sun/org/apache/xerces/internal/impl/XMLDocumentScannerImpl$XMLDeclDriver
instanceKlass com/sun/org/apache/xerces/internal/util/NamespaceSupport
instanceKlass com/sun/org/apache/xerces/internal/xni/NamespaceContext
instanceKlass com/sun/org/apache/xerces/internal/util/XMLAttributesImpl$Attribute
instanceKlass com/sun/org/apache/xerces/internal/util/XMLAttributesImpl
instanceKlass com/sun/org/apache/xerces/internal/xni/XMLAttributes
instanceKlass com/sun/org/apache/xerces/internal/impl/XMLDocumentFragmentScannerImpl$FragmentContentDriver
instanceKlass com/sun/org/apache/xerces/internal/impl/XMLDocumentFragmentScannerImpl$Driver
instanceKlass com/sun/org/apache/xerces/internal/impl/XMLDocumentFragmentScannerImpl$ElementStack2
instanceKlass com/sun/org/apache/xerces/internal/xni/QName
instanceKlass com/sun/org/apache/xerces/internal/impl/XMLDocumentFragmentScannerImpl$ElementStack
instanceKlass com/sun/org/apache/xerces/internal/xni/XMLString
instanceKlass com/sun/org/apache/xerces/internal/impl/XMLScanner
instanceKlass com/sun/xml/internal/stream/XMLBufferListener
instanceKlass com/sun/org/apache/xerces/internal/impl/XMLEntityHandler
instanceKlass com/sun/org/apache/xerces/internal/xni/parser/XMLDocumentScanner
instanceKlass com/sun/org/apache/xerces/internal/xni/parser/XMLDocumentSource
instanceKlass com/sun/org/apache/xerces/internal/impl/XMLErrorReporter
instanceKlass com/sun/org/apache/xerces/internal/impl/XMLEntityScanner
instanceKlass com/sun/org/apache/xerces/internal/xni/XMLLocator
instanceKlass com/sun/xml/internal/stream/XMLEntityStorage
instanceKlass com/sun/org/apache/xerces/internal/util/AugmentationsImpl$AugmentationsItemsContainer
instanceKlass com/sun/org/apache/xerces/internal/util/AugmentationsImpl
instanceKlass com/sun/org/apache/xerces/internal/xni/Augmentations
instanceKlass com/sun/org/apache/xerces/internal/util/XMLResourceIdentifierImpl
instanceKlass com/sun/org/apache/xerces/internal/xni/XMLResourceIdentifier
instanceKlass com/sun/org/apache/xerces/internal/impl/XMLEntityManager
instanceKlass com/sun/org/apache/xerces/internal/xni/parser/XMLEntityResolver
instanceKlass com/sun/org/apache/xerces/internal/xni/parser/XMLComponent
instanceKlass com/sun/org/apache/xerces/internal/util/SymbolTable$Entry
instanceKlass com/sun/org/apache/xerces/internal/util/SymbolTable
instanceKlass com/sun/org/apache/xerces/internal/util/ParserConfigurationSettings
instanceKlass com/sun/org/apache/xerces/internal/parsers/XML11Configurable
instanceKlass com/sun/org/apache/xerces/internal/xni/parser/XMLPullParserConfiguration
instanceKlass com/sun/org/apache/xerces/internal/xni/parser/XMLParserConfiguration
instanceKlass com/sun/org/apache/xerces/internal/xni/parser/XMLComponentManager
instanceKlass com/sun/org/apache/xerces/internal/parsers/XMLParser
instanceKlass com/sun/org/apache/xerces/internal/xni/XMLDTDContentModelHandler
instanceKlass com/sun/org/apache/xerces/internal/xni/XMLDTDHandler
instanceKlass com/sun/org/apache/xerces/internal/xni/XMLDocumentHandler
instanceKlass org/xml/sax/XMLReader
instanceKlass org/xml/sax/Parser
instanceKlass com/sun/org/apache/xerces/internal/utils/XMLSecurityPropertyManager
instanceKlass com/sun/org/apache/xerces/internal/utils/SecuritySupport$8
instanceKlass com/sun/org/apache/xerces/internal/utils/XMLSecurityManager
instanceKlass javax/xml/parsers/SAXParser
instanceKlass com/sun/org/apache/xerces/internal/xs/PSVIProvider
instanceKlass com/sun/org/apache/xerces/internal/jaxp/JAXPConstants
instanceKlass sun/net/www/protocol/jar/JarFileFactory
instanceKlass sun/net/www/protocol/jar/URLJarFile$URLJarFileCloseController
instanceKlass java/io/DataInput
instanceKlass com/sun/org/apache/xml/internal/resolver/helpers/FileURL
instanceKlass com/sun/org/apache/xml/internal/resolver/readers/TextCatalogReader
instanceKlass com/sun/org/apache/xml/internal/resolver/readers/SAXCatalogReader
instanceKlass org/xml/sax/DocumentHandler
instanceKlass org/xml/sax/ContentHandler
instanceKlass com/sun/org/apache/xml/internal/resolver/readers/CatalogReader
instanceKlass javax/xml/parsers/SecuritySupport$1
instanceKlass javax/xml/parsers/FactoryFinder$1
instanceKlass javax/xml/parsers/SecuritySupport$5
instanceKlass javax/xml/parsers/SecuritySupport$2
instanceKlass javax/xml/parsers/SecuritySupport
instanceKlass javax/xml/parsers/FactoryFinder
instanceKlass javax/xml/parsers/SAXParserFactory
instanceKlass jdk/xml/internal/SecuritySupport$3
instanceKlass jdk/xml/internal/SecuritySupport$1
instanceKlass jdk/xml/internal/SecuritySupport
instanceKlass jdk/xml/internal/JdkXmlUtils
instanceKlass com/sun/org/apache/xml/internal/resolver/CatalogEntry
instanceKlass com/sun/org/apache/xml/internal/resolver/Catalog
instanceKlass com/sun/org/apache/xml/internal/resolver/helpers/Debug
instanceKlass com/sun/org/apache/xerces/internal/utils/SecuritySupport$4
instanceKlass com/sun/org/apache/xerces/internal/utils/SecuritySupport
instanceKlass com/sun/org/apache/xml/internal/resolver/helpers/BootstrapResolver
instanceKlass javax/xml/transform/URIResolver
instanceKlass org/xml/sax/EntityResolver
instanceKlass com/sun/org/apache/xml/internal/resolver/CatalogManager
instanceKlass com/sun/xml/internal/ws/util/xml/XmlUtil$5
instanceKlass org/xml/sax/ErrorHandler
instanceKlass com/sun/xml/internal/ws/util/xml/ContextClassloaderLocal
instanceKlass com/sun/xml/internal/ws/util/xml/XmlUtil$1
instanceKlass com/sun/xml/internal/ws/util/xml/XmlUtil
instanceKlass java/net/URI$Parser
instanceKlass java/net/URI
instanceKlass com/sun/xml/internal/ws/util/JAXWSUtils
instanceKlass com/sun/xml/internal/ws/api/client/ServiceInterceptor
instanceKlass com/sun/xml/internal/ws/util/ServiceFinder$ServiceName
instanceKlass java/util/NavigableMap
instanceKlass java/util/SortedMap
instanceKlass java/util/NavigableSet
instanceKlass java/util/SortedSet
instanceKlass com/sun/xml/internal/ws/util/ServiceFinder$ServiceNameIterator
instanceKlass java/util/Collections$EmptyIterator
instanceKlass java/util/concurrent/CopyOnWriteArrayList$COWIterator
instanceKlass com/sun/xml/internal/ws/util/ServiceFinder$CompositeIterator
instanceKlass com/sun/xml/internal/ws/util/ServiceFinder$LazyIterator
instanceKlass com/sun/xml/internal/ws/util/ServiceFinder
instanceKlass com/sun/xml/internal/ws/api/client/ServiceInterceptorFactory
instanceKlass com/sun/xml/internal/ws/api/ServiceSharedFeatureMarker
instanceKlass com/sun/xml/internal/ws/api/ResourceLoader
instanceKlass com/sun/xml/internal/ws/api/server/Container
instanceKlass com/sun/xml/internal/ws/api/ComponentEx
instanceKlass com/sun/xml/internal/ws/api/server/ContainerResolver
instanceKlass com/sun/xml/internal/ws/client/HandlerConfigurator
instanceKlass javax/xml/transform/stream/StreamSource
instanceKlass javax/xml/transform/Source
instanceKlass java/util/logging/LogManager$5
instanceKlass java/util/HashMap$HashIterator
instanceKlass sun/reflect/UnsafeFieldAccessorFactory
instanceKlass java/util/logging/LoggingProxyImpl
instanceKlass sun/util/logging/LoggingProxy
instanceKlass sun/util/logging/LoggingSupport$1
instanceKlass sun/util/logging/LoggingSupport
instanceKlass sun/util/logging/PlatformLogger$LoggerProxy
instanceKlass sun/util/logging/PlatformLogger$1
instanceKlass sun/util/logging/PlatformLogger
instanceKlass java/util/logging/LogManager$LoggerContext$1
instanceKlass java/util/ArrayList$Itr
instanceKlass java/util/logging/LogManager$3
instanceKlass java/util/logging/LogManager$2
instanceKlass java/lang/Shutdown$Lock
instanceKlass java/lang/Shutdown
instanceKlass java/lang/ApplicationShutdownHooks$1
instanceKlass java/lang/ApplicationShutdownHooks
instanceKlass java/util/logging/LogManager$LogNode
instanceKlass java/util/logging/LogManager$LoggerContext
instanceKlass java/util/logging/LogManager$1
instanceKlass java/util/logging/LogManager
instanceKlass java/util/concurrent/locks/AbstractQueuedSynchronizer$Node
instanceKlass java/util/concurrent/locks/AbstractOwnableSynchronizer
instanceKlass java/util/concurrent/CopyOnWriteArrayList
instanceKlass java/util/logging/Logger$LoggerBundle
instanceKlass java/util/logging/Level$KnownLevel
instanceKlass java/util/logging/Level
instanceKlass java/util/logging/Handler
instanceKlass java/util/logging/Logger
instanceKlass com/sun/xml/internal/ws/api/WSFeatureList
instanceKlass javax/xml/ws/WebServiceFeature
instanceKlass com/sun/xml/internal/ws/api/WSService$InitParams
instanceKlass javax/xml/ws/spi/ServiceDelegate
instanceKlass com/sun/xml/internal/ws/api/ComponentRegistry
instanceKlass com/sun/xml/internal/ws/api/Component
instanceKlass com/sun/xml/internal/ws/spi/ContextClassloaderLocal
instanceKlass java/net/URLClassLoader$2
instanceKlass javax/xml/ws/spi/FactoryFinder
instanceKlass java/net/URLClassLoader$3$1
instanceKlass sun/misc/CompoundEnumeration
instanceKlass java/net/URLClassLoader$3
instanceKlass sun/misc/URLClassPath$1
instanceKlass java/lang/ClassLoader$2
instanceKlass sun/misc/URLClassPath$2
instanceKlass sun/misc/Launcher$BootClassPathHolder$1
instanceKlass sun/misc/Launcher$BootClassPathHolder
instanceKlass java/util/LinkedHashMap$LinkedHashIterator
instanceKlass java/util/ServiceLoader$1
instanceKlass java/util/ServiceLoader$LazyIterator
instanceKlass java/util/ServiceLoader
instanceKlass javax/xml/ws/spi/Provider
instanceKlass javax/xml/namespace/QName$1
instanceKlass javax/xml/namespace/QName
instanceKlass javax/xml/ws/Service
instanceKlass example/hello/Cliente
instanceKlass java/lang/Void
instanceKlass java/lang/Class$MethodArray
instanceKlass sun/launcher/LauncherHelper$FXHelper
instanceKlass example/hello/Distribuidor
instanceKlass java/io/FilePermission$1
instanceKlass sun/net/www/MessageHeader
instanceKlass java/net/URLConnection
instanceKlass java/security/PermissionCollection
instanceKlass sun/nio/ByteBuffered
instanceKlass java/lang/Package
instanceKlass sun/security/util/ManifestEntryVerifier
instanceKlass sun/security/util/DisabledAlgorithmConstraints$1
instanceKlass sun/security/util/DisabledAlgorithmConstraints$Constraint
instanceKlass java/util/AbstractList$Itr
instanceKlass java/util/regex/Matcher
instanceKlass java/util/regex/MatchResult
instanceKlass sun/security/util/DisabledAlgorithmConstraints$Constraints
instanceKlass java/util/ArrayList$SubList$1
instanceKlass java/util/ListIterator
instanceKlass java/util/Properties$LineReader
instanceKlass java/security/Security$1
instanceKlass java/security/Security
instanceKlass sun/security/util/AbstractAlgorithmConstraints$1
instanceKlass java/util/regex/ASCII
instanceKlass java/util/regex/Pattern$TreeInfo
instanceKlass java/util/regex/Pattern$Node
instanceKlass java/util/regex/Pattern
instanceKlass sun/security/util/AlgorithmDecomposer
instanceKlass sun/security/util/AbstractAlgorithmConstraints
instanceKlass java/security/AlgorithmConstraints
instanceKlass sun/security/util/SignatureFileVerifier
instanceKlass sun/misc/Resource
instanceKlass sun/misc/ExtensionDependency
instanceKlass sun/misc/JarIndex
instanceKlass sun/misc/FileURLMapper
instanceKlass sun/misc/URLClassPath$JarLoader$1
instanceKlass sun/nio/cs/ThreadLocalCoders$Cache
instanceKlass sun/nio/cs/ThreadLocalCoders
instanceKlass sun/misc/URLClassPath$Loader
instanceKlass sun/misc/URLClassPath$3
instanceKlass sun/net/util/URLUtil
instanceKlass java/net/URLClassLoader$1
instanceKlass sun/misc/ASCIICaseInsensitiveComparator
instanceKlass java/util/jar/Attributes$Name
instanceKlass java/util/jar/Attributes
instanceKlass java/util/jar/JarVerifier$3
instanceKlass java/security/CodeSigner
instanceKlass java/util/jar/JarVerifier
instanceKlass sun/misc/IOUtils
instanceKlass java/util/zip/ZipEntry
instanceKlass sun/nio/ch/DirectBuffer
instanceKlass sun/misc/PerfCounter$CoreCounters
instanceKlass sun/misc/Perf
instanceKlass sun/misc/Perf$GetPerfAction
instanceKlass sun/misc/PerfCounter
instanceKlass java/util/zip/ZipCoder
instanceKlass java/util/Deque
instanceKlass java/util/Queue
instanceKlass java/nio/charset/StandardCharsets
instanceKlass java/util/jar/JavaUtilJarAccessImpl
instanceKlass sun/misc/JavaUtilJarAccess
instanceKlass java/util/zip/ZipFile$1
instanceKlass sun/misc/JavaUtilZipFileAccess
instanceKlass java/util/zip/ZipFile
instanceKlass java/util/zip/ZipConstants
instanceKlass java/lang/StringCoding$StringDecoder
instanceKlass java/io/FileOutputStream$1
instanceKlass java/lang/StringCoding$StringEncoder
instanceKlass java/lang/ThreadLocal$ThreadLocalMap
instanceKlass java/lang/StringCoding
instanceKlass sun/usagetracker/UsageTrackerClient$3
instanceKlass sun/usagetracker/UsageTrackerClient$2
instanceKlass sun/usagetracker/UsageTrackerClient$4
instanceKlass sun/usagetracker/UsageTrackerClient$1
instanceKlass java/util/concurrent/atomic/AtomicBoolean
instanceKlass sun/usagetracker/UsageTrackerClient
instanceKlass sun/misc/PostVMInitHook$1
instanceKlass jdk/internal/util/EnvUtils
instanceKlass sun/misc/PostVMInitHook$2
instanceKlass sun/misc/PostVMInitHook
instanceKlass java/lang/invoke/MethodHandleStatics$1
instanceKlass java/lang/invoke/MethodHandleStatics
instanceKlass java/lang/invoke/MemberName$Factory
instanceKlass java/lang/ClassValue$Version
instanceKlass java/lang/ClassValue$Identity
instanceKlass java/lang/ClassValue
instanceKlass java/lang/invoke/MethodHandleImpl$3
instanceKlass java/lang/invoke/MethodHandleImpl$2
instanceKlass java/util/function/Function
instanceKlass java/lang/invoke/MethodHandleImpl$1
instanceKlass java/lang/invoke/MethodHandleImpl
instanceKlass java/lang/SystemClassLoaderAction
instanceKlass sun/misc/Launcher$AppClassLoader$1
instanceKlass sun/misc/URLClassPath
instanceKlass java/security/Principal
instanceKlass java/security/ProtectionDomain$Key
instanceKlass java/security/ProtectionDomain$2
instanceKlass sun/misc/JavaSecurityProtectionDomainAccess
instanceKlass java/security/ProtectionDomain$JavaSecurityAccessImpl
instanceKlass sun/misc/JavaSecurityAccess
instanceKlass sun/net/util/IPAddressUtil
instanceKlass java/net/URLStreamHandler
instanceKlass java/net/Parts
instanceKlass java/util/BitSet
instanceKlass sun/net/www/ParseUtil
instanceKlass java/io/FileInputStream$1
instanceKlass java/lang/CharacterData
instanceKlass sun/util/locale/LocaleUtils
instanceKlass java/util/Locale$LocaleKey
instanceKlass sun/util/locale/BaseLocale$Key
instanceKlass sun/util/locale/BaseLocale
instanceKlass java/util/concurrent/ConcurrentHashMap$CollectionView
instanceKlass java/util/concurrent/ConcurrentHashMap$CounterCell
instanceKlass java/util/concurrent/ConcurrentHashMap$Node
instanceKlass java/util/concurrent/locks/ReentrantLock
instanceKlass java/util/concurrent/locks/Lock
instanceKlass java/util/concurrent/ConcurrentMap
instanceKlass sun/util/locale/LocaleObjectCache
instanceKlass java/util/Locale
instanceKlass java/lang/reflect/Array
instanceKlass java/nio/charset/CoderResult$Cache
instanceKlass java/nio/charset/CoderResult
instanceKlass java/nio/charset/CharsetDecoder
instanceKlass sun/nio/cs/ArrayDecoder
instanceKlass java/io/Reader
instanceKlass java/lang/Readable
instanceKlass sun/misc/MetaIndex
instanceKlass java/util/StringTokenizer
instanceKlass sun/misc/Launcher$ExtClassLoader$1
instanceKlass java/net/URLClassLoader$7
instanceKlass sun/misc/JavaNetAccess
instanceKlass java/lang/ClassLoader$ParallelLoaders
instanceKlass sun/security/util/Debug
instanceKlass sun/misc/Launcher$Factory
instanceKlass java/net/URLStreamHandlerFactory
instanceKlass java/lang/Compiler$1
instanceKlass java/lang/Compiler
instanceKlass java/lang/System$2
instanceKlass sun/misc/JavaLangAccess
instanceKlass sun/io/Win32ErrorMode
instanceKlass sun/misc/OSEnvironment
instanceKlass java/lang/Integer$IntegerCache
instanceKlass sun/misc/NativeSignalHandler
instanceKlass sun/misc/Signal
instanceKlass java/lang/Terminator$1
instanceKlass sun/misc/SignalHandler
instanceKlass java/lang/Terminator
instanceKlass java/lang/ClassLoader$NativeLibrary
instanceKlass java/io/ExpiringCache$Entry
instanceKlass java/lang/ClassLoader$3
instanceKlass java/nio/file/Path
instanceKlass java/nio/file/Watchable
instanceKlass java/lang/Enum
instanceKlass java/io/ExpiringCache
instanceKlass java/io/FileSystem
instanceKlass java/io/DefaultFileSystem
instanceKlass sun/security/action/GetPropertyAction
instanceKlass java/nio/Bits$1
instanceKlass sun/misc/JavaNioAccess
instanceKlass java/nio/ByteOrder
instanceKlass java/nio/Bits
instanceKlass java/nio/charset/CodingErrorAction
instanceKlass java/nio/charset/CharsetEncoder
instanceKlass sun/nio/cs/ArrayEncoder
instanceKlass java/io/Writer
instanceKlass sun/reflect/ReflectionFactory$1
instanceKlass java/lang/Class$1
instanceKlass sun/nio/cs/SingleByte
instanceKlass sun/nio/cs/HistoricallyNamedCharset
instanceKlass java/lang/ThreadLocal
instanceKlass java/nio/charset/spi/CharsetProvider
instanceKlass java/nio/charset/Charset
instanceKlass java/util/Arrays
instanceKlass sun/reflect/misc/ReflectUtil
instanceKlass java/lang/reflect/ReflectAccess
instanceKlass sun/reflect/LangReflectAccess
instanceKlass java/lang/reflect/Modifier
instanceKlass sun/reflect/annotation/AnnotationType
instanceKlass java/lang/Class$AnnotationData
instanceKlass sun/reflect/generics/repository/AbstractRepository
instanceKlass java/lang/Class$Atomic
instanceKlass java/lang/Class$ReflectionData
instanceKlass java/lang/Class$3
instanceKlass java/util/concurrent/atomic/AtomicReferenceFieldUpdater$AtomicReferenceFieldUpdaterImpl$1
instanceKlass java/security/PrivilegedExceptionAction
instanceKlass java/util/concurrent/atomic/AtomicReferenceFieldUpdater
instanceKlass java/io/OutputStream
instanceKlass java/io/Flushable
instanceKlass java/io/FileDescriptor$1
instanceKlass sun/misc/JavaIOFileDescriptorAccess
instanceKlass java/io/FileDescriptor
instanceKlass sun/misc/Version
instanceKlass java/lang/Runtime
instanceKlass java/util/Hashtable$Enumerator
instanceKlass java/util/Iterator
instanceKlass java/util/Enumeration
instanceKlass java/util/Objects
instanceKlass java/util/Collections$SynchronizedCollection
instanceKlass java/lang/Math
instanceKlass java/util/Hashtable$Entry
instanceKlass sun/misc/VM
instanceKlass java/util/HashMap$Node
instanceKlass java/util/Map$Entry
instanceKlass sun/reflect/Reflection
instanceKlass sun/misc/SharedSecrets
instanceKlass java/lang/ref/Reference$1
instanceKlass sun/misc/JavaLangRefAccess
instanceKlass java/lang/ref/ReferenceQueue$Lock
instanceKlass java/util/Collections$UnmodifiableCollection
instanceKlass java/util/AbstractMap
instanceKlass java/util/Set
instanceKlass java/util/Collections
instanceKlass java/lang/ref/Reference$Lock
instanceKlass sun/reflect/ReflectionFactory
instanceKlass java/util/AbstractCollection
instanceKlass java/util/RandomAccess
instanceKlass java/util/List
instanceKlass java/util/Collection
instanceKlass java/lang/Iterable
instanceKlass java/security/cert/Certificate
instanceKlass sun/reflect/ReflectionFactory$GetReflectionFactoryAction
instanceKlass java/security/PrivilegedAction
instanceKlass java/security/AccessController
instanceKlass java/security/Permission
instanceKlass java/security/Guard
instanceKlass java/lang/String$CaseInsensitiveComparator
instanceKlass java/util/Comparator
instanceKlass java/io/ObjectStreamField
instanceKlass java/lang/Number
instanceKlass java/lang/Character
instanceKlass java/lang/Boolean
instanceKlass java/nio/Buffer
instanceKlass java/lang/StackTraceElement
instanceKlass java/security/CodeSource
instanceKlass sun/misc/Launcher
instanceKlass java/util/jar/Manifest
instanceKlass java/net/URL
instanceKlass java/io/File
instanceKlass java/io/InputStream
instanceKlass java/io/Closeable
instanceKlass java/lang/AutoCloseable
instanceKlass sun/misc/Unsafe
instanceKlass java/lang/AbstractStringBuilder
instanceKlass java/lang/Appendable
instanceKlass java/lang/invoke/CallSite
instanceKlass java/lang/invoke/MethodType
instanceKlass java/lang/invoke/LambdaForm
instanceKlass java/lang/invoke/MethodHandleNatives
instanceKlass java/lang/invoke/MemberName
instanceKlass java/lang/invoke/MethodHandle
instanceKlass sun/reflect/CallerSensitive
instanceKlass java/lang/annotation/Annotation
instanceKlass sun/reflect/FieldAccessor
instanceKlass sun/reflect/ConstantPool
instanceKlass sun/reflect/ConstructorAccessor
instanceKlass sun/reflect/MethodAccessor
instanceKlass sun/reflect/MagicAccessorImpl
instanceKlass java/lang/reflect/Parameter
instanceKlass java/lang/reflect/Member
instanceKlass java/lang/reflect/AccessibleObject
instanceKlass java/util/Dictionary
instanceKlass java/util/Map
instanceKlass java/lang/ThreadGroup
instanceKlass java/lang/Thread$UncaughtExceptionHandler
instanceKlass java/lang/Thread
instanceKlass java/lang/Runnable
instanceKlass java/lang/ref/ReferenceQueue
instanceKlass java/lang/ref/Reference
instanceKlass java/security/AccessControlContext
instanceKlass java/security/ProtectionDomain
instanceKlass java/lang/SecurityManager
instanceKlass java/lang/Throwable
instanceKlass java/lang/System
instanceKlass java/lang/ClassLoader
instanceKlass java/lang/Cloneable
instanceKlass java/lang/Class
instanceKlass java/lang/reflect/Type
instanceKlass java/lang/reflect/GenericDeclaration
instanceKlass java/lang/reflect/AnnotatedElement
instanceKlass java/lang/String
instanceKlass java/lang/CharSequence
instanceKlass java/lang/Comparable
instanceKlass java/io/Serializable
