#
# There is insufficient memory for the Java Runtime Environment to continue.
# Native memory allocation (malloc) failed to allocate 32784 bytes for Chunk::new
# Possible reasons:
#   The system is out of physical RAM or swap space
#   The process is running with CompressedOops enabled, and the Java Heap may be blocking the growth of the native heap
# Possible solutions:
#   Reduce memory load on the system
#   Increase physical memory or swap space
#   Check if swap backing store is full
#   Decrease Java heap size (-Xmx/-Xms)
#   Decrease number of Java threads
#   Decrease Java thread stack sizes (-Xss)
#   Set larger code cache with -XX:ReservedCodeCacheSize=
#   JVM is running with Unscaled Compressed Oops mode in which the Java heap is
#     placed in the first 4GB address space. The Java Heap base address is the
#     maximum limit for the native heap growth. Please use -XX:HeapBaseMinAddress
#     to set the Java Heap base and to place the Java Heap above 4GB virtual address.
# This output file may be truncated or incomplete.
#
#  Out of Memory Error (allocation.cpp:389), pid=4188, tid=0x000000000000387c
#
# JRE version: Java(TM) SE Runtime Environment (8.0_261-b12) (build 1.8.0_261-b12)
# Java VM: Java HotSpot(TM) 64-Bit Server VM (25.261-b12 mixed mode windows-amd64 compressed oops)
# Failed to write core dump. Minidumps are not enabled by default on client versions of Windows
#

---------------  T H R E A D  ---------------

Current thread (0x00000216cecb8800):  JavaThread "C2 CompilerThread2" daemon [_thread_in_native, id=14460, stack(0x000000bf91b00000,0x000000bf91c00000)]

Stack: [0x000000bf91b00000,0x000000bf91c00000]
Native frames: (J=compiled Java code, j=interpreted, Vv=VM code, C=native code)
V  [jvm.dll+0x33e5f9]


Current CompileTask:
C2:  29025 2718   !   4       sun.net.www.ParseUtil::decode (316 bytes)


---------------  P R O C E S S  ---------------

Java Threads: ( => current thread )
  0x00000216d0d41800 JavaThread "Keep-Alive-Timer" daemon [_thread_blocked, id=9000, stack(0x000000bf91f00000,0x000000bf92000000)]
  0x00000216d03da800 JavaThread "GC Daemon" daemon [_thread_blocked, id=20700, stack(0x000000bf92200000,0x000000bf92300000)]
  0x00000216d03d9800 JavaThread "RMI RenewClean-[192.168.0.10:49228]" daemon [_thread_blocked, id=22148, stack(0x000000bf92100000,0x000000bf92200000)]
  0x00000216d03ce800 JavaThread "RMI Scheduler(0)" daemon [_thread_blocked, id=10380, stack(0x000000bf92000000,0x000000bf92100000)]
  0x00000216d0010800 JavaThread "Service Thread" daemon [_thread_blocked, id=21008, stack(0x000000bf91d00000,0x000000bf91e00000)]
  0x00000216cecbb800 JavaThread "C1 CompilerThread3" daemon [_thread_blocked, id=13580, stack(0x000000bf91c00000,0x000000bf91d00000)]
=>0x00000216cecb8800 JavaThread "C2 CompilerThread2" daemon [_thread_in_native, id=14460, stack(0x000000bf91b00000,0x000000bf91c00000)]
  0x00000216cecad800 JavaThread "C2 CompilerThread1" daemon [_thread_in_native, id=12192, stack(0x000000bf91a00000,0x000000bf91b00000)]
  0x00000216cec5b000 JavaThread "C2 CompilerThread0" daemon [_thread_in_native, id=15660, stack(0x000000bf91900000,0x000000bf91a00000)]
  0x00000216cec58000 JavaThread "Attach Listener" daemon [_thread_blocked, id=25204, stack(0x000000bf91800000,0x000000bf91900000)]
  0x00000216cec57000 JavaThread "Signal Dispatcher" daemon [_thread_blocked, id=7328, stack(0x000000bf91700000,0x000000bf91800000)]
  0x00000216cec3a800 JavaThread "Finalizer" daemon [_thread_blocked, id=23972, stack(0x000000bf91600000,0x000000bf91700000)]
  0x00000216b83a4000 JavaThread "Reference Handler" daemon [_thread_blocked, id=7888, stack(0x000000bf91500000,0x000000bf91600000)]
  0x00000216b8194000 JavaThread "main" [_thread_in_native, id=5776, stack(0x000000bf90b00000,0x000000bf90c00000)]

Other Threads:
  0x00000216cec14000 VMThread [stack: 0x000000bf91400000,0x000000bf91500000] [id=17512]
  0x00000216ceced800 WatcherThread [stack: 0x000000bf91e00000,0x000000bf91f00000] [id=2928]

VM state:not at safepoint (normal execution)

VM Mutex/Monitor currently owned by a thread: None

heap address: 0x0000000082e00000, size: 2002 MB, Compressed Oops mode: 32-bit
Narrow klass base: 0x0000000000000000, Narrow klass shift: 3
Compressed class space size: 1073741824 Address: 0x0000000100000000

Heap:
 PSYoungGen      total 37888K, used 31803K [0x00000000d6500000, 0x00000000daf00000, 0x0000000100000000)
  eden space 32768K, 84% used [0x00000000d6500000,0x00000000d8002d70,0x00000000d8500000)
  from space 5120K, 80% used [0x00000000d8500000,0x00000000d890c010,0x00000000d8a00000)
  to   space 5120K, 0% used [0x00000000daa00000,0x00000000daa00000,0x00000000daf00000)
 ParOldGen       total 86016K, used 1310K [0x0000000082e00000, 0x0000000088200000, 0x00000000d6500000)
  object space 86016K, 1% used [0x0000000082e00000,0x0000000082f47800,0x0000000088200000)
 Metaspace       used 14068K, capacity 14420K, committed 14592K, reserved 1062912K
  class space    used 1678K, capacity 1788K, committed 1792K, reserved 1048576K

Card table byte_map: [0x00000216c8f40000,0x00000216c9330000] byte_map_base: 0x00000216c8b29000

Marking Bits: (ParMarkBitMap*) 0x0000000075ca4fb0
 Begin Bits: [0x00000216c95d0000, 0x00000216cb518000)
 End Bits:   [0x00000216cb518000, 0x00000216cd460000)

Polling page: 0x00000216b8150000

CodeCache: size=245760Kb used=9546Kb max_used=9554Kb free=236213Kb
 bounds [0x00000216b9b80000, 0x00000216ba4e0000, 0x00000216c8b80000]
 total_blobs=3086 nmethods=2742 adapters=256
 compilation: enabled

Compilation events (10 events):
Event: 28.884 Thread 0x00000216cecbb800 2715       3       com.sun.xml.internal.bind.v2.model.impl.ElementInfoImpl$PropertyImpl::isCollection (8 bytes)
Event: 28.884 Thread 0x00000216cecbb800 nmethod 2715 0x00000216ba4b6e90 code [0x00000216ba4b6fe0, 0x00000216ba4b7158]
Event: 28.884 Thread 0x00000216cecbb800 2716       3       com.sun.xml.internal.bind.v2.model.impl.RuntimeElementInfoImpl$RuntimePropertyImpl::ref (5 bytes)
Event: 28.884 Thread 0x00000216cecbb800 nmethod 2716 0x00000216ba4b6550 code [0x00000216ba4b66e0, 0x00000216ba4b6b58]
Event: 28.884 Thread 0x00000216cecbb800 2717       3       com.sun.xml.internal.bind.v2.model.impl.RuntimeElementInfoImpl$RuntimePropertyImpl::getTarget (5 bytes)
Event: 28.884 Thread 0x00000216cecbb800 nmethod 2717 0x00000216ba4c2190 code [0x00000216ba4c2300, 0x00000216ba4c2638]
Event: 28.885 Thread 0x00000216cecbb800 2719   !   3       java.security.BasicPermissionCollection::add (168 bytes)
Event: 28.886 Thread 0x00000216cecbb800 nmethod 2719 0x00000216ba4c2790 code [0x00000216ba4c2ac0, 0x00000216ba4c4af0]
Event: 28.887 Thread 0x00000216cecbb800 2720       3       com.sun.xml.internal.ws.handler.MessageUpdatableContext::updatePacket (5 bytes)
Event: 28.887 Thread 0x00000216cecbb800 nmethod 2720 0x00000216ba4c5710 code [0x00000216ba4c5880, 0x00000216ba4c5a90]

GC Heap History (8 events):
Event: 1.529 GC heap before
{Heap before GC invocations=1 (full 0):
 PSYoungGen      total 37888K, used 5898K [0x00000000d6500000, 0x00000000d8f00000, 0x0000000100000000)
  eden space 32768K, 18% used [0x00000000d6500000,0x00000000d6ac2a48,0x00000000d8500000)
  from space 5120K, 0% used [0x00000000d8a00000,0x00000000d8a00000,0x00000000d8f00000)
  to   space 5120K, 0% used [0x00000000d8500000,0x00000000d8500000,0x00000000d8a00000)
 ParOldGen       total 86016K, used 0K [0x0000000082e00000, 0x0000000088200000, 0x00000000d6500000)
  object space 86016K, 0% used [0x0000000082e00000,0x0000000082e00000,0x0000000088200000)
 Metaspace       used 8675K, capacity 8876K, committed 9088K, reserved 1056768K
  class space    used 1060K, capacity 1120K, committed 1152K, reserved 1048576K
Event: 1.534 GC heap after
Heap after GC invocations=1 (full 0):
 PSYoungGen      total 37888K, used 1360K [0x00000000d6500000, 0x00000000d8f00000, 0x0000000100000000)
  eden space 32768K, 0% used [0x00000000d6500000,0x00000000d6500000,0x00000000d8500000)
  from space 5120K, 26% used [0x00000000d8500000,0x00000000d8654010,0x00000000d8a00000)
  to   space 5120K, 0% used [0x00000000d8a00000,0x00000000d8a00000,0x00000000d8f00000)
 ParOldGen       total 86016K, used 72K [0x0000000082e00000, 0x0000000088200000, 0x00000000d6500000)
  object space 86016K, 0% used [0x0000000082e00000,0x0000000082e12010,0x0000000088200000)
 Metaspace       used 8675K, capacity 8876K, committed 9088K, reserved 1056768K
  class space    used 1060K, capacity 1120K, committed 1152K, reserved 1048576K
}
Event: 1.534 GC heap before
{Heap before GC invocations=2 (full 1):
 PSYoungGen      total 37888K, used 1360K [0x00000000d6500000, 0x00000000d8f00000, 0x0000000100000000)
  eden space 32768K, 0% used [0x00000000d6500000,0x00000000d6500000,0x00000000d8500000)
  from space 5120K, 26% used [0x00000000d8500000,0x00000000d8654010,0x00000000d8a00000)
  to   space 5120K, 0% used [0x00000000d8a00000,0x00000000d8a00000,0x00000000d8f00000)
 ParOldGen       total 86016K, used 72K [0x0000000082e00000, 0x0000000088200000, 0x00000000d6500000)
  object space 86016K, 0% used [0x0000000082e00000,0x0000000082e12010,0x0000000088200000)
 Metaspace       used 8675K, capacity 8876K, committed 9088K, reserved 1056768K
  class space    used 1060K, capacity 1120K, committed 1152K, reserved 1048576K
Event: 1.550 GC heap after
Heap after GC invocations=2 (full 1):
 PSYoungGen      total 37888K, used 0K [0x00000000d6500000, 0x00000000d8f00000, 0x0000000100000000)
  eden space 32768K, 0% used [0x00000000d6500000,0x00000000d6500000,0x00000000d8500000)
  from space 5120K, 0% used [0x00000000d8500000,0x00000000d8500000,0x00000000d8a00000)
  to   space 5120K, 0% used [0x00000000d8a00000,0x00000000d8a00000,0x00000000d8f00000)
 ParOldGen       total 86016K, used 1302K [0x0000000082e00000, 0x0000000088200000, 0x00000000d6500000)
  object space 86016K, 1% used [0x0000000082e00000,0x0000000082f45800,0x0000000088200000)
 Metaspace       used 8675K, capacity 8876K, committed 9088K, reserved 1056768K
  class space    used 1060K, capacity 1120K, committed 1152K, reserved 1048576K
}
Event: 14.146 GC heap before
{Heap before GC invocations=3 (full 1):
 PSYoungGen      total 37888K, used 32768K [0x00000000d6500000, 0x00000000d8f00000, 0x0000000100000000)
  eden space 32768K, 100% used [0x00000000d6500000,0x00000000d8500000,0x00000000d8500000)
  from space 5120K, 0% used [0x00000000d8500000,0x00000000d8500000,0x00000000d8a00000)
  to   space 5120K, 0% used [0x00000000d8a00000,0x00000000d8a00000,0x00000000d8f00000)
 ParOldGen       total 86016K, used 1302K [0x0000000082e00000, 0x0000000088200000, 0x00000000d6500000)
  object space 86016K, 1% used [0x0000000082e00000,0x0000000082f45800,0x0000000088200000)
 Metaspace       used 13609K, capacity 13972K, committed 14080K, reserved 1060864K
  class space    used 1677K, capacity 1788K, committed 1792K, reserved 1048576K
Event: 14.445 GC heap after
Heap after GC invocations=3 (full 1):
 PSYoungGen      total 37888K, used 3360K [0x00000000d6500000, 0x00000000daf00000, 0x0000000100000000)
  eden space 32768K, 0% used [0x00000000d6500000,0x00000000d6500000,0x00000000d8500000)
  from space 5120K, 65% used [0x00000000d8a00000,0x00000000d8d48020,0x00000000d8f00000)
  to   space 5120K, 0% used [0x00000000d8500000,0x00000000d8500000,0x00000000d8a00000)
 ParOldGen       total 86016K, used 1302K [0x0000000082e00000, 0x0000000088200000, 0x00000000d6500000)
  object space 86016K, 1% used [0x0000000082e00000,0x0000000082f45800,0x0000000088200000)
 Metaspace       used 13609K, capacity 13972K, committed 14080K, reserved 1060864K
  class space    used 1677K, capacity 1788K, committed 1792K, reserved 1048576K
}
Event: 22.581 GC heap before
{Heap before GC invocations=4 (full 1):
 PSYoungGen      total 37888K, used 36128K [0x00000000d6500000, 0x00000000daf00000, 0x0000000100000000)
  eden space 32768K, 100% used [0x00000000d6500000,0x00000000d8500000,0x00000000d8500000)
  from space 5120K, 65% used [0x00000000d8a00000,0x00000000d8d48020,0x00000000d8f00000)
  to   space 5120K, 0% used [0x00000000d8500000,0x00000000d8500000,0x00000000d8a00000)
 ParOldGen       total 86016K, used 1302K [0x0000000082e00000, 0x0000000088200000, 0x00000000d6500000)
  object space 86016K, 1% used [0x0000000082e00000,0x0000000082f45800,0x0000000088200000)
 Metaspace       used 13913K, capacity 14228K, committed 14336K, reserved 1062912K
  class space    used 1678K, capacity 1788K, committed 1792K, reserved 1048576K
Event: 22.648 GC heap after
Heap after GC invocations=4 (full 1):
 PSYoungGen      total 37888K, used 4144K [0x00000000d6500000, 0x00000000daf00000, 0x0000000100000000)
  eden space 32768K, 0% used [0x00000000d6500000,0x00000000d6500000,0x00000000d8500000)
  from space 5120K, 80% used [0x00000000d8500000,0x00000000d890c010,0x00000000d8a00000)
  to   space 5120K, 0% used [0x00000000daa00000,0x00000000daa00000,0x00000000daf00000)
 ParOldGen       total 86016K, used 1310K [0x0000000082e00000, 0x0000000088200000, 0x00000000d6500000)
  object space 86016K, 1% used [0x0000000082e00000,0x0000000082f47800,0x0000000088200000)
 Metaspace       used 13913K, capacity 14228K, committed 14336K, reserved 1062912K
  class space    used 1678K, capacity 1788K, committed 1792K, reserved 1048576K
}

Deoptimization events (1 events):
Event: 6.730 Thread 0x00000216b8194000 Uncommon trap: reason=range_check action=make_not_entrant pc=0x00000216b9d97060 method=sun.reflect.generics.parser.SignatureParser.current()C @ 34

Classes redefined (0 events):
No events

Internal exceptions (10 events):
Event: 28.754 Thread 0x00000216b8194000 Exception <a 'java/lang/ClassNotFoundException': com/sun/org/glassfish/hk2/osgiresourcelocator/ServiceLoader> (0x00000000d7b599a8) thrown at [C:\jenkins\workspace\8-2-build-windows-amd64-cygwin\jdk8u261\295\hotspot\src\share\vm\classfile\systemDictionary.
Event: 28.771 Thread 0x00000216b8194000 Exception <a 'java/lang/ClassNotFoundException': javax/servlet/ServletContext> (0x00000000d7baf5d8) thrown at [C:\jenkins\workspace\8-2-build-windows-amd64-cygwin\jdk8u261\295\hotspot\src\share\vm\classfile\systemDictionary.cpp, line 210]
Event: 28.853 Thread 0x00000216b8194000 Exception <a 'java/lang/ClassNotFoundException': com/sun/org/glassfish/hk2/osgiresourcelocator/ServiceLoader> (0x00000000d7bd0ff8) thrown at [C:\jenkins\workspace\8-2-build-windows-amd64-cygwin\jdk8u261\295\hotspot\src\share\vm\classfile\systemDictionary.
Event: 28.857 Thread 0x00000216b8194000 Exception <a 'java/lang/ClassNotFoundException': javax/servlet/ServletContext> (0x00000000d7c266c8) thrown at [C:\jenkins\workspace\8-2-build-windows-amd64-cygwin\jdk8u261\295\hotspot\src\share\vm\classfile\systemDictionary.cpp, line 210]
Event: 28.862 Thread 0x00000216b8194000 Exception <a 'java/lang/ClassNotFoundException': com/sun/org/glassfish/hk2/osgiresourcelocator/ServiceLoader> (0x00000000d7c480e0) thrown at [C:\jenkins\workspace\8-2-build-windows-amd64-cygwin\jdk8u261\295\hotspot\src\share\vm\classfile\systemDictionary.
Event: 28.865 Thread 0x00000216b8194000 Exception <a 'java/lang/ClassNotFoundException': javax/servlet/ServletContext> (0x00000000d7c9d790) thrown at [C:\jenkins\workspace\8-2-build-windows-amd64-cygwin\jdk8u261\295\hotspot\src\share\vm\classfile\systemDictionary.cpp, line 210]
Event: 28.870 Thread 0x00000216b8194000 Exception <a 'java/lang/ClassNotFoundException': com/sun/org/glassfish/hk2/osgiresourcelocator/ServiceLoader> (0x00000000d7cbf1d0) thrown at [C:\jenkins\workspace\8-2-build-windows-amd64-cygwin\jdk8u261\295\hotspot\src\share\vm\classfile\systemDictionary.
Event: 28.875 Thread 0x00000216b8194000 Exception <a 'java/lang/ClassNotFoundException': javax/servlet/ServletContext> (0x00000000d7d14878) thrown at [C:\jenkins\workspace\8-2-build-windows-amd64-cygwin\jdk8u261\295\hotspot\src\share\vm\classfile\systemDictionary.cpp, line 210]
Event: 28.880 Thread 0x00000216b8194000 Exception <a 'java/lang/ClassNotFoundException': com/sun/org/glassfish/hk2/osgiresourcelocator/ServiceLoader> (0x00000000d7d362b0) thrown at [C:\jenkins\workspace\8-2-build-windows-amd64-cygwin\jdk8u261\295\hotspot\src\share\vm\classfile\systemDictionary.
Event: 28.884 Thread 0x00000216b8194000 Exception <a 'java/lang/ClassNotFoundException': javax/servlet/ServletContext> (0x00000000d7d8be18) thrown at [C:\jenkins\workspace\8-2-build-windows-amd64-cygwin\jdk8u261\295\hotspot\src\share\vm\classfile\systemDictionary.cpp, line 210]

Events (10 events):
Event: 28.865 loading class javax/servlet/ServletContext
Event: 28.865 loading class javax/servlet/ServletContext done
Event: 28.870 loading class com/sun/org/glassfish/hk2/osgiresourcelocator/ServiceLoader
Event: 28.870 loading class com/sun/org/glassfish/hk2/osgiresourcelocator/ServiceLoader done
Event: 28.875 loading class javax/servlet/ServletContext
Event: 28.875 loading class javax/servlet/ServletContext done
Event: 28.880 loading class com/sun/org/glassfish/hk2/osgiresourcelocator/ServiceLoader
Event: 28.880 loading class com/sun/org/glassfish/hk2/osgiresourcelocator/ServiceLoader done
Event: 28.884 loading class javax/servlet/ServletContext
Event: 28.884 loading class javax/servlet/ServletContext done


Dynamic libraries:
0x00007ff799540000 - 0x00007ff799587000 	C:\Program Files\Java\jre1.8.0_261\bin\java.exe
0x00007ff97e500000 - 0x00007ff97e6f0000 	C:\WINDOWS\SYSTEM32\ntdll.dll
0x00007ff97d090000 - 0x00007ff97d142000 	C:\WINDOWS\System32\KERNEL32.DLL
0x00007ff97c000000 - 0x00007ff97c2a4000 	C:\WINDOWS\System32\KERNELBASE.dll
0x00007ff97cca0000 - 0x00007ff97cd43000 	C:\WINDOWS\System32\ADVAPI32.dll
0x00007ff97e300000 - 0x00007ff97e39e000 	C:\WINDOWS\System32\msvcrt.dll
0x00007ff97cff0000 - 0x00007ff97d087000 	C:\WINDOWS\System32\sechost.dll
0x00007ff97e3a0000 - 0x00007ff97e4c0000 	C:\WINDOWS\System32\RPCRT4.dll
0x00007ff97dff0000 - 0x00007ff97e185000 	C:\WINDOWS\System32\USER32.dll
0x00007ff97c580000 - 0x00007ff97c5a1000 	C:\WINDOWS\System32\win32u.dll
0x00007ff97cd50000 - 0x00007ff97cd76000 	C:\WINDOWS\System32\GDI32.dll
0x00007ff97b4b0000 - 0x00007ff97b646000 	C:\WINDOWS\System32\gdi32full.dll
0x00007ff97b650000 - 0x00007ff97b6ee000 	C:\WINDOWS\System32\msvcp_win.dll
0x00007ff97c2d0000 - 0x00007ff97c3ca000 	C:\WINDOWS\System32\ucrtbase.dll
0x00007ff961870000 - 0x00007ff961af4000 	C:\WINDOWS\WinSxS\amd64_microsoft.windows.common-controls_6595b64144ccf1df_6.0.18362.1016_none_9e7a36bbe461dae4\COMCTL32.dll
0x00007ff97d350000 - 0x00007ff97d685000 	C:\WINDOWS\System32\combase.dll
0x00007ff97bf80000 - 0x00007ff97c000000 	C:\WINDOWS\System32\bcryptPrimitives.dll
0x00007ff97e2c0000 - 0x00007ff97e2ee000 	C:\WINDOWS\System32\IMM32.DLL
0x00007ff969cb0000 - 0x00007ff969cc5000 	C:\Program Files\Java\jre1.8.0_261\bin\vcruntime140.dll
0x00007ff932030000 - 0x00007ff9320cb000 	C:\Program Files\Java\jre1.8.0_261\bin\msvcp140.dll
0x00000000754b0000 - 0x0000000075d1c000 	C:\Program Files\Java\jre1.8.0_261\bin\server\jvm.dll
0x00007ff97e2f0000 - 0x00007ff97e2f8000 	C:\WINDOWS\System32\PSAPI.DLL
0x00007ff93eb30000 - 0x00007ff93eb39000 	C:\WINDOWS\SYSTEM32\WSOCK32.dll
0x00007ff97df80000 - 0x00007ff97dfef000 	C:\WINDOWS\System32\WS2_32.dll
0x00007ff970a80000 - 0x00007ff970aa4000 	C:\WINDOWS\SYSTEM32\WINMM.dll
0x00007ff970b80000 - 0x00007ff970b8a000 	C:\WINDOWS\SYSTEM32\VERSION.dll
0x00007ff970a50000 - 0x00007ff970a7d000 	C:\WINDOWS\SYSTEM32\WINMMBASE.dll
0x00007ff97b6f0000 - 0x00007ff97b73a000 	C:\WINDOWS\System32\cfgmgr32.dll
0x00007ff97b3c0000 - 0x00007ff97b3d1000 	C:\WINDOWS\System32\kernel.appcore.dll
0x00007ff969b90000 - 0x00007ff969ba0000 	C:\Program Files\Java\jre1.8.0_261\bin\verify.dll
0x00007ff93f0e0000 - 0x00007ff93f10b000 	C:\Program Files\Java\jre1.8.0_261\bin\java.dll
0x00007ff969910000 - 0x00007ff969928000 	C:\Program Files\Java\jre1.8.0_261\bin\zip.dll
0x00007ff97c5b0000 - 0x00007ff97cc97000 	C:\WINDOWS\System32\SHELL32.dll
0x00007ff97cec0000 - 0x00007ff97cf69000 	C:\WINDOWS\System32\shcore.dll
0x00007ff97b740000 - 0x00007ff97bec2000 	C:\WINDOWS\System32\windows.storage.dll
0x00007ff97b430000 - 0x00007ff97b453000 	C:\WINDOWS\System32\profapi.dll
0x00007ff97b3e0000 - 0x00007ff97b42a000 	C:\WINDOWS\System32\powrprof.dll
0x00007ff97b3b0000 - 0x00007ff97b3c0000 	C:\WINDOWS\System32\UMPDC.dll
0x00007ff97d210000 - 0x00007ff97d262000 	C:\WINDOWS\System32\shlwapi.dll
0x00007ff97c2b0000 - 0x00007ff97c2c7000 	C:\WINDOWS\System32\cryptsp.dll
0x00007ff95f400000 - 0x00007ff95f41c000 	C:\Program Files\Java\jre1.8.0_261\bin\net.dll
0x00007ff97ac10000 - 0x00007ff97ac77000 	C:\WINDOWS\system32\mswsock.dll
0x00007ff97a780000 - 0x00007ff97a7b3000 	C:\WINDOWS\system32\rsaenh.dll
0x00007ff97b480000 - 0x00007ff97b4a6000 	C:\WINDOWS\System32\bcrypt.dll
0x00007ff97b2d0000 - 0x00007ff97b2f5000 	C:\WINDOWS\SYSTEM32\USERENV.dll
0x00007ff97ade0000 - 0x00007ff97adec000 	C:\WINDOWS\SYSTEM32\CRYPTBASE.dll
0x00007ff97a920000 - 0x00007ff97a95a000 	C:\WINDOWS\SYSTEM32\IPHLPAPI.DLL
0x00007ff97d690000 - 0x00007ff97d698000 	C:\WINDOWS\System32\NSI.dll
0x00007ff971960000 - 0x00007ff971976000 	C:\WINDOWS\SYSTEM32\dhcpcsvc6.DLL
0x00007ff971b70000 - 0x00007ff971b8c000 	C:\WINDOWS\SYSTEM32\dhcpcsvc.DLL
0x00007ff97a960000 - 0x00007ff97aa2b000 	C:\WINDOWS\SYSTEM32\DNSAPI.dll
0x00007ff948700000 - 0x00007ff948713000 	C:\Program Files\Java\jre1.8.0_261\bin\nio.dll
0x00007ff947920000 - 0x00007ff947936000 	C:\WINDOWS\system32\napinsp.dll
0x00007ff947680000 - 0x00007ff94769a000 	C:\WINDOWS\system32\pnrpnsp.dll
0x00007ff947540000 - 0x00007ff94754e000 	C:\WINDOWS\System32\winrnr.dll
0x00007ff971fb0000 - 0x00007ff971fcc000 	C:\WINDOWS\system32\NLAapi.dll
0x00007ff968b00000 - 0x00007ff968b15000 	C:\WINDOWS\system32\wshbth.dll
0x00007ff9695f0000 - 0x00007ff9695fa000 	C:\Windows\System32\rasadhlp.dll
0x00007ff9711d0000 - 0x00007ff971247000 	C:\WINDOWS\System32\fwpuclnt.dll

VM Arguments:
jvm_args: -Djava.rmi.server.codebase=file:C:\Users\aalex\Documents\NetBeansProjects\Tarea01\RMITarea01\tstRMI.jar 
java_command: C:\Users\aalex\Documents\NetBeansProjects\Tarea01\RMITarea01\tstRMI.jar Cliente localhost 200
java_class_path (initial): C:\Users\aalex\Documents\NetBeansProjects\Tarea01\RMITarea01\tstRMI.jar
Launcher Type: SUN_STANDARD

Environment Variables:
CLASSPATH=.;C:\Program Files\Java\jre1.8.0_261;
PATH=C:\Program Files\Java\jre1.8.0_261\bin;C:\Program Files (x86)\Common Files\Oracle\Java\javapath;C:\WINDOWS\system32;C:\WINDOWS;C:\WINDOWS\System32\Wbem;C:\WINDOWS\System32\WindowsPowerShell\v1.0\;C:\WINDOWS\System32\OpenSSH\;C:\Program Files\Git\cmd;C:\Program Files\MATLAB\R2019b\bin;C:\Program Files\nodejs\;C:\Program Files\PuTTY\;C:\Users\aalex\AppData\Local\Microsoft\WindowsApps;;C:\Users\aalex\AppData\Local\Programs\Microsoft VS Code\bin;C:\Users\aalex\AppData\Roaming\npm
USERNAME=aalex
OS=Windows_NT
PROCESSOR_IDENTIFIER=Intel64 Family 6 Model 142 Stepping 12, GenuineIntel



---------------  S Y S T E M  ---------------

OS: Windows 10.0 , 64 bit Build 18362 (10.0.18362.959)

CPU:total 8 (initial active 8) (4 cores per cpu, 2 threads per core) family 6 model 142 stepping 12, cmov, cx8, fxsr, mmx, sse, sse2, sse3, ssse3, sse4.1, sse4.2, popcnt, avx, avx2, aes, clmul, erms, 3dnowpref, lzcnt, ht, tsc, tscinvbit, bmi1, bmi2, adx

Memory: 4k page, physical 8197876k(294600k free), swap 23663728k(0k free)

vm_info: Java HotSpot(TM) 64-Bit Server VM (25.261-b12) for windows-amd64 JRE (1.8.0_261-b12), built on Jun 18 2020 06:56:32 by "" with unknown MS VC++:1916

time: Sun Aug 16 17:06:17 2020
timezone: Central Daylight Time (Mexico)
elapsed time: 29 seconds (0d 0h 0m 29s)

