#
# There is insufficient memory for the Java Runtime Environment to continue.
# Native memory allocation (malloc) failed to allocate 32784 bytes for Chunk::new
# Possible reasons:
#   The system is out of physical RAM or swap space
#   The process is running with CompressedOops enabled, and the Java Heap may be blocking the growth of the native heap
# Possible solutions:
#   Reduce memory load on the system
#   Increase physical memory or swap space
#   Check if swap backing store is full
#   Decrease Java heap size (-Xmx/-Xms)
#   Decrease number of Java threads
#   Decrease Java thread stack sizes (-Xss)
#   Set larger code cache with -XX:ReservedCodeCacheSize=
#   JVM is running with Unscaled Compressed Oops mode in which the Java heap is
#     placed in the first 4GB address space. The Java Heap base address is the
#     maximum limit for the native heap growth. Please use -XX:HeapBaseMinAddress
#     to set the Java Heap base and to place the Java Heap above 4GB virtual address.
# This output file may be truncated or incomplete.
#
#  Out of Memory Error (allocation.cpp:389), pid=14564, tid=0x0000000000005978
#
# JRE version: Java(TM) SE Runtime Environment (8.0_261-b12) (build 1.8.0_261-b12)
# Java VM: Java HotSpot(TM) 64-Bit Server VM (25.261-b12 mixed mode windows-amd64 compressed oops)
# Failed to write core dump. Minidumps are not enabled by default on client versions of Windows
#

---------------  T H R E A D  ---------------

Current thread (0x00000261f1f3b800):  JavaThread "C2 CompilerThread0" daemon [_thread_in_native, id=22904, stack(0x000000be1fd00000,0x000000be1fe00000)]

Stack: [0x000000be1fd00000,0x000000be1fe00000]
Native frames: (J=compiled Java code, j=interpreted, Vv=VM code, C=native code)
V  [jvm.dll+0x33e5f9]


Current CompileTask:
C2:   2941  507       4       sun.misc.ProxyGenerator$ConstantPool::getValue (91 bytes)


---------------  P R O C E S S  ---------------

Java Threads: ( => current thread )
  0x00000261f3895800 JavaThread "GC Daemon" daemon [_thread_blocked, id=8460, stack(0x000000be20600000,0x000000be20700000)]
  0x00000261f3895000 JavaThread "RMI RenewClean-[192.168.0.10:65011]" daemon [_thread_blocked, id=25176, stack(0x000000be20500000,0x000000be20600000)]
  0x00000261f3878000 JavaThread "RMI Scheduler(0)" daemon [_thread_blocked, id=9940, stack(0x000000be20400000,0x000000be20500000)]
  0x00000261f3848800 JavaThread "Keep-Alive-Timer" daemon [_thread_blocked, id=11968, stack(0x000000be20300000,0x000000be20400000)]
  0x00000261f32e8800 JavaThread "Service Thread" daemon [_thread_blocked, id=7380, stack(0x000000be20100000,0x000000be20200000)]
  0x00000261f1f48000 JavaThread "C1 CompilerThread3" daemon [_thread_blocked, id=17184, stack(0x000000be20000000,0x000000be20100000)]
  0x00000261f1f45000 JavaThread "C2 CompilerThread2" daemon [_thread_blocked, id=16544, stack(0x000000be1ff00000,0x000000be20000000)]
  0x00000261f1f42800 JavaThread "C2 CompilerThread1" daemon [_thread_blocked, id=1660, stack(0x000000be1fe00000,0x000000be1ff00000)]
=>0x00000261f1f3b800 JavaThread "C2 CompilerThread0" daemon [_thread_in_native, id=22904, stack(0x000000be1fd00000,0x000000be1fe00000)]
  0x00000261f1f38800 JavaThread "Attach Listener" daemon [_thread_blocked, id=21456, stack(0x000000be1fc00000,0x000000be1fd00000)]
  0x00000261f1f37800 JavaThread "Signal Dispatcher" daemon [_thread_blocked, id=5476, stack(0x000000be1fb00000,0x000000be1fc00000)]
  0x00000261f1f1a800 JavaThread "Finalizer" daemon [_thread_blocked, id=20184, stack(0x000000be1fa00000,0x000000be1fb00000)]
  0x00000261f1325800 JavaThread "Reference Handler" daemon [_thread_blocked, id=5048, stack(0x000000be1f900000,0x000000be1fa00000)]
  0x00000261db314000 JavaThread "main" [_thread_in_vm, id=12228, stack(0x000000be1ef00000,0x000000be1f000000)]

Other Threads:
  0x00000261f1ef3800 VMThread [stack: 0x000000be1f800000,0x000000be1f900000] [id=5776]
  0x00000261f1fcc800 WatcherThread [stack: 0x000000be20200000,0x000000be20300000] [id=21884]

VM state:not at safepoint (normal execution)

VM Mutex/Monitor currently owned by a thread: None

heap address: 0x0000000082e00000, size: 2002 MB, Compressed Oops mode: 32-bit
Narrow klass base: 0x0000000000000000, Narrow klass shift: 3
Compressed class space size: 1073741824 Address: 0x0000000100000000

Heap:
 PSYoungGen      total 37888K, used 7864K [0x00000000d6500000, 0x00000000d8f00000, 0x0000000100000000)
  eden space 32768K, 24% used [0x00000000d6500000,0x00000000d6cae300,0x00000000d8500000)
  from space 5120K, 0% used [0x00000000d8a00000,0x00000000d8a00000,0x00000000d8f00000)
  to   space 5120K, 0% used [0x00000000d8500000,0x00000000d8500000,0x00000000d8a00000)
 ParOldGen       total 86016K, used 0K [0x0000000082e00000, 0x0000000088200000, 0x00000000d6500000)
  object space 86016K, 0% used [0x0000000082e00000,0x0000000082e00000,0x0000000088200000)
 Metaspace       used 10108K, capacity 10292K, committed 10368K, reserved 1058816K
  class space    used 1284K, capacity 1356K, committed 1408K, reserved 1048576K

Card table byte_map: [0x00000261ec120000,0x00000261ec510000] byte_map_base: 0x00000261ebd09000

Marking Bits: (ParMarkBitMap*) 0x0000000075ca4fb0
 Begin Bits: [0x00000261ec7b0000, 0x00000261ee6f8000)
 End Bits:   [0x00000261ee6f8000, 0x00000261f0640000)

Polling page: 0x00000261db4b0000

CodeCache: size=245760Kb used=2127Kb max_used=2131Kb free=243632Kb
 bounds [0x00000261dcd60000, 0x00000261dcfd0000, 0x00000261ebd60000]
 total_blobs=839 nmethods=506 adapters=246
 compilation: enabled

Compilation events (10 events):
Event: 2.933 Thread 0x00000261f1f3b800  506       4       java.io.DataOutputStream::writeByte (14 bytes)
Event: 2.933 Thread 0x00000261f1f48000 nmethod 502 0x00000261dcf723d0 code [0x00000261dcf725e0, 0x00000261dcf73060]
Event: 2.933 Thread 0x00000261f1f48000  503       3       java.util.ArrayList::ensureCapacityInternal (13 bytes)
Event: 2.933 Thread 0x00000261f1f48000 nmethod 503 0x00000261dcf71d50 code [0x00000261dcf71ee0, 0x00000261dcf72270]
Event: 2.933 Thread 0x00000261f1f48000  504       3       java.util.ArrayList::ensureExplicitCapacity (26 bytes)
Event: 2.933 Thread 0x00000261f1f3b800 nmethod 506 0x00000261dcf70590 code [0x00000261dcf706e0, 0x00000261dcf70778]
Event: 2.933 Thread 0x00000261f1f3b800  507       4       sun.misc.ProxyGenerator$ConstantPool::getValue (91 bytes)
Event: 2.933 Thread 0x00000261f1f48000 nmethod 504 0x00000261dcf71910 code [0x00000261dcf71a80, 0x00000261dcf71c70]
Event: 2.933 Thread 0x00000261f1f48000  505       3       java.util.ArrayList::add (29 bytes)
Event: 2.934 Thread 0x00000261f1f48000 nmethod 505 0x00000261dcf70f50 code [0x00000261dcf71100, 0x00000261dcf71690]

GC Heap History (0 events):
No events

Deoptimization events (0 events):
No events

Classes redefined (0 events):
No events

Internal exceptions (10 events):
Event: 0.175 Thread 0x00000261db314000 Exception <a 'java/security/PrivilegedActionException'> (0x00000000d66489c0) thrown at [C:\jenkins\workspace\8-2-build-windows-amd64-cygwin\jdk8u261\295\hotspot\src\share\vm\prims\jvm.cpp, line 1512]
Event: 0.175 Thread 0x00000261db314000 Exception <a 'java/security/PrivilegedActionException'> (0x00000000d6648bd0) thrown at [C:\jenkins\workspace\8-2-build-windows-amd64-cygwin\jdk8u261\295\hotspot\src\share\vm\prims\jvm.cpp, line 1512]
Event: 0.178 Thread 0x00000261db314000 Exception <a 'java/lang/ClassNotFoundException': com/sun/org/glassfish/hk2/osgiresourcelocator/ServiceLoader> (0x00000000d6649248) thrown at [C:\jenkins\workspace\8-2-build-windows-amd64-cygwin\jdk8u261\295\hotspot\src\share\vm\classfile\systemDictionary.
Event: 0.232 Thread 0x00000261db314000 Exception <a 'java/io/FileNotFoundException'> (0x00000000d6667d18) thrown at [C:\jenkins\workspace\8-2-build-windows-amd64-cygwin\jdk8u261\295\hotspot\src\share\vm\prims\jni.cpp, line 710]
Event: 0.382 Thread 0x00000261db314000 Exception <a 'java/lang/NoSuchFieldError': method resolution failed> (0x00000000d677d240) thrown at [C:\jenkins\workspace\8-2-build-windows-amd64-cygwin\jdk8u261\295\hotspot\src\share\vm\prims\methodHandles.cpp, line 1169]
Event: 0.384 Thread 0x00000261db314000 Exception <a 'java/lang/NoSuchFieldError': method resolution failed> (0x00000000d678a980) thrown at [C:\jenkins\workspace\8-2-build-windows-amd64-cygwin\jdk8u261\295\hotspot\src\share\vm\prims\methodHandles.cpp, line 1169]
Event: 1.579 Thread 0x00000261db314000 Exception <a 'java/lang/NoSuchMethodError': <clinit>> (0x00000000d69a7460) thrown at [C:\jenkins\workspace\8-2-build-windows-amd64-cygwin\jdk8u261\295\hotspot\src\share\vm\prims\jni.cpp, line 1615]
Event: 1.582 Thread 0x00000261db314000 Exception <a 'java/lang/NoSuchMethodError': <clinit>> (0x00000000d69bdde0) thrown at [C:\jenkins\workspace\8-2-build-windows-amd64-cygwin\jdk8u261\295\hotspot\src\share\vm\prims\jni.cpp, line 1615]
Event: 1.585 Thread 0x00000261f3895000 Exception <a 'java/lang/InterruptedException'> (0x00000000d6ac2a90) thrown at [C:\jenkins\workspace\8-2-build-windows-amd64-cygwin\jdk8u261\295\hotspot\src\share\vm\runtime\objectMonitor.cpp, line 1684]
Event: 2.285 Thread 0x00000261db314000 Exception <a 'java/lang/NullPointerException'> (0x00000000d6bb4f10) thrown at [C:\jenkins\workspace\8-2-build-windows-amd64-cygwin\jdk8u261\295\hotspot\src\share\vm\interpreter\linkResolver.cpp, line 1287]

Events (10 events):
Event: 2.938 loading class com/sun/xml/internal/bind/annotation/XmlLocation
Event: 2.938 loading class com/sun/xml/internal/bind/annotation/XmlLocation done
Event: 2.938 loading class java/util/TreeMap$KeySet
Event: 2.938 loading class java/util/TreeMap$KeySet done
Event: 2.938 loading class java/util/TreeMap$KeyIterator
Event: 2.938 loading class java/util/TreeMap$PrivateEntryIterator
Event: 2.938 loading class java/util/TreeMap$PrivateEntryIterator done
Event: 2.938 loading class java/util/TreeMap$KeyIterator done
Event: 2.939 loading class com/sun/xml/internal/bind/v2/model/impl/ClassInfoImpl$PropertySorter
Event: 2.939 loading class com/sun/xml/internal/bind/v2/model/impl/ClassInfoImpl$PropertySorter done


Dynamic libraries:
0x00007ff799540000 - 0x00007ff799587000 	C:\Program Files\Java\jre1.8.0_261\bin\java.exe
0x00007ff97e500000 - 0x00007ff97e6f0000 	C:\WINDOWS\SYSTEM32\ntdll.dll
0x00007ff97d090000 - 0x00007ff97d142000 	C:\WINDOWS\System32\KERNEL32.DLL
0x00007ff97c000000 - 0x00007ff97c2a4000 	C:\WINDOWS\System32\KERNELBASE.dll
0x00007ff97cca0000 - 0x00007ff97cd43000 	C:\WINDOWS\System32\ADVAPI32.dll
0x00007ff97e300000 - 0x00007ff97e39e000 	C:\WINDOWS\System32\msvcrt.dll
0x00007ff97cff0000 - 0x00007ff97d087000 	C:\WINDOWS\System32\sechost.dll
0x00007ff97e3a0000 - 0x00007ff97e4c0000 	C:\WINDOWS\System32\RPCRT4.dll
0x00007ff97dff0000 - 0x00007ff97e185000 	C:\WINDOWS\System32\USER32.dll
0x00007ff97c580000 - 0x00007ff97c5a1000 	C:\WINDOWS\System32\win32u.dll
0x00007ff97cd50000 - 0x00007ff97cd76000 	C:\WINDOWS\System32\GDI32.dll
0x00007ff97b4b0000 - 0x00007ff97b646000 	C:\WINDOWS\System32\gdi32full.dll
0x00007ff97b650000 - 0x00007ff97b6ee000 	C:\WINDOWS\System32\msvcp_win.dll
0x00007ff97c2d0000 - 0x00007ff97c3ca000 	C:\WINDOWS\System32\ucrtbase.dll
0x00007ff961870000 - 0x00007ff961af4000 	C:\WINDOWS\WinSxS\amd64_microsoft.windows.common-controls_6595b64144ccf1df_6.0.18362.1016_none_9e7a36bbe461dae4\COMCTL32.dll
0x00007ff97d350000 - 0x00007ff97d685000 	C:\WINDOWS\System32\combase.dll
0x00007ff97bf80000 - 0x00007ff97c000000 	C:\WINDOWS\System32\bcryptPrimitives.dll
0x00007ff97e2c0000 - 0x00007ff97e2ee000 	C:\WINDOWS\System32\IMM32.DLL
0x00007ff969cb0000 - 0x00007ff969cc5000 	C:\Program Files\Java\jre1.8.0_261\bin\vcruntime140.dll
0x00007ff932030000 - 0x00007ff9320cb000 	C:\Program Files\Java\jre1.8.0_261\bin\msvcp140.dll
0x00000000754b0000 - 0x0000000075d1c000 	C:\Program Files\Java\jre1.8.0_261\bin\server\jvm.dll
0x00007ff97e2f0000 - 0x00007ff97e2f8000 	C:\WINDOWS\System32\PSAPI.DLL
0x00007ff970b80000 - 0x00007ff970b8a000 	C:\WINDOWS\SYSTEM32\VERSION.dll
0x00007ff970a80000 - 0x00007ff970aa4000 	C:\WINDOWS\SYSTEM32\WINMM.dll
0x00007ff93eb30000 - 0x00007ff93eb39000 	C:\WINDOWS\SYSTEM32\WSOCK32.dll
0x00007ff97df80000 - 0x00007ff97dfef000 	C:\WINDOWS\System32\WS2_32.dll
0x00007ff970a50000 - 0x00007ff970a7d000 	C:\WINDOWS\SYSTEM32\WINMMBASE.dll
0x00007ff97b6f0000 - 0x00007ff97b73a000 	C:\WINDOWS\System32\cfgmgr32.dll
0x00007ff97b3c0000 - 0x00007ff97b3d1000 	C:\WINDOWS\System32\kernel.appcore.dll
0x00007ff969b90000 - 0x00007ff969ba0000 	C:\Program Files\Java\jre1.8.0_261\bin\verify.dll
0x00007ff93f0e0000 - 0x00007ff93f10b000 	C:\Program Files\Java\jre1.8.0_261\bin\java.dll
0x00007ff969910000 - 0x00007ff969928000 	C:\Program Files\Java\jre1.8.0_261\bin\zip.dll
0x00007ff97c5b0000 - 0x00007ff97cc97000 	C:\WINDOWS\System32\SHELL32.dll
0x00007ff97cec0000 - 0x00007ff97cf69000 	C:\WINDOWS\System32\shcore.dll
0x00007ff97b740000 - 0x00007ff97bec2000 	C:\WINDOWS\System32\windows.storage.dll
0x00007ff97b430000 - 0x00007ff97b453000 	C:\WINDOWS\System32\profapi.dll
0x00007ff97b3e0000 - 0x00007ff97b42a000 	C:\WINDOWS\System32\powrprof.dll
0x00007ff97b3b0000 - 0x00007ff97b3c0000 	C:\WINDOWS\System32\UMPDC.dll
0x00007ff97d210000 - 0x00007ff97d262000 	C:\WINDOWS\System32\shlwapi.dll
0x00007ff97c2b0000 - 0x00007ff97c2c7000 	C:\WINDOWS\System32\cryptsp.dll
0x00007ff95f400000 - 0x00007ff95f41c000 	C:\Program Files\Java\jre1.8.0_261\bin\net.dll
0x00007ff97ac10000 - 0x00007ff97ac77000 	C:\WINDOWS\system32\mswsock.dll
0x00007ff97a780000 - 0x00007ff97a7b3000 	C:\WINDOWS\system32\rsaenh.dll
0x00007ff97b480000 - 0x00007ff97b4a6000 	C:\WINDOWS\System32\bcrypt.dll
0x00007ff97b2d0000 - 0x00007ff97b2f5000 	C:\WINDOWS\SYSTEM32\USERENV.dll
0x00007ff97ade0000 - 0x00007ff97adec000 	C:\WINDOWS\SYSTEM32\CRYPTBASE.dll
0x00007ff97a920000 - 0x00007ff97a95a000 	C:\WINDOWS\SYSTEM32\IPHLPAPI.DLL
0x00007ff97d690000 - 0x00007ff97d698000 	C:\WINDOWS\System32\NSI.dll
0x00007ff971960000 - 0x00007ff971976000 	C:\WINDOWS\SYSTEM32\dhcpcsvc6.DLL
0x00007ff971b70000 - 0x00007ff971b8c000 	C:\WINDOWS\SYSTEM32\dhcpcsvc.DLL
0x00007ff97a960000 - 0x00007ff97aa2b000 	C:\WINDOWS\SYSTEM32\DNSAPI.dll
0x00007ff948700000 - 0x00007ff948713000 	C:\Program Files\Java\jre1.8.0_261\bin\nio.dll
0x00007ff947920000 - 0x00007ff947936000 	C:\WINDOWS\system32\napinsp.dll
0x00007ff947680000 - 0x00007ff94769a000 	C:\WINDOWS\system32\pnrpnsp.dll
0x00007ff947540000 - 0x00007ff94754e000 	C:\WINDOWS\System32\winrnr.dll
0x00007ff971fb0000 - 0x00007ff971fcc000 	C:\WINDOWS\system32\NLAapi.dll
0x00007ff968b00000 - 0x00007ff968b15000 	C:\WINDOWS\system32\wshbth.dll
0x00007ff9695f0000 - 0x00007ff9695fa000 	C:\Windows\System32\rasadhlp.dll
0x00007ff9711d0000 - 0x00007ff971247000 	C:\WINDOWS\System32\fwpuclnt.dll

VM Arguments:
jvm_args: -Djava.rmi.server.codebase=file:C:\Users\aalex\Documents\NetBeansProjects\Tarea01\RMITarea01\tstRMI.jar 
java_command: C:\Users\aalex\Documents\NetBeansProjects\Tarea01\RMITarea01\tstRMI.jar Cliente localhost 200
java_class_path (initial): C:\Users\aalex\Documents\NetBeansProjects\Tarea01\RMITarea01\tstRMI.jar
Launcher Type: SUN_STANDARD

Environment Variables:
CLASSPATH=.;C:\Program Files\Java\jre1.8.0_261;
PATH=C:\Program Files\Java\jre1.8.0_261\bin;C:\Program Files (x86)\Common Files\Oracle\Java\javapath;C:\WINDOWS\system32;C:\WINDOWS;C:\WINDOWS\System32\Wbem;C:\WINDOWS\System32\WindowsPowerShell\v1.0\;C:\WINDOWS\System32\OpenSSH\;C:\Program Files\Git\cmd;C:\Program Files\MATLAB\R2019b\bin;C:\Program Files\nodejs\;C:\Program Files\PuTTY\;C:\Users\aalex\AppData\Local\Microsoft\WindowsApps;;C:\Users\aalex\AppData\Local\Programs\Microsoft VS Code\bin;C:\Users\aalex\AppData\Roaming\npm
USERNAME=aalex
OS=Windows_NT
PROCESSOR_IDENTIFIER=Intel64 Family 6 Model 142 Stepping 12, GenuineIntel



---------------  S Y S T E M  ---------------

OS: Windows 10.0 , 64 bit Build 18362 (10.0.18362.959)

CPU:total 8 (initial active 8) (4 cores per cpu, 2 threads per core) family 6 model 142 stepping 12, cmov, cx8, fxsr, mmx, sse, sse2, sse3, ssse3, sse4.1, sse4.2, popcnt, avx, avx2, aes, clmul, erms, 3dnowpref, lzcnt, ht, tsc, tscinvbit, bmi1, bmi2, adx

Memory: 4k page, physical 8197876k(1101820k free), swap 23663728k(960k free)

vm_info: Java HotSpot(TM) 64-Bit Server VM (25.261-b12) for windows-amd64 JRE (1.8.0_261-b12), built on Jun 18 2020 06:56:32 by "" with unknown MS VC++:1916

time: Sun Aug 16 17:00:32 2020
timezone: Central Daylight Time (Mexico)
elapsed time: 2 seconds (0d 0h 0m 2s)

