#
# There is insufficient memory for the Java Runtime Environment to continue.
# Native memory allocation (malloc) failed to allocate 44736 bytes for Chunk::new
# Possible reasons:
#   The system is out of physical RAM or swap space
#   The process is running with CompressedOops enabled, and the Java Heap may be blocking the growth of the native heap
# Possible solutions:
#   Reduce memory load on the system
#   Increase physical memory or swap space
#   Check if swap backing store is full
#   Decrease Java heap size (-Xmx/-Xms)
#   Decrease number of Java threads
#   Decrease Java thread stack sizes (-Xss)
#   Set larger code cache with -XX:ReservedCodeCacheSize=
#   JVM is running with Unscaled Compressed Oops mode in which the Java heap is
#     placed in the first 4GB address space. The Java Heap base address is the
#     maximum limit for the native heap growth. Please use -XX:HeapBaseMinAddress
#     to set the Java Heap base and to place the Java Heap above 4GB virtual address.
# This output file may be truncated or incomplete.
#
#  Out of Memory Error (allocation.cpp:389), pid=24164, tid=0x0000000000000bfc
#
# JRE version: Java(TM) SE Runtime Environment (8.0_261-b12) (build 1.8.0_261-b12)
# Java VM: Java HotSpot(TM) 64-Bit Server VM (25.261-b12 mixed mode windows-amd64 compressed oops)
# Failed to write core dump. Minidumps are not enabled by default on client versions of Windows
#

---------------  T H R E A D  ---------------

Current thread (0x0000015ad2264800):  JavaThread "C2 CompilerThread2" daemon [_thread_in_native, id=3068, stack(0x0000000283400000,0x0000000283500000)]

Stack: [0x0000000283400000,0x0000000283500000]
Native frames: (J=compiled Java code, j=interpreted, Vv=VM code, C=native code)
V  [jvm.dll+0x33e5f9]


Current CompileTask:
C2:   2418  421       4       java.lang.AbstractStringBuilder::append (50 bytes)


---------------  P R O C E S S  ---------------

Java Threads: ( => current thread )
  0x0000015ad3b8e000 JavaThread "GC Daemon" daemon [_thread_new, id=9276, stack(0x0000000000000000,0x0000000000000000)]
  0x0000015ad3b5d000 JavaThread "RMI RenewClean-[192.168.0.10:65011]" daemon [_thread_blocked, id=5212, stack(0x0000000283a00000,0x0000000283b00000)]
  0x0000015ad3b5c000 JavaThread "RMI Scheduler(0)" daemon [_thread_blocked, id=15332, stack(0x0000000283900000,0x0000000283a00000)]
  0x0000015ad3b36000 JavaThread "Keep-Alive-Timer" daemon [_thread_blocked, id=18356, stack(0x0000000283800000,0x0000000283900000)]
  0x0000015ad229b800 JavaThread "Service Thread" daemon [_thread_blocked, id=6656, stack(0x0000000283600000,0x0000000283700000)]
  0x0000015ad2278000 JavaThread "C1 CompilerThread3" daemon [_thread_blocked, id=15432, stack(0x0000000283500000,0x0000000283600000)]
=>0x0000015ad2264800 JavaThread "C2 CompilerThread2" daemon [_thread_in_native, id=3068, stack(0x0000000283400000,0x0000000283500000)]
  0x0000015ad225e800 JavaThread "C2 CompilerThread1" daemon [_thread_blocked, id=24764, stack(0x0000000283300000,0x0000000283400000)]
  0x0000015ad220b000 JavaThread "C2 CompilerThread0" daemon [_thread_blocked, id=2824, stack(0x0000000283200000,0x0000000283300000)]
  0x0000015ad2208000 JavaThread "Attach Listener" daemon [_thread_blocked, id=10132, stack(0x0000000283100000,0x0000000283200000)]
  0x0000015ad2207000 JavaThread "Signal Dispatcher" daemon [_thread_blocked, id=18636, stack(0x0000000283000000,0x0000000283100000)]
  0x0000015ad21ea800 JavaThread "Finalizer" daemon [_thread_blocked, id=6924, stack(0x0000000282f00000,0x0000000283000000)]
  0x0000015ad21c9800 JavaThread "Reference Handler" daemon [_thread_blocked, id=14484, stack(0x0000000282e00000,0x0000000282f00000)]
  0x0000015abb734000 JavaThread "main" [_thread_in_native, id=13476, stack(0x0000000282400000,0x0000000282500000)]

Other Threads:
  0x0000015ad21c4800 VMThread [stack: 0x0000000282d00000,0x0000000282e00000] [id=20548]
  0x0000015ad229c000 WatcherThread [stack: 0x0000000283700000,0x0000000283800000] [id=19104]

VM state:not at safepoint (normal execution)

VM Mutex/Monitor currently owned by a thread: None

heap address: 0x0000000082e00000, size: 2002 MB, Compressed Oops mode: 32-bit
Narrow klass base: 0x0000000000000000, Narrow klass shift: 3
Compressed class space size: 1073741824 Address: 0x0000000100000000

Heap:
 PSYoungGen      total 37888K, used 6554K [0x00000000d6500000, 0x00000000d8f00000, 0x0000000100000000)
  eden space 32768K, 20% used [0x00000000d6500000,0x00000000d6b66820,0x00000000d8500000)
  from space 5120K, 0% used [0x00000000d8a00000,0x00000000d8a00000,0x00000000d8f00000)
  to   space 5120K, 0% used [0x00000000d8500000,0x00000000d8500000,0x00000000d8a00000)
 ParOldGen       total 86016K, used 0K [0x0000000082e00000, 0x0000000088200000, 0x00000000d6500000)
  object space 86016K, 0% used [0x0000000082e00000,0x0000000082e00000,0x0000000088200000)
 Metaspace       used 8824K, capacity 9040K, committed 9088K, reserved 1056768K
  class space    used 1083K, capacity 1128K, committed 1152K, reserved 1048576K

Card table byte_map: [0x0000015acc3c0000,0x0000015acc7b0000] byte_map_base: 0x0000015acbfa9000

Marking Bits: (ParMarkBitMap*) 0x0000000075ca4fb0
 Begin Bits: [0x0000015acca50000, 0x0000015ace998000)
 End Bits:   [0x0000015ace998000, 0x0000015ad08e0000)

Polling page: 0x0000015abcfd0000

CodeCache: size=245760Kb used=1966Kb max_used=1966Kb free=243793Kb
 bounds [0x0000015abd000000, 0x0000015abd270000, 0x0000015acc000000]
 total_blobs=752 nmethods=421 adapters=244
 compilation: enabled

Compilation events (10 events):
Event: 2.021 Thread 0x0000015ad2278000 nmethod 417 0x0000015abd1e6690 code [0x0000015abd1e67e0, 0x0000015abd1e68f8]
Event: 2.021 Thread 0x0000015ad2278000  418       3       java.lang.Class::checkMemberAccess (49 bytes)
Event: 2.021 Thread 0x0000015ad2278000 nmethod 418 0x0000015abd1e6950 code [0x0000015abd1e6ae0, 0x0000015abd1e7040]
Event: 2.021 Thread 0x0000015ad220b000 nmethod 416 0x0000015abd1ea190 code [0x0000015abd1ea2e0, 0x0000015abd1ea458]
Event: 2.022 Thread 0x0000015ad2278000  419   !   3       java.lang.ClassLoader::loadClass (122 bytes)
Event: 2.023 Thread 0x0000015ad2278000 nmethod 419 0x0000015abd1ea5d0 code [0x0000015abd1ea940, 0x0000015abd1ecd00]
Event: 2.023 Thread 0x0000015ad2278000  420       3       java.lang.ClassLoader::getClassLoadingLock (35 bytes)
Event: 2.024 Thread 0x0000015ad2278000 nmethod 420 0x0000015abd1e9ad0 code [0x0000015abd1e9c60, 0x0000015abd1ea030]
Event: 2.415 Thread 0x0000015ad2264800  421       4       java.lang.AbstractStringBuilder::append (50 bytes)
Event: 2.416 Thread 0x0000015ad2278000  422       3       java.nio.Buffer::position (43 bytes)

GC Heap History (0 events):
No events

Deoptimization events (0 events):
No events

Classes redefined (0 events):
No events

Internal exceptions (10 events):
Event: 0.414 Thread 0x0000015abb734000 Exception <a 'java/security/PrivilegedActionException'> (0x00000000d66489c0) thrown at [C:\jenkins\workspace\8-2-build-windows-amd64-cygwin\jdk8u261\295\hotspot\src\share\vm\prims\jvm.cpp, line 1512]
Event: 0.414 Thread 0x0000015abb734000 Exception <a 'java/security/PrivilegedActionException'> (0x00000000d6648bd0) thrown at [C:\jenkins\workspace\8-2-build-windows-amd64-cygwin\jdk8u261\295\hotspot\src\share\vm\prims\jvm.cpp, line 1512]
Event: 0.414 Thread 0x0000015abb734000 Exception <a 'java/lang/ClassNotFoundException': com/sun/org/glassfish/hk2/osgiresourcelocator/ServiceLoader> (0x00000000d6649248) thrown at [C:\jenkins\workspace\8-2-build-windows-amd64-cygwin\jdk8u261\295\hotspot\src\share\vm\classfile\systemDictionary.
Event: 0.506 Thread 0x0000015abb734000 Exception <a 'java/io/FileNotFoundException'> (0x00000000d6667d18) thrown at [C:\jenkins\workspace\8-2-build-windows-amd64-cygwin\jdk8u261\295\hotspot\src\share\vm\prims\jni.cpp, line 710]
Event: 0.606 Thread 0x0000015abb734000 Exception <a 'java/lang/NoSuchFieldError': method resolution failed> (0x00000000d677d240) thrown at [C:\jenkins\workspace\8-2-build-windows-amd64-cygwin\jdk8u261\295\hotspot\src\share\vm\prims\methodHandles.cpp, line 1169]
Event: 0.608 Thread 0x0000015abb734000 Exception <a 'java/lang/NoSuchFieldError': method resolution failed> (0x00000000d678a980) thrown at [C:\jenkins\workspace\8-2-build-windows-amd64-cygwin\jdk8u261\295\hotspot\src\share\vm\prims\methodHandles.cpp, line 1169]
Event: 2.013 Thread 0x0000015abb734000 Exception <a 'java/lang/NoSuchMethodError': <clinit>> (0x00000000d69a7460) thrown at [C:\jenkins\workspace\8-2-build-windows-amd64-cygwin\jdk8u261\295\hotspot\src\share\vm\prims\jni.cpp, line 1615]
Event: 2.016 Thread 0x0000015abb734000 Exception <a 'java/lang/NoSuchMethodError': <clinit>> (0x00000000d69bdde0) thrown at [C:\jenkins\workspace\8-2-build-windows-amd64-cygwin\jdk8u261\295\hotspot\src\share\vm\prims\jni.cpp, line 1615]
Event: 2.019 Thread 0x0000015ad3b5d000 Exception <a 'java/lang/InterruptedException'> (0x00000000d6ac2a90) thrown at [C:\jenkins\workspace\8-2-build-windows-amd64-cygwin\jdk8u261\295\hotspot\src\share\vm\runtime\objectMonitor.cpp, line 1684]
Event: 2.039 Thread 0x0000015abb734000 Exception <a 'java/lang/IllegalArgumentException': timeout value is negative> (0x00000000d69d0c70) thrown at [C:\jenkins\workspace\8-2-build-windows-amd64-cygwin\jdk8u261\295\hotspot\src\share\vm\prims\jvm.cpp, line 3294]

Events (10 events):
Event: 2.022 loading class java/rmi/server/RemoteObjectInvocationHandler$MethodToHash_Maps$1
Event: 2.022 loading class java/rmi/server/RemoteObjectInvocationHandler$MethodToHash_Maps$1 done
Event: 2.022 loading class java/security/DigestOutputStream
Event: 2.022 loading class java/security/DigestOutputStream done
Event: 2.202 loading class java/lang/Throwable$WrappedPrintStream
Event: 2.202 loading class java/lang/Throwable$PrintStreamOrWriter
Event: 2.202 loading class java/lang/Throwable$PrintStreamOrWriter done
Event: 2.202 loading class java/lang/Throwable$WrappedPrintStream done
Event: 2.202 loading class java/util/IdentityHashMap$KeySet
Event: 2.202 loading class java/util/IdentityHashMap$KeySet done


Dynamic libraries:
0x00007ff799540000 - 0x00007ff799587000 	C:\Program Files\Java\jre1.8.0_261\bin\java.exe
0x00007ff97e500000 - 0x00007ff97e6f0000 	C:\WINDOWS\SYSTEM32\ntdll.dll
0x00007ff97d090000 - 0x00007ff97d142000 	C:\WINDOWS\System32\KERNEL32.DLL
0x00007ff97c000000 - 0x00007ff97c2a4000 	C:\WINDOWS\System32\KERNELBASE.dll
0x00007ff97cca0000 - 0x00007ff97cd43000 	C:\WINDOWS\System32\ADVAPI32.dll
0x00007ff97e300000 - 0x00007ff97e39e000 	C:\WINDOWS\System32\msvcrt.dll
0x00007ff97cff0000 - 0x00007ff97d087000 	C:\WINDOWS\System32\sechost.dll
0x00007ff97e3a0000 - 0x00007ff97e4c0000 	C:\WINDOWS\System32\RPCRT4.dll
0x00007ff97dff0000 - 0x00007ff97e185000 	C:\WINDOWS\System32\USER32.dll
0x00007ff97c580000 - 0x00007ff97c5a1000 	C:\WINDOWS\System32\win32u.dll
0x00007ff97cd50000 - 0x00007ff97cd76000 	C:\WINDOWS\System32\GDI32.dll
0x00007ff97b4b0000 - 0x00007ff97b646000 	C:\WINDOWS\System32\gdi32full.dll
0x00007ff97b650000 - 0x00007ff97b6ee000 	C:\WINDOWS\System32\msvcp_win.dll
0x00007ff97c2d0000 - 0x00007ff97c3ca000 	C:\WINDOWS\System32\ucrtbase.dll
0x00007ff961870000 - 0x00007ff961af4000 	C:\WINDOWS\WinSxS\amd64_microsoft.windows.common-controls_6595b64144ccf1df_6.0.18362.1016_none_9e7a36bbe461dae4\COMCTL32.dll
0x00007ff97d350000 - 0x00007ff97d685000 	C:\WINDOWS\System32\combase.dll
0x00007ff97bf80000 - 0x00007ff97c000000 	C:\WINDOWS\System32\bcryptPrimitives.dll
0x00007ff97e2c0000 - 0x00007ff97e2ee000 	C:\WINDOWS\System32\IMM32.DLL
0x00007ff969cb0000 - 0x00007ff969cc5000 	C:\Program Files\Java\jre1.8.0_261\bin\vcruntime140.dll
0x00007ff932030000 - 0x00007ff9320cb000 	C:\Program Files\Java\jre1.8.0_261\bin\msvcp140.dll
0x00000000754b0000 - 0x0000000075d1c000 	C:\Program Files\Java\jre1.8.0_261\bin\server\jvm.dll
0x00007ff97e2f0000 - 0x00007ff97e2f8000 	C:\WINDOWS\System32\PSAPI.DLL
0x00007ff93eb30000 - 0x00007ff93eb39000 	C:\WINDOWS\SYSTEM32\WSOCK32.dll
0x00007ff97df80000 - 0x00007ff97dfef000 	C:\WINDOWS\System32\WS2_32.dll
0x00007ff970a80000 - 0x00007ff970aa4000 	C:\WINDOWS\SYSTEM32\WINMM.dll
0x00007ff970b80000 - 0x00007ff970b8a000 	C:\WINDOWS\SYSTEM32\VERSION.dll
0x00007ff970a50000 - 0x00007ff970a7d000 	C:\WINDOWS\SYSTEM32\winmmbase.dll
0x00007ff97b6f0000 - 0x00007ff97b73a000 	C:\WINDOWS\System32\cfgmgr32.dll
0x00007ff97b3c0000 - 0x00007ff97b3d1000 	C:\WINDOWS\System32\kernel.appcore.dll
0x00007ff969b90000 - 0x00007ff969ba0000 	C:\Program Files\Java\jre1.8.0_261\bin\verify.dll
0x00007ff93f0e0000 - 0x00007ff93f10b000 	C:\Program Files\Java\jre1.8.0_261\bin\java.dll
0x00007ff969910000 - 0x00007ff969928000 	C:\Program Files\Java\jre1.8.0_261\bin\zip.dll
0x00007ff97c5b0000 - 0x00007ff97cc97000 	C:\WINDOWS\System32\SHELL32.dll
0x00007ff97cec0000 - 0x00007ff97cf69000 	C:\WINDOWS\System32\shcore.dll
0x00007ff97b740000 - 0x00007ff97bec2000 	C:\WINDOWS\System32\windows.storage.dll
0x00007ff97b430000 - 0x00007ff97b453000 	C:\WINDOWS\System32\profapi.dll
0x00007ff97b3e0000 - 0x00007ff97b42a000 	C:\WINDOWS\System32\powrprof.dll
0x00007ff97b3b0000 - 0x00007ff97b3c0000 	C:\WINDOWS\System32\UMPDC.dll
0x00007ff97d210000 - 0x00007ff97d262000 	C:\WINDOWS\System32\shlwapi.dll
0x00007ff97c2b0000 - 0x00007ff97c2c7000 	C:\WINDOWS\System32\cryptsp.dll
0x00007ff95f400000 - 0x00007ff95f41c000 	C:\Program Files\Java\jre1.8.0_261\bin\net.dll
0x00007ff97ac10000 - 0x00007ff97ac77000 	C:\WINDOWS\system32\mswsock.dll
0x00007ff97a780000 - 0x00007ff97a7b3000 	C:\WINDOWS\system32\rsaenh.dll
0x00007ff97b480000 - 0x00007ff97b4a6000 	C:\WINDOWS\System32\bcrypt.dll
0x00007ff97b2d0000 - 0x00007ff97b2f5000 	C:\WINDOWS\SYSTEM32\USERENV.dll
0x00007ff97ade0000 - 0x00007ff97adec000 	C:\WINDOWS\SYSTEM32\CRYPTBASE.dll
0x00007ff97a920000 - 0x00007ff97a95a000 	C:\WINDOWS\SYSTEM32\IPHLPAPI.DLL
0x00007ff97d690000 - 0x00007ff97d698000 	C:\WINDOWS\System32\NSI.dll
0x00007ff971960000 - 0x00007ff971976000 	C:\WINDOWS\SYSTEM32\dhcpcsvc6.DLL
0x00007ff971b70000 - 0x00007ff971b8c000 	C:\WINDOWS\SYSTEM32\dhcpcsvc.DLL
0x00007ff97a960000 - 0x00007ff97aa2b000 	C:\WINDOWS\SYSTEM32\DNSAPI.dll
0x00007ff948700000 - 0x00007ff948713000 	C:\Program Files\Java\jre1.8.0_261\bin\nio.dll
0x00007ff947920000 - 0x00007ff947936000 	C:\WINDOWS\system32\napinsp.dll
0x00007ff947680000 - 0x00007ff94769a000 	C:\WINDOWS\system32\pnrpnsp.dll
0x00007ff947540000 - 0x00007ff94754e000 	C:\WINDOWS\System32\winrnr.dll
0x00007ff971fb0000 - 0x00007ff971fcc000 	C:\WINDOWS\system32\NLAapi.dll
0x00007ff968b00000 - 0x00007ff968b15000 	C:\WINDOWS\system32\wshbth.dll
0x00007ff9695f0000 - 0x00007ff9695fa000 	C:\Windows\System32\rasadhlp.dll
0x00007ff9711d0000 - 0x00007ff971247000 	C:\WINDOWS\System32\fwpuclnt.dll

VM Arguments:
jvm_args: -Djava.rmi.server.codebase=file:C:\Users\aalex\Documents\NetBeansProjects\Tarea01\RMITarea01\tstRMI.jar 
java_command: C:\Users\aalex\Documents\NetBeansProjects\Tarea01\RMITarea01\tstRMI.jar Cliente localhost 200
java_class_path (initial): C:\Users\aalex\Documents\NetBeansProjects\Tarea01\RMITarea01\tstRMI.jar
Launcher Type: SUN_STANDARD

Environment Variables:
CLASSPATH=.;C:\Program Files\Java\jre1.8.0_261;
PATH=C:\Program Files\Java\jre1.8.0_261\bin;C:\Program Files (x86)\Common Files\Oracle\Java\javapath;C:\WINDOWS\system32;C:\WINDOWS;C:\WINDOWS\System32\Wbem;C:\WINDOWS\System32\WindowsPowerShell\v1.0\;C:\WINDOWS\System32\OpenSSH\;C:\Program Files\Git\cmd;C:\Program Files\MATLAB\R2019b\bin;C:\Program Files\nodejs\;C:\Program Files\PuTTY\;C:\Users\aalex\AppData\Local\Microsoft\WindowsApps;;C:\Users\aalex\AppData\Local\Programs\Microsoft VS Code\bin;C:\Users\aalex\AppData\Roaming\npm
USERNAME=aalex
OS=Windows_NT
PROCESSOR_IDENTIFIER=Intel64 Family 6 Model 142 Stepping 12, GenuineIntel



---------------  S Y S T E M  ---------------

OS: Windows 10.0 , 64 bit Build 18362 (10.0.18362.959)

CPU:total 8 (initial active 8) (4 cores per cpu, 2 threads per core) family 6 model 142 stepping 12, cmov, cx8, fxsr, mmx, sse, sse2, sse3, ssse3, sse4.1, sse4.2, popcnt, avx, avx2, aes, clmul, erms, 3dnowpref, lzcnt, ht, tsc, tscinvbit, bmi1, bmi2, adx

Memory: 4k page, physical 8197876k(1104520k free), swap 23663728k(924k free)

vm_info: Java HotSpot(TM) 64-Bit Server VM (25.261-b12) for windows-amd64 JRE (1.8.0_261-b12), built on Jun 18 2020 06:56:32 by "" with unknown MS VC++:1916

time: Sun Aug 16 17:00:32 2020
timezone: Central Daylight Time (Mexico)
elapsed time: 2 seconds (0d 0h 0m 2s)

