#
# There is insufficient memory for the Java Runtime Environment to continue.
# Native memory allocation (malloc) failed to allocate 32744 bytes for ChunkPool::allocate
# Possible reasons:
#   The system is out of physical RAM or swap space
#   The process is running with CompressedOops enabled, and the Java Heap may be blocking the growth of the native heap
# Possible solutions:
#   Reduce memory load on the system
#   Increase physical memory or swap space
#   Check if swap backing store is full
#   Decrease Java heap size (-Xmx/-Xms)
#   Decrease number of Java threads
#   Decrease Java thread stack sizes (-Xss)
#   Set larger code cache with -XX:ReservedCodeCacheSize=
#   JVM is running with Unscaled Compressed Oops mode in which the Java heap is
#     placed in the first 4GB address space. The Java Heap base address is the
#     maximum limit for the native heap growth. Please use -XX:HeapBaseMinAddress
#     to set the Java Heap base and to place the Java Heap above 4GB virtual address.
# This output file may be truncated or incomplete.
#
#  Out of Memory Error (allocation.cpp:272), pid=20432, tid=0x00000000000040c4
#
# JRE version: Java(TM) SE Runtime Environment (8.0_261-b12) (build 1.8.0_261-b12)
# Java VM: Java HotSpot(TM) 64-Bit Server VM (25.261-b12 mixed mode windows-amd64 compressed oops)
# Failed to write core dump. Minidumps are not enabled by default on client versions of Windows
#

---------------  T H R E A D  ---------------

Current thread (0x00000269bea35000):  JavaThread "main" [_thread_in_vm, id=16580, stack(0x000000e357600000,0x000000e357700000)]

Stack: [0x000000e357600000,0x000000e357700000]
Native frames: (J=compiled Java code, j=interpreted, Vv=VM code, C=native code)
V  [jvm.dll+0x33e5f9]
V  [jvm.dll+0x2850e2]
V  [jvm.dll+0x285d8d]
V  [jvm.dll+0x27c895]
V  [jvm.dll+0xe520d]
V  [jvm.dll+0xe556c]
V  [jvm.dll+0x9a054]
V  [jvm.dll+0x121372]
V  [jvm.dll+0x121040]
V  [jvm.dll+0x93fe0]
V  [jvm.dll+0x1f1913]
V  [jvm.dll+0x1efaa8]
C  0x00000269c02b9f4e

Java frames: (J=compiled Java code, j=interpreted, Vv=VM code)
j  sun.misc.Unsafe.defineAnonymousClass(Ljava/lang/Class;[B[Ljava/lang/Object;)Ljava/lang/Class;+0
j  java.lang.invoke.InvokerBytecodeGenerator.loadAndInitializeInvokerClass([B[Ljava/lang/Object;)Ljava/lang/Class;+8
j  java.lang.invoke.InvokerBytecodeGenerator.loadMethod([B)Ljava/lang/invoke/MemberName;+6
j  java.lang.invoke.InvokerBytecodeGenerator.generateCustomizedCode(Ljava/lang/invoke/LambdaForm;Ljava/lang/invoke/MethodType;)Ljava/lang/invoke/MemberName;+17
j  java.lang.invoke.LambdaForm.compileToBytecode()Ljava/lang/invoke/MemberName;+65
j  java.lang.invoke.LambdaForm.prepare()V+14
j  java.lang.invoke.MethodHandle.<init>(Ljava/lang/invoke/MethodType;Ljava/lang/invoke/LambdaForm;)V+31
j  java.lang.invoke.DelegatingMethodHandle.<init>(Ljava/lang/invoke/MethodType;Ljava/lang/invoke/MethodHandle;)V+6
j  java.lang.invoke.MethodHandleImpl$IntrinsicMethodHandle.<init>(Ljava/lang/invoke/MethodHandle;Ljava/lang/invoke/MethodHandleImpl$Intrinsic;)V+6
j  java.lang.invoke.MethodHandleImpl.makeIntrinsic(Ljava/lang/invoke/MethodHandle;Ljava/lang/invoke/MethodHandleImpl$Intrinsic;)Ljava/lang/invoke/MethodHandle;+16
j  java.lang.invoke.MethodHandleImpl.makeArrays()[Ljava/lang/invoke/MethodHandle;+35
j  java.lang.invoke.MethodHandleImpl.access$000()[Ljava/lang/invoke/MethodHandle;+0
j  java.lang.invoke.MethodHandleImpl$Lazy.<clinit>()V+5
v  ~StubRoutines::call_stub
j  java.lang.invoke.MethodHandleImpl.varargsArray(I)Ljava/lang/invoke/MethodHandle;+0
j  java.lang.invoke.MethodHandleImpl.varargsArray(Ljava/lang/Class;I)Ljava/lang/invoke/MethodHandle;+121
j  java.lang.invoke.MethodHandle.asCollector(Ljava/lang/Class;I)Ljava/lang/invoke/MethodHandle;+36
j  java.lang.invoke.MethodHandleImpl$AsVarargsCollector.<init>(Ljava/lang/invoke/MethodType;Ljava/lang/invoke/MethodHandle;Ljava/lang/Class;)V+20
j  java.lang.invoke.MethodHandleImpl$AsVarargsCollector.<init>(Ljava/lang/invoke/MethodHandle;Ljava/lang/Class;)V+7
j  java.lang.invoke.MethodHandleImpl.makeVarargsCollector(Ljava/lang/invoke/MethodHandle;Ljava/lang/Class;)Ljava/lang/invoke/MethodHandle;+43
j  java.lang.invoke.MethodHandle.setVarargs(Ljava/lang/invoke/MemberName;)Ljava/lang/invoke/MethodHandle;+26
j  java.lang.invoke.MethodHandles$Lookup.getDirectMethodCommon(BLjava/lang/Class;Ljava/lang/invoke/MemberName;ZZLjava/lang/Class;)Ljava/lang/invoke/MethodHandle;+263
j  java.lang.invoke.MethodHandles$Lookup.getDirectMethod(BLjava/lang/Class;Ljava/lang/invoke/MemberName;Ljava/lang/Class;)Ljava/lang/invoke/MethodHandle;+8
j  java.lang.invoke.MethodHandles$Lookup.findStatic(Ljava/lang/Class;Ljava/lang/String;Ljava/lang/invoke/MethodType;)Ljava/lang/invoke/MethodHandle;+23
j  java.lang.invoke.CallSite.<clinit>()V+35
v  ~StubRoutines::call_stub
j  java.lang.invoke.MethodHandleNatives.linkCallSiteImpl(Ljava/lang/Class;Ljava/lang/invoke/MethodHandle;Ljava/lang/String;Ljava/lang/invoke/MethodType;Ljava/lang/Object;[Ljava/lang/Object;)Ljava/lang/invoke/MemberName;+6
j  java.lang.invoke.MethodHandleNatives.linkCallSite(Ljava/lang/Object;Ljava/lang/Object;Ljava/lang/Object;Ljava/lang/Object;Ljava/lang/Object;[Ljava/lang/Object;)Ljava/lang/invoke/MemberName;+45
v  ~StubRoutines::call_stub
j  java.io.ObjectInputStream.<clinit>()V+152
v  ~StubRoutines::call_stub
j  sun.rmi.transport.StreamRemoteCall.getInputStream()Ljava/io/ObjectInput;+19
j  sun.rmi.transport.StreamRemoteCall.executeCall()V+103
j  sun.rmi.server.UnicastRef.invoke(Ljava/rmi/server/RemoteCall;)V+12
j  sun.rmi.registry.RegistryImpl_Stub.lookup(Ljava/lang/String;)Ljava/rmi/Remote;+53
j  example.hello.Client.main([Ljava/lang/String;)V+52
j  example.hello.Distribuidor.main([Ljava/lang/String;)V+166
v  ~StubRoutines::call_stub

---------------  P R O C E S S  ---------------

Java Threads: ( => current thread )
  0x00000269d6888800 JavaThread "Service Thread" daemon [_thread_blocked, id=20256, stack(0x000000e358800000,0x000000e358900000)]
  0x00000269d5515000 JavaThread "C1 CompilerThread3" daemon [_thread_blocked, id=3348, stack(0x000000e358700000,0x000000e358800000)]
  0x00000269d5501800 JavaThread "C2 CompilerThread2" daemon [_thread_blocked, id=2084, stack(0x000000e358600000,0x000000e358700000)]
  0x00000269d54ea800 JavaThread "C2 CompilerThread1" daemon [_thread_blocked, id=2504, stack(0x000000e358500000,0x000000e358600000)]
  0x00000269d54b9800 JavaThread "C2 CompilerThread0" daemon [_thread_blocked, id=12732, stack(0x000000e358400000,0x000000e358500000)]
  0x00000269d54b7800 JavaThread "Attach Listener" daemon [_thread_blocked, id=9468, stack(0x000000e358300000,0x000000e358400000)]
  0x00000269d54b6000 JavaThread "Signal Dispatcher" daemon [_thread_blocked, id=15088, stack(0x000000e358200000,0x000000e358300000)]
  0x00000269d549a800 JavaThread "Finalizer" daemon [_thread_blocked, id=10668, stack(0x000000e358100000,0x000000e358200000)]
  0x00000269d4893000 JavaThread "Reference Handler" daemon [_thread_blocked, id=10200, stack(0x000000e358000000,0x000000e358100000)]
=>0x00000269bea35000 JavaThread "main" [_thread_in_vm, id=16580, stack(0x000000e357600000,0x000000e357700000)]

Other Threads:
  0x00000269d5472800 VMThread [stack: 0x000000e357f00000,0x000000e358000000] [id=26788]
  0x00000269d5548000 WatcherThread [stack: 0x000000e358900000,0x000000e358a00000] [id=20576]

VM state:not at safepoint (normal execution)

VM Mutex/Monitor currently owned by a thread: None

heap address: 0x0000000082e00000, size: 2002 MB, Compressed Oops mode: 32-bit
Narrow klass base: 0x0000000000000000, Narrow klass shift: 3
Compressed class space size: 1073741824 Address: 0x0000000100000000

Heap:
 PSYoungGen      total 37888K, used 3276K [0x00000000d6500000, 0x00000000d8f00000, 0x0000000100000000)
  eden space 32768K, 10% used [0x00000000d6500000,0x00000000d68333b8,0x00000000d8500000)
  from space 5120K, 0% used [0x00000000d8a00000,0x00000000d8a00000,0x00000000d8f00000)
  to   space 5120K, 0% used [0x00000000d8500000,0x00000000d8500000,0x00000000d8a00000)
 ParOldGen       total 86016K, used 0K [0x0000000082e00000, 0x0000000088200000, 0x00000000d6500000)
  object space 86016K, 0% used [0x0000000082e00000,0x0000000082e00000,0x0000000088200000)
 Metaspace       used 5381K, capacity 5483K, committed 5632K, reserved 1056768K
  class space    used 625K, capacity 669K, committed 768K, reserved 1048576K

Card table byte_map: [0x00000269cf660000,0x00000269cfa50000] byte_map_base: 0x00000269cf249000

Marking Bits: (ParMarkBitMap*) 0x0000000058f44fb0
 Begin Bits: [0x00000269cfcf0000, 0x00000269d1c38000)
 End Bits:   [0x00000269d1c38000, 0x00000269d3b80000)

Polling page: 0x00000269be9d0000

CodeCache: size=245760Kb used=1475Kb max_used=1475Kb free=244284Kb
 bounds [0x00000269c02a0000, 0x00000269c0510000, 0x00000269cf2a0000]
 total_blobs=529 nmethods=228 adapters=214
 compilation: enabled

Compilation events (10 events):
Event: 1.158 Thread 0x00000269d5515000 nmethod 213 0x00000269c0401e50 code [0x00000269c0401fc0, 0x00000269c0402250]
Event: 1.158 Thread 0x00000269d5515000  215   !   3       java.lang.invoke.MemberName::getMethodType (208 bytes)
Event: 1.159 Thread 0x00000269d5515000 nmethod 215 0x00000269c0402610 code [0x00000269c04028a0, 0x00000269c0404060]
Event: 1.159 Thread 0x00000269d5515000  214       3       java.util.Collections$UnmodifiableCollection$1::hasNext (10 bytes)
Event: 1.159 Thread 0x00000269d5515000 nmethod 214 0x00000269c0404a50 code [0x00000269c0404bc0, 0x00000269c0404df0]
Event: 1.159 Thread 0x00000269d5515000  216       3       java.lang.String::indexOf (7 bytes)
Event: 1.159 Thread 0x00000269d5515000 nmethod 216 0x00000269c0404e90 code [0x00000269c0405000, 0x00000269c0405290]
Event: 1.159 Thread 0x00000269d5515000  217       1       java.lang.invoke.MethodHandle::type (5 bytes)
Event: 1.159 Thread 0x00000269d5515000 nmethod 217 0x00000269c0405410 code [0x00000269c0405560, 0x00000269c0405678]
Event: 1.159 Thread 0x00000269d5515000  219       3       jdk.internal.org.objectweb.asm.Frame::execute (2252 bytes)

GC Heap History (0 events):
No events

Deoptimization events (0 events):
No events

Classes redefined (0 events):
No events

Internal exceptions (2 events):
Event: 0.039 Thread 0x00000269bea35000 Exception <a 'java/lang/NoSuchMethodError': Method sun.misc.Unsafe.defineClass(Ljava/lang/String;[BII)Ljava/lang/Class; name or signature does not match> (0x00000000d6507cc0) thrown at [C:\jenkins\workspace\8-2-build-windows-amd64-cygwin\jdk8u261\295\hots
Event: 0.039 Thread 0x00000269bea35000 Exception <a 'java/lang/NoSuchMethodError': Method sun.misc.Unsafe.prefetchRead(Ljava/lang/Object;J)V name or signature does not match> (0x00000000d6507fa8) thrown at [C:\jenkins\workspace\8-2-build-windows-amd64-cygwin\jdk8u261\295\hotspot\src\share\vm\p

Events (10 events):
Event: 1.135 loading class java/lang/invoke/MethodHandleImpl$AsVarargsCollector
Event: 1.136 loading class java/lang/invoke/DelegatingMethodHandle
Event: 1.136 loading class java/lang/invoke/DelegatingMethodHandle done
Event: 1.136 loading class java/lang/invoke/MethodHandleImpl$AsVarargsCollector done
Event: 1.136 loading class java/lang/invoke/WrongMethodTypeException
Event: 1.136 loading class java/lang/invoke/WrongMethodTypeException done
Event: 1.138 loading class java/lang/invoke/MethodHandleImpl$Lazy
Event: 1.138 loading class java/lang/invoke/MethodHandleImpl$Lazy done
Event: 1.138 loading class java/lang/invoke/MethodHandleImpl$IntrinsicMethodHandle
Event: 1.138 loading class java/lang/invoke/MethodHandleImpl$IntrinsicMethodHandle done


Dynamic libraries:
0x00007ff724b00000 - 0x00007ff724b47000 	C:\Program Files\Java\jre1.8.0_261\bin\java.exe
0x00007ffad0000000 - 0x00007ffad01f0000 	C:\WINDOWS\SYSTEM32\ntdll.dll
0x00007ffacf740000 - 0x00007ffacf7f2000 	C:\WINDOWS\System32\KERNEL32.DLL
0x00007ffacd180000 - 0x00007ffacd424000 	C:\WINDOWS\System32\KERNELBASE.dll
0x00007ffacf960000 - 0x00007ffacfa03000 	C:\WINDOWS\System32\ADVAPI32.dll
0x00007ffacfdb0000 - 0x00007ffacfe4e000 	C:\WINDOWS\System32\msvcrt.dll
0x00007fface260000 - 0x00007fface2f7000 	C:\WINDOWS\System32\sechost.dll
0x00007ffacf620000 - 0x00007ffacf740000 	C:\WINDOWS\System32\RPCRT4.dll
0x00007ffacec50000 - 0x00007ffacede4000 	C:\WINDOWS\System32\USER32.dll
0x00007ffacd5b0000 - 0x00007ffacd5d1000 	C:\WINDOWS\System32\win32u.dll
0x00007ffacff20000 - 0x00007ffacff46000 	C:\WINDOWS\System32\GDI32.dll
0x00007ffaccfe0000 - 0x00007ffacd176000 	C:\WINDOWS\System32\gdi32full.dll
0x00007ffacdff0000 - 0x00007fface08e000 	C:\WINDOWS\System32\msvcp_win.dll
0x00007ffacd660000 - 0x00007ffacd75a000 	C:\WINDOWS\System32\ucrtbase.dll
0x00007ffab1900000 - 0x00007ffab1b84000 	C:\WINDOWS\WinSxS\amd64_microsoft.windows.common-controls_6595b64144ccf1df_6.0.18362.959_none_e6c7bbbf130c62bb\COMCTL32.dll
0x00007ffacfa70000 - 0x00007ffacfda5000 	C:\WINDOWS\System32\combase.dll
0x00007ffacd5e0000 - 0x00007ffacd660000 	C:\WINDOWS\System32\bcryptPrimitives.dll
0x00007fface390000 - 0x00007fface3be000 	C:\WINDOWS\System32\IMM32.DLL
0x00007ffac8f00000 - 0x00007ffac8f15000 	C:\Program Files\Java\jre1.8.0_261\bin\vcruntime140.dll
0x00007ffaa1470000 - 0x00007ffaa150b000 	C:\Program Files\Java\jre1.8.0_261\bin\msvcp140.dll
0x0000000058750000 - 0x0000000058fbc000 	C:\Program Files\Java\jre1.8.0_261\bin\server\jvm.dll
0x00007fface760000 - 0x00007fface768000 	C:\WINDOWS\System32\PSAPI.DLL
0x00007ffaa9df0000 - 0x00007ffaa9df9000 	C:\WINDOWS\SYSTEM32\WSOCK32.dll
0x00007ffabc580000 - 0x00007ffabc58a000 	C:\WINDOWS\SYSTEM32\VERSION.dll
0x00007ffacff50000 - 0x00007ffacffbf000 	C:\WINDOWS\System32\WS2_32.dll
0x00007ffac28b0000 - 0x00007ffac28d4000 	C:\WINDOWS\SYSTEM32\WINMM.dll
0x00007ffac2880000 - 0x00007ffac28ad000 	C:\WINDOWS\SYSTEM32\WINMMBASE.dll
0x00007ffacd760000 - 0x00007ffacd7aa000 	C:\WINDOWS\System32\cfgmgr32.dll
0x00007ffaccf10000 - 0x00007ffaccf21000 	C:\WINDOWS\System32\kernel.appcore.dll
0x00007ffac8c90000 - 0x00007ffac8ca0000 	C:\Program Files\Java\jre1.8.0_261\bin\verify.dll
0x00007ffab0510000 - 0x00007ffab053b000 	C:\Program Files\Java\jre1.8.0_261\bin\java.dll
0x00007ffab5250000 - 0x00007ffab5268000 	C:\Program Files\Java\jre1.8.0_261\bin\zip.dll
0x00007ffacef30000 - 0x00007ffacf616000 	C:\WINDOWS\System32\SHELL32.dll
0x00007fface3c0000 - 0x00007fface469000 	C:\WINDOWS\System32\shcore.dll
0x00007ffacd7b0000 - 0x00007ffacdf32000 	C:\WINDOWS\System32\windows.storage.dll
0x00007ffaccf30000 - 0x00007ffaccf53000 	C:\WINDOWS\System32\profapi.dll
0x00007ffaccec0000 - 0x00007ffaccf0a000 	C:\WINDOWS\System32\powrprof.dll
0x00007ffacceb0000 - 0x00007ffaccec0000 	C:\WINDOWS\System32\UMPDC.dll
0x00007fface300000 - 0x00007fface352000 	C:\WINDOWS\System32\shlwapi.dll
0x00007fface090000 - 0x00007fface0a7000 	C:\WINDOWS\System32\cryptsp.dll
0x00007ffacc290000 - 0x00007ffacc2c3000 	C:\WINDOWS\system32\rsaenh.dll
0x00007ffacd430000 - 0x00007ffacd456000 	C:\WINDOWS\System32\bcrypt.dll
0x00007ffaccdd0000 - 0x00007ffaccdf5000 	C:\WINDOWS\SYSTEM32\USERENV.dll
0x00007ffacc8f0000 - 0x00007ffacc8fc000 	C:\WINDOWS\SYSTEM32\CRYPTBASE.dll
0x00007ffab4340000 - 0x00007ffab435c000 	C:\Program Files\Java\jre1.8.0_261\bin\net.dll
0x00007ffacc720000 - 0x00007ffacc787000 	C:\WINDOWS\system32\mswsock.dll
0x00007ffacc430000 - 0x00007ffacc46a000 	C:\WINDOWS\SYSTEM32\IPHLPAPI.DLL
0x00007ffacef20000 - 0x00007ffacef28000 	C:\WINDOWS\System32\NSI.dll
0x00007ffac3150000 - 0x00007ffac3166000 	C:\WINDOWS\SYSTEM32\dhcpcsvc6.DLL
0x00007ffac3d90000 - 0x00007ffac3dac000 	C:\WINDOWS\SYSTEM32\dhcpcsvc.DLL
0x00007ffacc470000 - 0x00007ffacc53b000 	C:\WINDOWS\SYSTEM32\DNSAPI.dll
0x00007ffab0640000 - 0x00007ffab0653000 	C:\Program Files\Java\jre1.8.0_261\bin\nio.dll
0x00007ffa9b650000 - 0x00007ffa9b666000 	C:\WINDOWS\system32\napinsp.dll
0x00007ffa9b630000 - 0x00007ffa9b64a000 	C:\WINDOWS\system32\pnrpnsp.dll
0x00007ffaa4d90000 - 0x00007ffaa4d9e000 	C:\WINDOWS\System32\winrnr.dll
0x00007ffac3f20000 - 0x00007ffac3f3c000 	C:\WINDOWS\system32\NLAapi.dll
0x00007ffaa6140000 - 0x00007ffaa6155000 	C:\WINDOWS\system32\wshbth.dll
0x00007ffac2550000 - 0x00007ffac255a000 	C:\Windows\System32\rasadhlp.dll
0x00007ffac30d0000 - 0x00007ffac3147000 	C:\WINDOWS\System32\fwpuclnt.dll
0x00007ffacae50000 - 0x00007ffacb044000 	C:\WINDOWS\SYSTEM32\dbghelp.dll

VM Arguments:
jvm_args: -Djava.rmi.server.codebase=file:C:\Users\aalex\OneDrive\ITAM\ultMat\SCE\SimpleRMIAutonomo\tstRMI.jar 
java_command: C:\Users\aalex\OneDrive\ITAM\ultMat\SCE\SimpleRMIAutonomo\tstRMI.jar Cliente localhost 200
java_class_path (initial): C:\Users\aalex\OneDrive\ITAM\ultMat\SCE\SimpleRMIAutonomo\tstRMI.jar
Launcher Type: SUN_STANDARD

Environment Variables:
CLASSPATH=.;C:\Program Files\Java\jre1.8.0_261;
PATH=C:\Program Files\Java\jre1.8.0_261\bin;C:\Program Files (x86)\Common Files\Oracle\Java\javapath;C:\WINDOWS\system32;C:\WINDOWS;C:\WINDOWS\System32\Wbem;C:\WINDOWS\System32\WindowsPowerShell\v1.0\;C:\WINDOWS\System32\OpenSSH\;C:\Program Files\Git\cmd;C:\Program Files\MATLAB\R2019b\bin;C:\Program Files\nodejs\;C:\Program Files\PuTTY\;C:\Users\aalex\AppData\Local\Microsoft\WindowsApps;;C:\Users\aalex\AppData\Local\Programs\Microsoft VS Code\bin;C:\Users\aalex\AppData\Roaming\npm
USERNAME=aalex
OS=Windows_NT
PROCESSOR_IDENTIFIER=Intel64 Family 6 Model 142 Stepping 12, GenuineIntel



---------------  S Y S T E M  ---------------

OS: Windows 10.0 , 64 bit Build 18362 (10.0.18362.959)

CPU:total 8 (initial active 8) (4 cores per cpu, 2 threads per core) family 6 model 142 stepping 12, cmov, cx8, fxsr, mmx, sse, sse2, sse3, ssse3, sse4.1, sse4.2, popcnt, avx, avx2, aes, clmul, erms, 3dnowpref, lzcnt, ht, tsc, tscinvbit, bmi1, bmi2, adx

Memory: 4k page, physical 8197876k(1225380k free), swap 23663728k(477696k free)

vm_info: Java HotSpot(TM) 64-Bit Server VM (25.261-b12) for windows-amd64 JRE (1.8.0_261-b12), built on Jun 18 2020 06:56:32 by "" with unknown MS VC++:1916

time: Thu Aug  6 12:48:49 2020
timezone: Central Daylight Time (Mexico)
elapsed time: 1 seconds (0d 0h 0m 1s)

