#
# There is insufficient memory for the Java Runtime Environment to continue.
# Native memory allocation (malloc) failed to allocate 32744 bytes for ChunkPool::allocate
# Possible reasons:
#   The system is out of physical RAM or swap space
#   The process is running with CompressedOops enabled, and the Java Heap may be blocking the growth of the native heap
# Possible solutions:
#   Reduce memory load on the system
#   Increase physical memory or swap space
#   Check if swap backing store is full
#   Decrease Java heap size (-Xmx/-Xms)
#   Decrease number of Java threads
#   Decrease Java thread stack sizes (-Xss)
#   Set larger code cache with -XX:ReservedCodeCacheSize=
#   JVM is running with Unscaled Compressed Oops mode in which the Java heap is
#     placed in the first 4GB address space. The Java Heap base address is the
#     maximum limit for the native heap growth. Please use -XX:HeapBaseMinAddress
#     to set the Java Heap base and to place the Java Heap above 4GB virtual address.
# This output file may be truncated or incomplete.
#
#  Out of Memory Error (allocation.cpp:272), pid=11432, tid=0x00000000000079c8
#
# JRE version: Java(TM) SE Runtime Environment (8.0_261-b12) (build 1.8.0_261-b12)
# Java VM: Java HotSpot(TM) 64-Bit Server VM (25.261-b12 mixed mode windows-amd64 compressed oops)
# Failed to write core dump. Minidumps are not enabled by default on client versions of Windows
#

---------------  T H R E A D  ---------------

Current thread (0x000001ee146f2000):  JavaThread "C1 CompilerThread3" daemon [_thread_in_vm, id=31176, stack(0x000000bf1bc00000,0x000000bf1bd00000)]

Stack: [0x000000bf1bc00000,0x000000bf1bd00000]
Native frames: (J=compiled Java code, j=interpreted, Vv=VM code, C=native code)
V  [jvm.dll+0x33e5f9]


Current CompileTask:
C1:   2554   33       3       java.lang.String::toLowerCase (439 bytes)


---------------  P R O C E S S  ---------------

Java Threads: ( => current thread )
  0x000001ee146f3800 JavaThread "Service Thread" daemon [_thread_blocked, id=22588, stack(0x000000bf1bd00000,0x000000bf1be00000)]
=>0x000001ee146f2000 JavaThread "C1 CompilerThread3" daemon [_thread_in_vm, id=31176, stack(0x000000bf1bc00000,0x000000bf1bd00000)]
  0x000001ee146ea800 JavaThread "C2 CompilerThread2" daemon [_thread_blocked, id=25240, stack(0x000000bf1bb00000,0x000000bf1bc00000)]
  0x000001ee146e7800 JavaThread "C2 CompilerThread1" daemon [_thread_blocked, id=30252, stack(0x000000bf1ba00000,0x000000bf1bb00000)]
  0x000001ee14688800 JavaThread "C2 CompilerThread0" daemon [_thread_blocked, id=22080, stack(0x000000bf1b900000,0x000000bf1ba00000)]
  0x000001ee14687800 JavaThread "Attach Listener" daemon [_thread_blocked, id=23128, stack(0x000000bf1b800000,0x000000bf1b900000)]
  0x000001ee14686800 JavaThread "Signal Dispatcher" daemon [_thread_blocked, id=26608, stack(0x000000bf1b700000,0x000000bf1b800000)]
  0x000001ee1466a800 JavaThread "Finalizer" daemon [_thread_blocked, id=26808, stack(0x000000bf1b600000,0x000000bf1b700000)]
  0x000001ee14649000 JavaThread "Reference Handler" daemon [_thread_blocked, id=24448, stack(0x000000bf1b500000,0x000000bf1b600000)]
  0x000001ee7da26000 JavaThread "main" [_thread_in_native, id=11420, stack(0x000000bf1ab00000,0x000000bf1ac00000)]

Other Threads:
  0x000001ee14643800 VMThread [stack: 0x000000bf1b400000,0x000000bf1b500000] [id=22964]
  0x000001ee146f7000 WatcherThread [stack: 0x000000bf1be00000,0x000000bf1bf00000] [id=10140]

VM state:not at safepoint (normal execution)

VM Mutex/Monitor currently owned by a thread: None

heap address: 0x0000000082e00000, size: 2002 MB, Compressed Oops mode: 32-bit
Narrow klass base: 0x0000000000000000, Narrow klass shift: 3
Compressed class space size: 1073741824 Address: 0x0000000100000000

Heap:
 PSYoungGen      total 37888K, used 1966K [0x00000000d6500000, 0x00000000d8f00000, 0x0000000100000000)
  eden space 32768K, 6% used [0x00000000d6500000,0x00000000d66eb8c0,0x00000000d8500000)
  from space 5120K, 0% used [0x00000000d8a00000,0x00000000d8a00000,0x00000000d8f00000)
  to   space 5120K, 0% used [0x00000000d8500000,0x00000000d8500000,0x00000000d8a00000)
 ParOldGen       total 86016K, used 0K [0x0000000082e00000, 0x0000000088200000, 0x00000000d6500000)
  object space 86016K, 0% used [0x0000000082e00000,0x0000000082e00000,0x0000000088200000)
 Metaspace       used 3146K, capacity 4490K, committed 4864K, reserved 1056768K
  class space    used 357K, capacity 386K, committed 512K, reserved 1048576K

Card table byte_map: [0x000001ee7f7e0000,0x000001ee7fbd0000] byte_map_base: 0x000001ee7f3c9000

Marking Bits: (ParMarkBitMap*) 0x0000000058f44fb0
 Begin Bits: [0x000001ee0f000000, 0x000001ee10f48000)
 End Bits:   [0x000001ee10f48000, 0x000001ee12e90000)

Polling page: 0x000001ee7d9e0000

CodeCache: size=245760Kb used=1129Kb max_used=1129Kb free=244630Kb
 bounds [0x000001ee00000000, 0x000001ee00270000, 0x000001ee0f000000]
 total_blobs=280 nmethods=33 adapters=161
 compilation: enabled

Compilation events (10 events):
Event: 2.442 Thread 0x000001ee146f2000 nmethod 28 0x000001ee00115e50 code [0x000001ee00115fa0, 0x000001ee00116138]
Event: 2.538 Thread 0x000001ee146f2000   29       1       java.lang.Object::<init> (1 bytes)
Event: 2.538 Thread 0x000001ee146f2000 nmethod 29 0x000001ee001181d0 code [0x000001ee00118320, 0x000001ee00118438]
Event: 2.542 Thread 0x000001ee146f2000   30       3       sun.misc.FDBigInteger::mult (64 bytes)
Event: 2.543 Thread 0x000001ee146f2000 nmethod 30 0x000001ee001192d0 code [0x000001ee00119440, 0x000001ee001196d8]
Event: 2.543 Thread 0x000001ee146f2000   31       3       sun.misc.FDBigInteger::<init> (30 bytes)
Event: 2.543 Thread 0x000001ee146f2000 nmethod 31 0x000001ee00119990 code [0x000001ee00119b00, 0x000001ee00119d10]
Event: 2.543 Thread 0x000001ee146f2000   32       3       sun.misc.FDBigInteger::trimLeadingZeros (57 bytes)
Event: 2.543 Thread 0x000001ee146f2000 nmethod 32 0x000001ee00119e10 code [0x000001ee00119f80, 0x000001ee0011a2b8]
Event: 2.550 Thread 0x000001ee146f2000   33       3       java.lang.String::toLowerCase (439 bytes)

GC Heap History (0 events):
No events

Deoptimization events (0 events):
No events

Classes redefined (0 events):
No events

Internal exceptions (2 events):
Event: 2.261 Thread 0x000001ee7da26000 Exception <a 'java/lang/NoSuchMethodError': Method sun.misc.Unsafe.defineClass(Ljava/lang/String;[BII)Ljava/lang/Class; name or signature does not match> (0x00000000d6507cc0) thrown at [C:\jenkins\workspace\8-2-build-windows-amd64-cygwin\jdk8u261\295\hots
Event: 2.261 Thread 0x000001ee7da26000 Exception <a 'java/lang/NoSuchMethodError': Method sun.misc.Unsafe.prefetchRead(Ljava/lang/Object;J)V name or signature does not match> (0x00000000d6507fa8) thrown at [C:\jenkins\workspace\8-2-build-windows-amd64-cygwin\jdk8u261\295\hotspot\src\share\vm\p

Events (10 events):
Event: 2.550 loading class java/security/Provider$Service
Event: 2.550 loading class java/security/Provider$Service done
Event: 2.550 loading class java/util/HashMap$EntrySet
Event: 2.550 loading class java/util/HashMap$EntrySet done
Event: 2.550 loading class java/util/HashMap$EntryIterator
Event: 2.550 loading class java/util/HashMap$HashIterator
Event: 2.550 loading class java/util/HashMap$HashIterator done
Event: 2.550 loading class java/util/HashMap$EntryIterator done
Event: 2.550 loading class java/security/Provider$UString
Event: 2.550 loading class java/security/Provider$UString done


Dynamic libraries:
0x00007ff724b00000 - 0x00007ff724b47000 	C:\Program Files\Java\jre1.8.0_261\bin\java.exe
0x00007ffad0000000 - 0x00007ffad01f0000 	C:\WINDOWS\SYSTEM32\ntdll.dll
0x00007ffacf740000 - 0x00007ffacf7f2000 	C:\WINDOWS\System32\KERNEL32.DLL
0x00007ffacd180000 - 0x00007ffacd424000 	C:\WINDOWS\System32\KERNELBASE.dll
0x00007ffacf960000 - 0x00007ffacfa03000 	C:\WINDOWS\System32\ADVAPI32.dll
0x00007ffacfdb0000 - 0x00007ffacfe4e000 	C:\WINDOWS\System32\msvcrt.dll
0x00007fface260000 - 0x00007fface2f7000 	C:\WINDOWS\System32\sechost.dll
0x00007ffacf620000 - 0x00007ffacf740000 	C:\WINDOWS\System32\RPCRT4.dll
0x00007ffacec50000 - 0x00007ffacede4000 	C:\WINDOWS\System32\USER32.dll
0x00007ffacd5b0000 - 0x00007ffacd5d1000 	C:\WINDOWS\System32\win32u.dll
0x00007ffacff20000 - 0x00007ffacff46000 	C:\WINDOWS\System32\GDI32.dll
0x00007ffaccfe0000 - 0x00007ffacd176000 	C:\WINDOWS\System32\gdi32full.dll
0x00007ffacdff0000 - 0x00007fface08e000 	C:\WINDOWS\System32\msvcp_win.dll
0x00007ffacd660000 - 0x00007ffacd75a000 	C:\WINDOWS\System32\ucrtbase.dll
0x00007ffab1900000 - 0x00007ffab1b84000 	C:\WINDOWS\WinSxS\amd64_microsoft.windows.common-controls_6595b64144ccf1df_6.0.18362.959_none_e6c7bbbf130c62bb\COMCTL32.dll
0x00007ffacfa70000 - 0x00007ffacfda5000 	C:\WINDOWS\System32\combase.dll
0x00007ffacd5e0000 - 0x00007ffacd660000 	C:\WINDOWS\System32\bcryptPrimitives.dll
0x00007fface390000 - 0x00007fface3be000 	C:\WINDOWS\System32\IMM32.DLL
0x00007ffac8f00000 - 0x00007ffac8f15000 	C:\Program Files\Java\jre1.8.0_261\bin\vcruntime140.dll
0x00007ffaa1470000 - 0x00007ffaa150b000 	C:\Program Files\Java\jre1.8.0_261\bin\msvcp140.dll
0x0000000058750000 - 0x0000000058fbc000 	C:\Program Files\Java\jre1.8.0_261\bin\server\jvm.dll
0x00007fface760000 - 0x00007fface768000 	C:\WINDOWS\System32\PSAPI.DLL
0x00007ffaa9df0000 - 0x00007ffaa9df9000 	C:\WINDOWS\SYSTEM32\WSOCK32.dll
0x00007ffacff50000 - 0x00007ffacffbf000 	C:\WINDOWS\System32\WS2_32.dll
0x00007ffac28b0000 - 0x00007ffac28d4000 	C:\WINDOWS\SYSTEM32\WINMM.dll
0x00007ffabc580000 - 0x00007ffabc58a000 	C:\WINDOWS\SYSTEM32\VERSION.dll
0x00007ffac2880000 - 0x00007ffac28ad000 	C:\WINDOWS\SYSTEM32\WINMMBASE.dll
0x00007ffacd760000 - 0x00007ffacd7aa000 	C:\WINDOWS\System32\cfgmgr32.dll
0x00007ffaccf10000 - 0x00007ffaccf21000 	C:\WINDOWS\System32\kernel.appcore.dll
0x00007ffac8c90000 - 0x00007ffac8ca0000 	C:\Program Files\Java\jre1.8.0_261\bin\verify.dll
0x00007ffab0510000 - 0x00007ffab053b000 	C:\Program Files\Java\jre1.8.0_261\bin\java.dll
0x00007ffab5250000 - 0x00007ffab5268000 	C:\Program Files\Java\jre1.8.0_261\bin\zip.dll
0x00007ffacef30000 - 0x00007ffacf616000 	C:\WINDOWS\System32\SHELL32.dll
0x00007fface3c0000 - 0x00007fface469000 	C:\WINDOWS\System32\shcore.dll
0x00007ffacd7b0000 - 0x00007ffacdf32000 	C:\WINDOWS\System32\windows.storage.dll
0x00007ffaccf30000 - 0x00007ffaccf53000 	C:\WINDOWS\System32\profapi.dll
0x00007ffaccec0000 - 0x00007ffaccf0a000 	C:\WINDOWS\System32\powrprof.dll
0x00007ffacceb0000 - 0x00007ffaccec0000 	C:\WINDOWS\System32\UMPDC.dll
0x00007fface300000 - 0x00007fface352000 	C:\WINDOWS\System32\shlwapi.dll
0x00007fface090000 - 0x00007fface0a7000 	C:\WINDOWS\System32\cryptsp.dll
0x00007ffacc290000 - 0x00007ffacc2c3000 	C:\WINDOWS\system32\rsaenh.dll
0x00007ffacd430000 - 0x00007ffacd456000 	C:\WINDOWS\System32\bcrypt.dll

VM Arguments:
jvm_args: -Djava.rmi.server.codebase=file:C:\Users\aalex\OneDrive\ITAM\ultMat\SCE\SimpleRMIAutonomo\tstRMI.jar 
java_command: C:\Users\aalex\OneDrive\ITAM\ultMat\SCE\SimpleRMIAutonomo\tstRMI.jar Cliente localhost 200
java_class_path (initial): C:\Users\aalex\OneDrive\ITAM\ultMat\SCE\SimpleRMIAutonomo\tstRMI.jar
Launcher Type: SUN_STANDARD

Environment Variables:
CLASSPATH=.;C:\Program Files\Java\jre1.8.0_261;
PATH=C:\Program Files\Java\jre1.8.0_261\bin;C:\Program Files (x86)\Common Files\Oracle\Java\javapath;C:\WINDOWS\system32;C:\WINDOWS;C:\WINDOWS\System32\Wbem;C:\WINDOWS\System32\WindowsPowerShell\v1.0\;C:\WINDOWS\System32\OpenSSH\;C:\Program Files\Git\cmd;C:\Program Files\MATLAB\R2019b\bin;C:\Program Files\nodejs\;C:\Program Files\PuTTY\;C:\Users\aalex\AppData\Local\Microsoft\WindowsApps;;C:\Users\aalex\AppData\Local\Programs\Microsoft VS Code\bin;C:\Users\aalex\AppData\Roaming\npm
USERNAME=aalex
OS=Windows_NT
PROCESSOR_IDENTIFIER=Intel64 Family 6 Model 142 Stepping 12, GenuineIntel



---------------  S Y S T E M  ---------------

OS: Windows 10.0 , 64 bit Build 18362 (10.0.18362.959)

CPU:total 8 (initial active 8) (4 cores per cpu, 2 threads per core) family 6 model 142 stepping 12, cmov, cx8, fxsr, mmx, sse, sse2, sse3, ssse3, sse4.1, sse4.2, popcnt, avx, avx2, aes, clmul, erms, 3dnowpref, lzcnt, ht, tsc, tscinvbit, bmi1, bmi2, adx

Memory: 4k page, physical 8197876k(1163172k free), swap 23663728k(172k free)

vm_info: Java HotSpot(TM) 64-Bit Server VM (25.261-b12) for windows-amd64 JRE (1.8.0_261-b12), built on Jun 18 2020 06:56:32 by "" with unknown MS VC++:1916

time: Thu Aug  6 12:50:21 2020
timezone: Central Daylight Time (Mexico)
elapsed time: 2 seconds (0d 0h 0m 2s)

