#
# There is insufficient memory for the Java Runtime Environment to continue.
# Native memory allocation (malloc) failed to allocate 32744 bytes for ChunkPool::allocate
# Possible reasons:
#   The system is out of physical RAM or swap space
#   The process is running with CompressedOops enabled, and the Java Heap may be blocking the growth of the native heap
# Possible solutions:
#   Reduce memory load on the system
#   Increase physical memory or swap space
#   Check if swap backing store is full
#   Decrease Java heap size (-Xmx/-Xms)
#   Decrease number of Java threads
#   Decrease Java thread stack sizes (-Xss)
#   Set larger code cache with -XX:ReservedCodeCacheSize=
#   JVM is running with Unscaled Compressed Oops mode in which the Java heap is
#     placed in the first 4GB address space. The Java Heap base address is the
#     maximum limit for the native heap growth. Please use -XX:HeapBaseMinAddress
#     to set the Java Heap base and to place the Java Heap above 4GB virtual address.
# This output file may be truncated or incomplete.
#
#  Out of Memory Error (allocation.cpp:272), pid=30292, tid=0x00000000000070dc
#
# JRE version: Java(TM) SE Runtime Environment (8.0_261-b12) (build 1.8.0_261-b12)
# Java VM: Java HotSpot(TM) 64-Bit Server VM (25.261-b12 mixed mode windows-amd64 compressed oops)
# Failed to write core dump. Minidumps are not enabled by default on client versions of Windows
#

---------------  T H R E A D  ---------------

Current thread (0x00000206b56d5000):  JavaThread "C2 CompilerThread1" daemon [_thread_in_native, id=28892, stack(0x000000aeb7600000,0x000000aeb7700000)]

Stack: [0x000000aeb7600000,0x000000aeb7700000]
Native frames: (J=compiled Java code, j=interpreted, Vv=VM code, C=native code)
V  [jvm.dll+0x33e5f9]
V  [jvm.dll+0x2850e2]
V  [jvm.dll+0x285d8d]
V  [jvm.dll+0x27c895]
V  [jvm.dll+0xe520d]
V  [jvm.dll+0xe556c]
V  [jvm.dll+0x27e4f5]
V  [jvm.dll+0x4505c0]
V  [jvm.dll+0x44e3ec]
V  [jvm.dll+0x439bc7]
V  [jvm.dll+0xbbbcb]
V  [jvm.dll+0xba22b]
V  [jvm.dll+0x24d962]
V  [jvm.dll+0x2a1cfc]
C  [ucrtbase.dll+0x20e82]
C  [KERNEL32.DLL+0x17bd4]
C  [ntdll.dll+0x6ce51]


Current CompileTask:
C2:  35585  332       4       java.util.Arrays::copyOfRange (63 bytes)


---------------  P R O C E S S  ---------------

Java Threads: ( => current thread )
  0x00000206b6b90000 JavaThread "RMI TCP Connection(4)-192.168.0.17" daemon [_thread_in_native, id=30668, stack(0x000000aeb8300000,0x000000aeb8400000)]
  0x00000206b6b97800 JavaThread "RMI TCP Connection(3)-192.168.0.17" daemon [_thread_in_native, id=29716, stack(0x000000aeb8200000,0x000000aeb8300000)]
  0x000002069eb14000 JavaThread "DestroyJavaVM" [_thread_blocked, id=25732, stack(0x000000aeb6700000,0x000000aeb6800000)]
  0x00000206b6e3b000 JavaThread "RMI TCP Connection(2)-192.168.0.17" daemon [_thread_in_native, id=23292, stack(0x000000aeb7f00000,0x000000aeb8000000)]
  0x00000206b6e82000 JavaThread "RMI Scheduler(0)" daemon [_thread_blocked, id=11992, stack(0x000000aeb7e00000,0x000000aeb7f00000)]
  0x00000206b6e17800 JavaThread "GC Daemon" daemon [_thread_blocked, id=26380, stack(0x000000aeb7d00000,0x000000aeb7e00000)]
  0x00000206b6e16000 JavaThread "RMI Reaper" [_thread_blocked, id=30124, stack(0x000000aeb7c00000,0x000000aeb7d00000)]
  0x00000206b6ba0800 JavaThread "RMI TCP Accept-0" daemon [_thread_in_native, id=18260, stack(0x000000aeb7b00000,0x000000aeb7c00000)]
  0x00000206b6aa0800 JavaThread "Service Thread" daemon [_thread_blocked, id=27056, stack(0x000000aeb7900000,0x000000aeb7a00000)]
  0x00000206b56de000 JavaThread "C1 CompilerThread3" daemon [_thread_blocked, id=20400, stack(0x000000aeb7800000,0x000000aeb7900000)]
  0x00000206b56dd800 JavaThread "C2 CompilerThread2" daemon [_thread_blocked, id=15916, stack(0x000000aeb7700000,0x000000aeb7800000)]
=>0x00000206b56d5000 JavaThread "C2 CompilerThread1" daemon [_thread_in_native, id=28892, stack(0x000000aeb7600000,0x000000aeb7700000)]
  0x00000206b56d0000 JavaThread "C2 CompilerThread0" daemon [_thread_blocked, id=29844, stack(0x000000aeb7500000,0x000000aeb7600000)]
  0x00000206b56ca800 JavaThread "Attach Listener" daemon [_thread_blocked, id=28048, stack(0x000000aeb7400000,0x000000aeb7500000)]
  0x00000206b56ca000 JavaThread "Signal Dispatcher" daemon [_thread_blocked, id=21596, stack(0x000000aeb7300000,0x000000aeb7400000)]
  0x00000206b4a9e800 JavaThread "Finalizer" daemon [_thread_blocked, id=27868, stack(0x000000aeb7200000,0x000000aeb7300000)]
  0x00000206b4a95800 JavaThread "Reference Handler" daemon [_thread_blocked, id=2404, stack(0x000000aeb7100000,0x000000aeb7200000)]

Other Threads:
  0x00000206b5683000 VMThread [stack: 0x000000aeb7000000,0x000000aeb7100000] [id=10020]
  0x00000206b6ac1000 WatcherThread [stack: 0x000000aeb7a00000,0x000000aeb7b00000] [id=31264]

VM state:not at safepoint (normal execution)

VM Mutex/Monitor currently owned by a thread: None

OutOfMemory and StackOverflow Exception counts:
OutOfMemoryError java_heap_errors=1

heap address: 0x0000000082e00000, size: 2002 MB, Compressed Oops mode: 32-bit
Narrow klass base: 0x0000000000000000, Narrow klass shift: 3
Compressed class space size: 1073741824 Address: 0x0000000100000000

Heap:
 PSYoungGen      total 37888K, used 3605K [0x00000000d6500000, 0x00000000d8f00000, 0x0000000100000000)
  eden space 32768K, 11% used [0x00000000d6500000,0x00000000d6885420,0x00000000d8500000)
  from space 5120K, 0% used [0x00000000d8500000,0x00000000d8500000,0x00000000d8a00000)
  to   space 5120K, 0% used [0x00000000d8a00000,0x00000000d8a00000,0x00000000d8f00000)
 ParOldGen       total 86016K, used 769K [0x0000000082e00000, 0x0000000088200000, 0x00000000d6500000)
  object space 86016K, 0% used [0x0000000082e00000,0x0000000082ec0400,0x0000000088200000)
 Metaspace       used 6832K, capacity 6984K, committed 7040K, reserved 1058816K
  class space    used 825K, capacity 870K, committed 896K, reserved 1048576K

Card table byte_map: [0x00000206af860000,0x00000206afc50000] byte_map_base: 0x00000206af449000

Marking Bits: (ParMarkBitMap*) 0x0000000058f44fb0
 Begin Bits: [0x00000206afef0000, 0x00000206b1e38000)
 End Bits:   [0x00000206b1e38000, 0x00000206b3d80000)

Polling page: 0x000002069ee50000

CodeCache: size=245760Kb used=1691Kb max_used=1702Kb free=244068Kb
 bounds [0x00000206a04a0000, 0x00000206a0710000, 0x00000206af4a0000]
 total_blobs=666 nmethods=344 adapters=235
 compilation: enabled

Compilation events (10 events):
Event: 35.479 Thread 0x00000206b56de000  323       3       java.io.BufferedInputStream::read1 (108 bytes)
Event: 35.479 Thread 0x00000206b56de000 nmethod 323 0x00000206a0639f50 code [0x00000206a063a160, 0x00000206a063aa60]
Event: 35.479 Thread 0x00000206b56de000  324  s    3       java.io.BufferedInputStream::read (49 bytes)
Event: 35.480 Thread 0x00000206b56de000 nmethod 324 0x00000206a0639650 code [0x00000206a06397e0, 0x00000206a0639d40]
Event: 35.550 Thread 0x00000206b56d5000  326       4       java.lang.CharacterData::of (120 bytes)
Event: 35.550 Thread 0x00000206b56d5000 nmethod 326 0x00000206a0639410 code [0x00000206a0639540, 0x00000206a06395b8]
Event: 35.554 Thread 0x00000206b56de000  327       1       java.util.Formatter$Flags::valueOf (5 bytes)
Event: 35.554 Thread 0x00000206b56de000 nmethod 327 0x00000206a063e490 code [0x00000206a063e5e0, 0x00000206a063e6f8]
Event: 35.562 Thread 0x00000206b56de000  328       3       java.io.DataInputStream::readUTF (501 bytes)
Event: 35.563 Thread 0x00000206b56d5000  332       4       java.util.Arrays::copyOfRange (63 bytes)

GC Heap History (4 events):
Event: 0.281 GC heap before
{Heap before GC invocations=1 (full 0):
 PSYoungGen      total 37888K, used 3932K [0x00000000d6500000, 0x00000000d8f00000, 0x0000000100000000)
  eden space 32768K, 12% used [0x00000000d6500000,0x00000000d68d73a0,0x00000000d8500000)
  from space 5120K, 0% used [0x00000000d8a00000,0x00000000d8a00000,0x00000000d8f00000)
  to   space 5120K, 0% used [0x00000000d8500000,0x00000000d8500000,0x00000000d8a00000)
 ParOldGen       total 86016K, used 0K [0x0000000082e00000, 0x0000000088200000, 0x00000000d6500000)
  object space 86016K, 0% used [0x0000000082e00000,0x0000000082e00000,0x0000000088200000)
 Metaspace       used 5537K, capacity 5660K, committed 5888K, reserved 1056768K
  class space    used 652K, capacity 694K, committed 768K, reserved 1048576K
Event: 0.282 GC heap after
Heap after GC invocations=1 (full 0):
 PSYoungGen      total 37888K, used 928K [0x00000000d6500000, 0x00000000d8f00000, 0x0000000100000000)
  eden space 32768K, 0% used [0x00000000d6500000,0x00000000d6500000,0x00000000d8500000)
  from space 5120K, 18% used [0x00000000d8500000,0x00000000d85e8000,0x00000000d8a00000)
  to   space 5120K, 0% used [0x00000000d8a00000,0x00000000d8a00000,0x00000000d8f00000)
 ParOldGen       total 86016K, used 8K [0x0000000082e00000, 0x0000000088200000, 0x00000000d6500000)
  object space 86016K, 0% used [0x0000000082e00000,0x0000000082e02000,0x0000000088200000)
 Metaspace       used 5537K, capacity 5660K, committed 5888K, reserved 1056768K
  class space    used 652K, capacity 694K, committed 768K, reserved 1048576K
}
Event: 0.282 GC heap before
{Heap before GC invocations=2 (full 1):
 PSYoungGen      total 37888K, used 928K [0x00000000d6500000, 0x00000000d8f00000, 0x0000000100000000)
  eden space 32768K, 0% used [0x00000000d6500000,0x00000000d6500000,0x00000000d8500000)
  from space 5120K, 18% used [0x00000000d8500000,0x00000000d85e8000,0x00000000d8a00000)
  to   space 5120K, 0% used [0x00000000d8a00000,0x00000000d8a00000,0x00000000d8f00000)
 ParOldGen       total 86016K, used 8K [0x0000000082e00000, 0x0000000088200000, 0x00000000d6500000)
  object space 86016K, 0% used [0x0000000082e00000,0x0000000082e02000,0x0000000088200000)
 Metaspace       used 5537K, capacity 5660K, committed 5888K, reserved 1056768K
  class space    used 652K, capacity 694K, committed 768K, reserved 1048576K
Event: 0.289 GC heap after
Heap after GC invocations=2 (full 1):
 PSYoungGen      total 37888K, used 0K [0x00000000d6500000, 0x00000000d8f00000, 0x0000000100000000)
  eden space 32768K, 0% used [0x00000000d6500000,0x00000000d6500000,0x00000000d8500000)
  from space 5120K, 0% used [0x00000000d8500000,0x00000000d8500000,0x00000000d8a00000)
  to   space 5120K, 0% used [0x00000000d8a00000,0x00000000d8a00000,0x00000000d8f00000)
 ParOldGen       total 86016K, used 769K [0x0000000082e00000, 0x0000000088200000, 0x00000000d6500000)
  object space 86016K, 0% used [0x0000000082e00000,0x0000000082ec0400,0x0000000088200000)
 Metaspace       used 5537K, capacity 5660K, committed 5888K, reserved 1056768K
  class space    used 652K, capacity 694K, committed 768K, reserved 1048576K
}

Deoptimization events (0 events):
No events

Classes redefined (0 events):
No events

Internal exceptions (10 events):
Event: 0.024 Thread 0x000002069eb14000 Exception <a 'java/lang/NoSuchMethodError': Method sun.misc.Unsafe.defineClass(Ljava/lang/String;[BII)Ljava/lang/Class; name or signature does not match> (0x00000000d6507cc0) thrown at [C:\jenkins\workspace\8-2-build-windows-amd64-cygwin\jdk8u261\295\hots
Event: 0.024 Thread 0x000002069eb14000 Exception <a 'java/lang/NoSuchMethodError': Method sun.misc.Unsafe.prefetchRead(Ljava/lang/Object;J)V name or signature does not match> (0x00000000d6507fa8) thrown at [C:\jenkins\workspace\8-2-build-windows-amd64-cygwin\jdk8u261\295\hotspot\src\share\vm\p
Event: 0.268 Thread 0x000002069eb14000 Exception <a 'java/lang/NoSuchFieldError': method resolution failed> (0x00000000d6846690) thrown at [C:\jenkins\workspace\8-2-build-windows-amd64-cygwin\jdk8u261\295\hotspot\src\share\vm\prims\methodHandles.cpp, line 1169]
Event: 0.269 Thread 0x000002069eb14000 Exception <a 'java/lang/NoSuchFieldError': method resolution failed> (0x00000000d6853c48) thrown at [C:\jenkins\workspace\8-2-build-windows-amd64-cygwin\jdk8u261\295\hotspot\src\share\vm\prims\methodHandles.cpp, line 1169]
Event: 0.302 Thread 0x000002069eb14000 Exception <a 'java/security/PrivilegedActionException'> (0x00000000d6537570) thrown at [C:\jenkins\workspace\8-2-build-windows-amd64-cygwin\jdk8u261\295\hotspot\src\share\vm\prims\jvm.cpp, line 1512]
Event: 0.302 Thread 0x000002069eb14000 Exception <a 'java/security/PrivilegedActionException'> (0x00000000d6537968) thrown at [C:\jenkins\workspace\8-2-build-windows-amd64-cygwin\jdk8u261\295\hotspot\src\share\vm\prims\jvm.cpp, line 1512]
Event: 0.303 Thread 0x000002069eb14000 Exception <a 'java/security/PrivilegedActionException'> (0x00000000d653b7c0) thrown at [C:\jenkins\workspace\8-2-build-windows-amd64-cygwin\jdk8u261\295\hotspot\src\share\vm\prims\jvm.cpp, line 1512]
Event: 0.303 Thread 0x000002069eb14000 Exception <a 'java/security/PrivilegedActionException'> (0x00000000d653bbb8) thrown at [C:\jenkins\workspace\8-2-build-windows-amd64-cygwin\jdk8u261\295\hotspot\src\share\vm\prims\jvm.cpp, line 1512]
Event: 0.381 Thread 0x00000206b6e3b000 Exception <a 'java/lang/NoSuchMethodError': <clinit>> (0x00000000d677a478) thrown at [C:\jenkins\workspace\8-2-build-windows-amd64-cygwin\jdk8u261\295\hotspot\src\share\vm\prims\jni.cpp, line 1615]
Event: 35.549 Thread 0x00000206b6ba0800 Exception <a 'java/lang/OutOfMemoryError': unable to create new native thread> (0x00000000d669b818) thrown at [C:\jenkins\workspace\8-2-build-windows-amd64-cygwin\jdk8u261\295\hotspot\src\share\vm\prims\jvm.cpp, line 3151]

Events (10 events):
Event: 35.554 loading class java/util/Calendar
Event: 35.555 loading class java/util/Calendar done
Event: 35.555 loading class java/util/TimeZone
Event: 35.555 loading class java/util/TimeZone done
Event: 35.556 loading class sun/util/calendar/ZoneInfo
Event: 35.556 loading class sun/util/calendar/ZoneInfo done
Event: 35.556 loading class sun/util/calendar/ZoneInfoFile
Event: 35.556 loading class sun/util/calendar/ZoneInfoFile done
Event: 35.556 loading class sun/util/calendar/ZoneInfoFile$1
Event: 35.556 loading class sun/util/calendar/ZoneInfoFile$1 done


Dynamic libraries:
0x00007ff724b00000 - 0x00007ff724b47000 	C:\Program Files\Java\jre1.8.0_261\bin\java.exe
0x00007ffad0000000 - 0x00007ffad01f0000 	C:\WINDOWS\SYSTEM32\ntdll.dll
0x00007ffacf740000 - 0x00007ffacf7f2000 	C:\WINDOWS\System32\KERNEL32.DLL
0x00007ffacd180000 - 0x00007ffacd424000 	C:\WINDOWS\System32\KERNELBASE.dll
0x00007ffacf960000 - 0x00007ffacfa03000 	C:\WINDOWS\System32\ADVAPI32.dll
0x00007ffacfdb0000 - 0x00007ffacfe4e000 	C:\WINDOWS\System32\msvcrt.dll
0x00007fface260000 - 0x00007fface2f7000 	C:\WINDOWS\System32\sechost.dll
0x00007ffacf620000 - 0x00007ffacf740000 	C:\WINDOWS\System32\RPCRT4.dll
0x00007ffacec50000 - 0x00007ffacede4000 	C:\WINDOWS\System32\USER32.dll
0x00007ffacd5b0000 - 0x00007ffacd5d1000 	C:\WINDOWS\System32\win32u.dll
0x00007ffacff20000 - 0x00007ffacff46000 	C:\WINDOWS\System32\GDI32.dll
0x00007ffaccfe0000 - 0x00007ffacd176000 	C:\WINDOWS\System32\gdi32full.dll
0x00007ffacdff0000 - 0x00007fface08e000 	C:\WINDOWS\System32\msvcp_win.dll
0x00007ffacd660000 - 0x00007ffacd75a000 	C:\WINDOWS\System32\ucrtbase.dll
0x00007ffab1900000 - 0x00007ffab1b84000 	C:\WINDOWS\WinSxS\amd64_microsoft.windows.common-controls_6595b64144ccf1df_6.0.18362.959_none_e6c7bbbf130c62bb\COMCTL32.dll
0x00007ffacfa70000 - 0x00007ffacfda5000 	C:\WINDOWS\System32\combase.dll
0x00007ffacd5e0000 - 0x00007ffacd660000 	C:\WINDOWS\System32\bcryptPrimitives.dll
0x00007fface390000 - 0x00007fface3be000 	C:\WINDOWS\System32\IMM32.DLL
0x00007ffac8f00000 - 0x00007ffac8f15000 	C:\Program Files\Java\jre1.8.0_261\bin\vcruntime140.dll
0x00007ffaa1470000 - 0x00007ffaa150b000 	C:\Program Files\Java\jre1.8.0_261\bin\msvcp140.dll
0x0000000058750000 - 0x0000000058fbc000 	C:\Program Files\Java\jre1.8.0_261\bin\server\jvm.dll
0x00007fface760000 - 0x00007fface768000 	C:\WINDOWS\System32\PSAPI.DLL
0x00007ffaa9df0000 - 0x00007ffaa9df9000 	C:\WINDOWS\SYSTEM32\WSOCK32.dll
0x00007ffabc580000 - 0x00007ffabc58a000 	C:\WINDOWS\SYSTEM32\VERSION.dll
0x00007ffac28b0000 - 0x00007ffac28d4000 	C:\WINDOWS\SYSTEM32\WINMM.dll
0x00007ffacff50000 - 0x00007ffacffbf000 	C:\WINDOWS\System32\WS2_32.dll
0x00007ffac2880000 - 0x00007ffac28ad000 	C:\WINDOWS\SYSTEM32\winmmbase.dll
0x00007ffacd760000 - 0x00007ffacd7aa000 	C:\WINDOWS\System32\cfgmgr32.dll
0x00007ffaccf10000 - 0x00007ffaccf21000 	C:\WINDOWS\System32\kernel.appcore.dll
0x00007ffac8c90000 - 0x00007ffac8ca0000 	C:\Program Files\Java\jre1.8.0_261\bin\verify.dll
0x00007ffab0510000 - 0x00007ffab053b000 	C:\Program Files\Java\jre1.8.0_261\bin\java.dll
0x00007ffab5250000 - 0x00007ffab5268000 	C:\Program Files\Java\jre1.8.0_261\bin\zip.dll
0x00007ffacef30000 - 0x00007ffacf616000 	C:\WINDOWS\System32\SHELL32.dll
0x00007fface3c0000 - 0x00007fface469000 	C:\WINDOWS\System32\shcore.dll
0x00007ffacd7b0000 - 0x00007ffacdf32000 	C:\WINDOWS\System32\windows.storage.dll
0x00007ffaccf30000 - 0x00007ffaccf53000 	C:\WINDOWS\System32\profapi.dll
0x00007ffaccec0000 - 0x00007ffaccf0a000 	C:\WINDOWS\System32\powrprof.dll
0x00007ffacceb0000 - 0x00007ffaccec0000 	C:\WINDOWS\System32\UMPDC.dll
0x00007fface300000 - 0x00007fface352000 	C:\WINDOWS\System32\shlwapi.dll
0x00007fface090000 - 0x00007fface0a7000 	C:\WINDOWS\System32\cryptsp.dll
0x00007ffacc290000 - 0x00007ffacc2c3000 	C:\WINDOWS\system32\rsaenh.dll
0x00007ffacd430000 - 0x00007ffacd456000 	C:\WINDOWS\System32\bcrypt.dll
0x00007ffaccdd0000 - 0x00007ffaccdf5000 	C:\WINDOWS\SYSTEM32\USERENV.dll
0x00007ffacc8f0000 - 0x00007ffacc8fc000 	C:\WINDOWS\SYSTEM32\CRYPTBASE.dll
0x00007ffab4340000 - 0x00007ffab435c000 	C:\Program Files\Java\jre1.8.0_261\bin\net.dll
0x00007ffacc720000 - 0x00007ffacc787000 	C:\WINDOWS\system32\mswsock.dll
0x00007ffacc430000 - 0x00007ffacc46a000 	C:\WINDOWS\SYSTEM32\IPHLPAPI.DLL
0x00007ffacef20000 - 0x00007ffacef28000 	C:\WINDOWS\System32\NSI.dll
0x00007ffac3150000 - 0x00007ffac3166000 	C:\WINDOWS\SYSTEM32\dhcpcsvc6.DLL
0x00007ffac3d90000 - 0x00007ffac3dac000 	C:\WINDOWS\SYSTEM32\dhcpcsvc.DLL
0x00007ffacc470000 - 0x00007ffacc53b000 	C:\WINDOWS\SYSTEM32\DNSAPI.dll
0x00007ffab0640000 - 0x00007ffab0653000 	C:\Program Files\Java\jre1.8.0_261\bin\nio.dll
0x00007ffa9b650000 - 0x00007ffa9b666000 	C:\WINDOWS\system32\napinsp.dll
0x00007ffa9b630000 - 0x00007ffa9b64a000 	C:\WINDOWS\system32\pnrpnsp.dll
0x00007ffaa4d90000 - 0x00007ffaa4d9e000 	C:\WINDOWS\System32\winrnr.dll
0x00007ffac3f20000 - 0x00007ffac3f3c000 	C:\WINDOWS\system32\NLAapi.dll
0x00007ffaa6140000 - 0x00007ffaa6155000 	C:\WINDOWS\system32\wshbth.dll
0x00007ffac2550000 - 0x00007ffac255a000 	C:\Windows\System32\rasadhlp.dll
0x00007ffac30d0000 - 0x00007ffac3147000 	C:\WINDOWS\System32\fwpuclnt.dll
0x00007ffacae50000 - 0x00007ffacb044000 	C:\WINDOWS\SYSTEM32\dbghelp.dll

VM Arguments:
jvm_args: -Djava.rmi.server.codebase=file:C:\Users\aalex\OneDrive\ITAM\ultMat\SCE\SimpleRMIAutonomo\tstRMI.jar 
java_command: C:\Users\aalex\OneDrive\ITAM\ultMat\SCE\SimpleRMIAutonomo\tstRMI.jar Server
java_class_path (initial): C:\Users\aalex\OneDrive\ITAM\ultMat\SCE\SimpleRMIAutonomo\tstRMI.jar
Launcher Type: SUN_STANDARD

Environment Variables:
CLASSPATH=.;C:\Program Files\Java\jre1.8.0_261;
PATH=C:\Program Files\Java\jre1.8.0_261\bin;C:\Program Files (x86)\Common Files\Oracle\Java\javapath;C:\WINDOWS\system32;C:\WINDOWS;C:\WINDOWS\System32\Wbem;C:\WINDOWS\System32\WindowsPowerShell\v1.0\;C:\WINDOWS\System32\OpenSSH\;C:\Program Files\Git\cmd;C:\Program Files\MATLAB\R2019b\bin;C:\Program Files\nodejs\;C:\Program Files\PuTTY\;C:\Users\aalex\AppData\Local\Microsoft\WindowsApps;;C:\Users\aalex\AppData\Local\Programs\Microsoft VS Code\bin;C:\Users\aalex\AppData\Roaming\npm
USERNAME=aalex
OS=Windows_NT
PROCESSOR_IDENTIFIER=Intel64 Family 6 Model 142 Stepping 12, GenuineIntel



---------------  S Y S T E M  ---------------

OS: Windows 10.0 , 64 bit Build 18362 (10.0.18362.959)

CPU:total 8 (initial active 8) (4 cores per cpu, 2 threads per core) family 6 model 142 stepping 12, cmov, cx8, fxsr, mmx, sse, sse2, sse3, ssse3, sse4.1, sse4.2, popcnt, avx, avx2, aes, clmul, erms, 3dnowpref, lzcnt, ht, tsc, tscinvbit, bmi1, bmi2, adx

Memory: 4k page, physical 8197876k(1207508k free), swap 23663728k(244244k free)

vm_info: Java HotSpot(TM) 64-Bit Server VM (25.261-b12) for windows-amd64 JRE (1.8.0_261-b12), built on Jun 18 2020 06:56:32 by "" with unknown MS VC++:1916

time: Thu Aug  6 12:48:49 2020
timezone: Central Daylight Time (Mexico)
elapsed time: 35 seconds (0d 0h 0m 35s)

