#
# There is insufficient memory for the Java Runtime Environment to continue.
# Native memory allocation (malloc) failed to allocate 1048576 bytes for AllocateHeap
# Possible reasons:
#   The system is out of physical RAM or swap space
#   The process is running with CompressedOops enabled, and the Java Heap may be blocking the growth of the native heap
# Possible solutions:
#   Reduce memory load on the system
#   Increase physical memory or swap space
#   Check if swap backing store is full
#   Decrease Java heap size (-Xmx/-Xms)
#   Decrease number of Java threads
#   Decrease Java thread stack sizes (-Xss)
#   Set larger code cache with -XX:ReservedCodeCacheSize=
#   JVM is running with Unscaled Compressed Oops mode in which the Java heap is
#     placed in the first 4GB address space. The Java Heap base address is the
#     maximum limit for the native heap growth. Please use -XX:HeapBaseMinAddress
#     to set the Java Heap base and to place the Java Heap above 4GB virtual address.
# This output file may be truncated or incomplete.
#
#  Out of Memory Error (memory/allocation.inline.hpp:61), pid=23976, tid=0x0000000000006a04
#
# JRE version:  (8.0_261-b12) (build )
# Java VM: Java HotSpot(TM) 64-Bit Server VM (25.261-b12 mixed mode windows-amd64 compressed oops)
# Failed to write core dump. Minidumps are not enabled by default on client versions of Windows
#

---------------  T H R E A D  ---------------

Current thread (0x000002a5b0404800):  JavaThread "Unknown thread" [_thread_in_vm, id=27140, stack(0x000000cb19700000,0x000000cb19800000)]

Stack: [0x000000cb19700000,0x000000cb19800000]
Native frames: (J=compiled Java code, j=interpreted, Vv=VM code, C=native code)
V  [jvm.dll+0x33e5f9]
V  [jvm.dll+0x2850e2]
V  [jvm.dll+0x285d8d]
V  [jvm.dll+0x27c895]
V  [jvm.dll+0x1565d]
V  [jvm.dll+0x3e2507]
V  [jvm.dll+0x3e2ef8]
V  [jvm.dll+0x10c61f]
V  [jvm.dll+0x21a00b]
V  [jvm.dll+0x248687]
V  [jvm.dll+0x172116]
C  [java.exe+0x2312]
C  [java.exe+0x15f64]
C  [KERNEL32.DLL+0x17bd4]
C  [ntdll.dll+0x6ce51]


---------------  P R O C E S S  ---------------

Java Threads: ( => current thread )

Other Threads:

=>0x000002a5b0404800 (exited) JavaThread "Unknown thread" [_thread_in_vm, id=27140, stack(0x000000cb19700000,0x000000cb19800000)]

VM state:not at safepoint (normal execution)

VM Mutex/Monitor currently owned by a thread: None

heap address: 0x0000000082e00000, size: 2002 MB, Compressed Oops mode: 32-bit
Narrow klass base: 0x0000000000000000, Narrow klass shift: 3
Compressed class space size: 1073741824 Address: 0x0000000100000000

Heap:
 PSYoungGen      total 37888K, used 655K [0x00000000d6500000, 0x00000000d8f00000, 0x0000000100000000)
  eden space 32768K, 2% used [0x00000000d6500000,0x00000000d65a3d80,0x00000000d8500000)
  from space 5120K, 0% used [0x00000000d8a00000,0x00000000d8a00000,0x00000000d8f00000)
  to   space 5120K, 0% used [0x00000000d8500000,0x00000000d8500000,0x00000000d8a00000)
 ParOldGen       total 86016K, used 0K [0x0000000082e00000, 0x0000000088200000, 0x00000000d6500000)
  object space 86016K, 0% used [0x0000000082e00000,0x0000000082e00000,0x0000000088200000)
 Metaspace       used 752K, capacity 4480K, committed 4480K, reserved 1056768K
  class space    used 76K, capacity 384K, committed 384K, reserved 1048576K

Card table byte_map: [0x000002a5c11a0000,0x000002a5c1590000] byte_map_base: 0x000002a5c0d89000

Marking Bits: (ParMarkBitMap*) 0x0000000065204fb0
 Begin Bits: [0x000002a5c1830000, 0x000002a5c3778000)
 End Bits:   [0x000002a5c3778000, 0x000002a5c56c0000)

Polling page: 0x000002a5b05c0000

CodeCache: size=245760Kb used=328Kb max_used=328Kb free=245431Kb
 bounds [0x000002a5b1de0000, 0x000002a5b2050000, 0x000002a5c0de0000]
 total_blobs=58 nmethods=0 adapters=38
 compilation: enabled

Compilation events (0 events):
No events

GC Heap History (0 events):
No events

Deoptimization events (0 events):
No events

Classes redefined (0 events):
No events

Internal exceptions (0 events):
No events

Events (10 events):
Event: 0.033 loading class java/lang/Short
Event: 0.033 loading class java/lang/Short done
Event: 0.033 loading class java/lang/Integer
Event: 0.033 loading class java/lang/Integer done
Event: 0.033 loading class java/lang/Long
Event: 0.033 loading class java/lang/Long done
Event: 0.034 loading class java/lang/NullPointerException
Event: 0.034 loading class java/lang/NullPointerException done
Event: 0.034 loading class java/lang/ArithmeticException
Event: 0.034 loading class java/lang/ArithmeticException done


Dynamic libraries:
0x00007ff77dff0000 - 0x00007ff77e037000 	C:\Program Files (x86)\Common Files\Oracle\Java\javapath\java.exe
0x00007fff84c20000 - 0x00007fff84e10000 	C:\WINDOWS\SYSTEM32\ntdll.dll
0x00007fff83d00000 - 0x00007fff83db2000 	C:\WINDOWS\System32\KERNEL32.DLL
0x00007fff81d50000 - 0x00007fff81ff4000 	C:\WINDOWS\System32\KERNELBASE.dll
0x00007fff83500000 - 0x00007fff835a3000 	C:\WINDOWS\System32\ADVAPI32.dll
0x00007fff83dc0000 - 0x00007fff83e5e000 	C:\WINDOWS\System32\msvcrt.dll
0x00007fff82db0000 - 0x00007fff82e47000 	C:\WINDOWS\System32\sechost.dll
0x00007fff82f40000 - 0x00007fff83060000 	C:\WINDOWS\System32\RPCRT4.dll
0x00007fff841a0000 - 0x00007fff84335000 	C:\WINDOWS\System32\USER32.dll
0x00007fff82ad0000 - 0x00007fff82af1000 	C:\WINDOWS\System32\win32u.dll
0x00007fff83ab0000 - 0x00007fff83ad6000 	C:\WINDOWS\System32\GDI32.dll
0x00007fff821a0000 - 0x00007fff82336000 	C:\WINDOWS\System32\gdi32full.dll
0x00007fff82c30000 - 0x00007fff82cce000 	C:\WINDOWS\System32\msvcp_win.dll
0x00007fff82000000 - 0x00007fff820fa000 	C:\WINDOWS\System32\ucrtbase.dll
0x00007fff80f60000 - 0x00007fff811e4000 	C:\WINDOWS\WinSxS\amd64_microsoft.windows.common-controls_6595b64144ccf1df_6.0.18362.1016_none_9e7a36bbe461dae4\COMCTL32.dll
0x00007fff83e60000 - 0x00007fff84195000 	C:\WINDOWS\System32\combase.dll
0x00007fff82bb0000 - 0x00007fff82c30000 	C:\WINDOWS\System32\bcryptPrimitives.dll
0x00007fff82cd0000 - 0x00007fff82cfe000 	C:\WINDOWS\System32\IMM32.DLL
0x00007fff64b80000 - 0x00007fff64b95000 	C:\Program Files\Java\jre1.8.0_261\bin\vcruntime140.dll
0x00007fff4ef20000 - 0x00007fff4efbb000 	C:\Program Files\Java\jre1.8.0_261\bin\msvcp140.dll
0x0000000064a10000 - 0x000000006527c000 	C:\Program Files\Java\jre1.8.0_261\bin\server\jvm.dll
0x00007fff82f20000 - 0x00007fff82f28000 	C:\WINDOWS\System32\PSAPI.DLL
0x00007fff7acf0000 - 0x00007fff7ad14000 	C:\WINDOWS\SYSTEM32\WINMM.dll
0x00007fff6c120000 - 0x00007fff6c129000 	C:\WINDOWS\SYSTEM32\WSOCK32.dll
0x00007fff835b0000 - 0x00007fff8361f000 	C:\WINDOWS\System32\WS2_32.dll
0x00007fff7f740000 - 0x00007fff7f74a000 	C:\WINDOWS\SYSTEM32\VERSION.dll
0x00007fff79760000 - 0x00007fff7978d000 	C:\WINDOWS\SYSTEM32\winmmbase.dll
0x00007fff82100000 - 0x00007fff8214a000 	C:\WINDOWS\System32\cfgmgr32.dll
0x00007fff81ae0000 - 0x00007fff81af1000 	C:\WINDOWS\System32\kernel.appcore.dll
0x00007fff79020000 - 0x00007fff79030000 	C:\Program Files\Java\jre1.8.0_261\bin\verify.dll
0x00007fff5b740000 - 0x00007fff5b76b000 	C:\Program Files\Java\jre1.8.0_261\bin\java.dll
0x00007fff55340000 - 0x00007fff55358000 	C:\Program Files\Java\jre1.8.0_261\bin\zip.dll
0x00007fff815f0000 - 0x00007fff817e4000 	C:\WINDOWS\SYSTEM32\dbghelp.dll

VM Arguments:
jvm_args: -Djava.rmi.server.codebase=file:C:\Users\aalex\OneDrive\ITAM\ultMat\SCE\SimpleRMIAutonomo\tstRMI.jar 
java_command: C:\Users\aalex\OneDrive\ITAM\ultMat\SCE\SimpleRMIAutonomo\tstRMI.jar Cliente localhost 200
java_class_path (initial): C:\Users\aalex\OneDrive\ITAM\ultMat\SCE\SimpleRMIAutonomo\tstRMI.jar
Launcher Type: SUN_STANDARD

Environment Variables:
PATH=C:\Python38\Scripts\;C:\Python38\;C:\Program Files (x86)\Common Files\Oracle\Java\javapath;C:\WINDOWS\system32;C:\WINDOWS;C:\WINDOWS\System32\Wbem;C:\WINDOWS\System32\WindowsPowerShell\v1.0\;C:\WINDOWS\System32\OpenSSH\;C:\Program Files\Git\cmd;C:\Program Files\MATLAB\R2019b\bin;C:\Program Files\PuTTY\;C:\ProgramData\chocolatey\bin;C:\Program Files\nodejs\;C:\Users\aalex\AppData\Local\Microsoft\WindowsApps;;C:\Users\aalex\AppData\Local\Programs\Microsoft VS Code\bin;C:\Users\aalex\AppData\Roaming\npm
USERNAME=aalex
OS=Windows_NT
PROCESSOR_IDENTIFIER=Intel64 Family 6 Model 142 Stepping 12, GenuineIntel



---------------  S Y S T E M  ---------------

OS: Windows 10.0 , 64 bit Build 18362 (10.0.18362.959)

CPU:total 8 (initial active 8) (4 cores per cpu, 2 threads per core) family 6 model 142 stepping 12, cmov, cx8, fxsr, mmx, sse, sse2, sse3, ssse3, sse4.1, sse4.2, popcnt, avx, avx2, aes, clmul, erms, 3dnowpref, lzcnt, ht, tsc, tscinvbit, bmi1, bmi2, adx

Memory: 4k page, physical 8197876k(1302704k free), swap 23663728k(243160k free)

vm_info: Java HotSpot(TM) 64-Bit Server VM (25.261-b12) for windows-amd64 JRE (1.8.0_261-b12), built on Jun 18 2020 06:56:32 by "" with unknown MS VC++:1916

time: Mon Aug 31 20:09:47 2020
timezone: Central Daylight Time (Mexico)
elapsed time: 0 seconds (0d 0h 0m 0s)

