#
# There is insufficient memory for the Java Runtime Environment to continue.
# Native memory allocation (malloc) failed to allocate 32784 bytes for Chunk::new
# Possible reasons:
#   The system is out of physical RAM or swap space
#   The process is running with CompressedOops enabled, and the Java Heap may be blocking the growth of the native heap
# Possible solutions:
#   Reduce memory load on the system
#   Increase physical memory or swap space
#   Check if swap backing store is full
#   Decrease Java heap size (-Xmx/-Xms)
#   Decrease number of Java threads
#   Decrease Java thread stack sizes (-Xss)
#   Set larger code cache with -XX:ReservedCodeCacheSize=
#   JVM is running with Unscaled Compressed Oops mode in which the Java heap is
#     placed in the first 4GB address space. The Java Heap base address is the
#     maximum limit for the native heap growth. Please use -XX:HeapBaseMinAddress
#     to set the Java Heap base and to place the Java Heap above 4GB virtual address.
# This output file may be truncated or incomplete.
#
#  Out of Memory Error (allocation.cpp:389), pid=24076, tid=0x00000000000024a0
#
# JRE version: Java(TM) SE Runtime Environment (8.0_261-b12) (build 1.8.0_261-b12)
# Java VM: Java HotSpot(TM) 64-Bit Server VM (25.261-b12 mixed mode windows-amd64 compressed oops)
# Failed to write core dump. Minidumps are not enabled by default on client versions of Windows
#

---------------  T H R E A D  ---------------

Current thread (0x0000024e853b4000):  JavaThread "C2 CompilerThread1" daemon [_thread_in_native, id=9376, stack(0x000000dd1c100000,0x000000dd1c200000)]

Stack: [0x000000dd1c100000,0x000000dd1c200000]
Native frames: (J=compiled Java code, j=interpreted, Vv=VM code, C=native code)
V  [jvm.dll+0x33e5f9]


Current CompileTask:
C2:  28386 2642   !   4       com.sun.xml.internal.bind.v2.runtime.JaxBeanInfo::setLifecycleFlags (269 bytes)


---------------  P R O C E S S  ---------------

Java Threads: ( => current thread )
  0x0000024e86ad7000 JavaThread "Keep-Alive-Timer" daemon [_thread_blocked, id=25156, stack(0x000000dd1c600000,0x000000dd1c700000)]
  0x0000024e86cca000 JavaThread "GC Daemon" daemon [_thread_blocked, id=23728, stack(0x000000dd1c900000,0x000000dd1ca00000)]
  0x0000024e86cc9000 JavaThread "RMI RenewClean-[192.168.0.10:49228]" daemon [_thread_blocked, id=11056, stack(0x000000dd1c800000,0x000000dd1c900000)]
  0x0000024e86cc8800 JavaThread "RMI Scheduler(0)" daemon [_thread_blocked, id=24496, stack(0x000000dd1c700000,0x000000dd1c800000)]
  0x0000024e853c4800 JavaThread "Service Thread" daemon [_thread_blocked, id=19176, stack(0x000000dd1c400000,0x000000dd1c500000)]
  0x0000024e853bf000 JavaThread "C1 CompilerThread3" daemon [_thread_blocked, id=24004, stack(0x000000dd1c300000,0x000000dd1c400000)]
  0x0000024e853bc000 JavaThread "C2 CompilerThread2" daemon [_thread_blocked, id=24640, stack(0x000000dd1c200000,0x000000dd1c300000)]
=>0x0000024e853b4000 JavaThread "C2 CompilerThread1" daemon [_thread_in_native, id=9376, stack(0x000000dd1c100000,0x000000dd1c200000)]
  0x0000024e85359800 JavaThread "C2 CompilerThread0" daemon [_thread_blocked, id=3212, stack(0x000000dd1c000000,0x000000dd1c100000)]
  0x0000024e85356800 JavaThread "Attach Listener" daemon [_thread_blocked, id=6932, stack(0x000000dd1bf00000,0x000000dd1c000000)]
  0x0000024e85355800 JavaThread "Signal Dispatcher" daemon [_thread_blocked, id=20452, stack(0x000000dd1be00000,0x000000dd1bf00000)]
  0x0000024e8533a800 JavaThread "Finalizer" daemon [_thread_blocked, id=12004, stack(0x000000dd1bd00000,0x000000dd1be00000)]
  0x0000024eeea82800 JavaThread "Reference Handler" daemon [_thread_blocked, id=11740, stack(0x000000dd1bc00000,0x000000dd1bd00000)]
  0x0000024eee8c4000 JavaThread "main" [_thread_in_Java, id=19428, stack(0x000000dd1b200000,0x000000dd1b300000)]

Other Threads:
  0x0000024e85314000 VMThread [stack: 0x000000dd1bb00000,0x000000dd1bc00000] [id=240]
  0x0000024e853c8000 WatcherThread [stack: 0x000000dd1c500000,0x000000dd1c600000] [id=3952]

VM state:not at safepoint (normal execution)

VM Mutex/Monitor currently owned by a thread: None

heap address: 0x0000000082e00000, size: 2002 MB, Compressed Oops mode: 32-bit
Narrow klass base: 0x0000000000000000, Narrow klass shift: 3
Compressed class space size: 1073741824 Address: 0x0000000100000000

Heap:
 PSYoungGen      total 37888K, used 24143K [0x00000000d6500000, 0x00000000daf00000, 0x0000000100000000)
  eden space 32768K, 61% used [0x00000000d6500000,0x00000000d78abd78,0x00000000d8500000)
  from space 5120K, 78% used [0x00000000d8500000,0x00000000d88e8020,0x00000000d8a00000)
  to   space 5120K, 0% used [0x00000000daa00000,0x00000000daa00000,0x00000000daf00000)
 ParOldGen       total 86016K, used 1297K [0x0000000082e00000, 0x0000000088200000, 0x00000000d6500000)
  object space 86016K, 1% used [0x0000000082e00000,0x0000000082f44430,0x0000000088200000)
 Metaspace       used 14005K, capacity 14356K, committed 14592K, reserved 1062912K
  class space    used 1678K, capacity 1788K, committed 1792K, reserved 1048576K

Card table byte_map: [0x0000024eff610000,0x0000024effa00000] byte_map_base: 0x0000024eff1f9000

Marking Bits: (ParMarkBitMap*) 0x0000000075ca4fb0
 Begin Bits: [0x0000024e80000000, 0x0000024e81f48000)
 End Bits:   [0x0000024e81f48000, 0x0000024e83e90000)

Polling page: 0x0000024eee820000

CodeCache: size=245760Kb used=9122Kb max_used=9166Kb free=236637Kb
 bounds [0x0000024ef0250000, 0x0000024ef0b60000, 0x0000024eff250000]
 total_blobs=2985 nmethods=2641 adapters=256
 compilation: enabled

Compilation events (10 events):
Event: 27.996 Thread 0x0000024e853b4000 nmethod 2633 0x0000024ef0b34c50 code [0x0000024ef0b359e0, 0x0000024ef0b3ead8]
Event: 28.268 Thread 0x0000024e85359800 2638       4       java.util.HashMap::<init> (98 bytes)
Event: 28.269 Thread 0x0000024e85359800 nmethod 2638 0x0000024ef0b084d0 code [0x0000024ef0b08620, 0x0000024ef0b087b8]
Event: 28.269 Thread 0x0000024e853bf000 2639       3       java.util.jar.JarEntry::<init> (6 bytes)
Event: 28.270 Thread 0x0000024e853bf000 nmethod 2639 0x0000024ef0b01290 code [0x0000024ef0b01400, 0x0000024ef0b01590]
Event: 28.287 Thread 0x0000024e853bf000 2640   !   3       sun.net.www.http.ChunkedInputStream::readAheadNonBlocking (80 bytes)
Event: 28.288 Thread 0x0000024e853bf000 nmethod 2640 0x0000024ef0b00b50 code [0x0000024ef0b00ce0, 0x0000024ef0b01120]
Event: 28.372 Thread 0x0000024e853bc000 2641       4       java.lang.Boolean::valueOf (14 bytes)
Event: 28.372 Thread 0x0000024e853bc000 nmethod 2641 0x0000024ef0a69510 code [0x0000024ef0a69640, 0x0000024ef0a69698]
Event: 28.375 Thread 0x0000024e853b4000 2642   !   4       com.sun.xml.internal.bind.v2.runtime.JaxBeanInfo::setLifecycleFlags (269 bytes)

GC Heap History (8 events):
Event: 1.796 GC heap before
{Heap before GC invocations=1 (full 0):
 PSYoungGen      total 37888K, used 5898K [0x00000000d6500000, 0x00000000d8f00000, 0x0000000100000000)
  eden space 32768K, 18% used [0x00000000d6500000,0x00000000d6ac2a48,0x00000000d8500000)
  from space 5120K, 0% used [0x00000000d8a00000,0x00000000d8a00000,0x00000000d8f00000)
  to   space 5120K, 0% used [0x00000000d8500000,0x00000000d8500000,0x00000000d8a00000)
 ParOldGen       total 86016K, used 0K [0x0000000082e00000, 0x0000000088200000, 0x00000000d6500000)
  object space 86016K, 0% used [0x0000000082e00000,0x0000000082e00000,0x0000000088200000)
 Metaspace       used 8672K, capacity 8876K, committed 9088K, reserved 1056768K
  class space    used 1060K, capacity 1120K, committed 1152K, reserved 1048576K
Event: 1.797 GC heap after
Heap after GC invocations=1 (full 0):
 PSYoungGen      total 37888K, used 1424K [0x00000000d6500000, 0x00000000d8f00000, 0x0000000100000000)
  eden space 32768K, 0% used [0x00000000d6500000,0x00000000d6500000,0x00000000d8500000)
  from space 5120K, 27% used [0x00000000d8500000,0x00000000d8664010,0x00000000d8a00000)
  to   space 5120K, 0% used [0x00000000d8a00000,0x00000000d8a00000,0x00000000d8f00000)
 ParOldGen       total 86016K, used 72K [0x0000000082e00000, 0x0000000088200000, 0x00000000d6500000)
  object space 86016K, 0% used [0x0000000082e00000,0x0000000082e12010,0x0000000088200000)
 Metaspace       used 8672K, capacity 8876K, committed 9088K, reserved 1056768K
  class space    used 1060K, capacity 1120K, committed 1152K, reserved 1048576K
}
Event: 1.797 GC heap before
{Heap before GC invocations=2 (full 1):
 PSYoungGen      total 37888K, used 1424K [0x00000000d6500000, 0x00000000d8f00000, 0x0000000100000000)
  eden space 32768K, 0% used [0x00000000d6500000,0x00000000d6500000,0x00000000d8500000)
  from space 5120K, 27% used [0x00000000d8500000,0x00000000d8664010,0x00000000d8a00000)
  to   space 5120K, 0% used [0x00000000d8a00000,0x00000000d8a00000,0x00000000d8f00000)
 ParOldGen       total 86016K, used 72K [0x0000000082e00000, 0x0000000088200000, 0x00000000d6500000)
  object space 86016K, 0% used [0x0000000082e00000,0x0000000082e12010,0x0000000088200000)
 Metaspace       used 8672K, capacity 8876K, committed 9088K, reserved 1056768K
  class space    used 1060K, capacity 1120K, committed 1152K, reserved 1048576K
Event: 1.804 GC heap after
Heap after GC invocations=2 (full 1):
 PSYoungGen      total 37888K, used 0K [0x00000000d6500000, 0x00000000d8f00000, 0x0000000100000000)
  eden space 32768K, 0% used [0x00000000d6500000,0x00000000d6500000,0x00000000d8500000)
  from space 5120K, 0% used [0x00000000d8500000,0x00000000d8500000,0x00000000d8a00000)
  to   space 5120K, 0% used [0x00000000d8a00000,0x00000000d8a00000,0x00000000d8f00000)
 ParOldGen       total 86016K, used 1289K [0x0000000082e00000, 0x0000000088200000, 0x00000000d6500000)
  object space 86016K, 1% used [0x0000000082e00000,0x0000000082f42430,0x0000000088200000)
 Metaspace       used 8672K, capacity 8876K, committed 9088K, reserved 1056768K
  class space    used 1060K, capacity 1120K, committed 1152K, reserved 1048576K
}
Event: 14.950 GC heap before
{Heap before GC invocations=3 (full 1):
 PSYoungGen      total 37888K, used 32768K [0x00000000d6500000, 0x00000000d8f00000, 0x0000000100000000)
  eden space 32768K, 100% used [0x00000000d6500000,0x00000000d8500000,0x00000000d8500000)
  from space 5120K, 0% used [0x00000000d8500000,0x00000000d8500000,0x00000000d8a00000)
  to   space 5120K, 0% used [0x00000000d8a00000,0x00000000d8a00000,0x00000000d8f00000)
 ParOldGen       total 86016K, used 1289K [0x0000000082e00000, 0x0000000088200000, 0x00000000d6500000)
  object space 86016K, 1% used [0x0000000082e00000,0x0000000082f42430,0x0000000088200000)
 Metaspace       used 13592K, capacity 13908K, committed 14080K, reserved 1060864K
  class space    used 1677K, capacity 1788K, committed 1792K, reserved 1048576K
Event: 15.153 GC heap after
Heap after GC invocations=3 (full 1):
 PSYoungGen      total 37888K, used 3472K [0x00000000d6500000, 0x00000000daf00000, 0x0000000100000000)
  eden space 32768K, 0% used [0x00000000d6500000,0x00000000d6500000,0x00000000d8500000)
  from space 5120K, 67% used [0x00000000d8a00000,0x00000000d8d64010,0x00000000d8f00000)
  to   space 5120K, 0% used [0x00000000d8500000,0x00000000d8500000,0x00000000d8a00000)
 ParOldGen       total 86016K, used 1289K [0x0000000082e00000, 0x0000000088200000, 0x00000000d6500000)
  object space 86016K, 1% used [0x0000000082e00000,0x0000000082f42430,0x0000000088200000)
 Metaspace       used 13592K, capacity 13908K, committed 14080K, reserved 1060864K
  class space    used 1677K, capacity 1788K, committed 1792K, reserved 1048576K
}
Event: 23.383 GC heap before
{Heap before GC invocations=4 (full 1):
 PSYoungGen      total 37888K, used 36240K [0x00000000d6500000, 0x00000000daf00000, 0x0000000100000000)
  eden space 32768K, 100% used [0x00000000d6500000,0x00000000d8500000,0x00000000d8500000)
  from space 5120K, 67% used [0x00000000d8a00000,0x00000000d8d64010,0x00000000d8f00000)
  to   space 5120K, 0% used [0x00000000d8500000,0x00000000d8500000,0x00000000d8a00000)
 ParOldGen       total 86016K, used 1289K [0x0000000082e00000, 0x0000000088200000, 0x00000000d6500000)
  object space 86016K, 1% used [0x0000000082e00000,0x0000000082f42430,0x0000000088200000)
 Metaspace       used 13894K, capacity 14228K, committed 14336K, reserved 1062912K
  class space    used 1678K, capacity 1788K, committed 1792K, reserved 1048576K
Event: 23.465 GC heap after
Heap after GC invocations=4 (full 1):
 PSYoungGen      total 37888K, used 4000K [0x00000000d6500000, 0x00000000daf00000, 0x0000000100000000)
  eden space 32768K, 0% used [0x00000000d6500000,0x00000000d6500000,0x00000000d8500000)
  from space 5120K, 78% used [0x00000000d8500000,0x00000000d88e8020,0x00000000d8a00000)
  to   space 5120K, 0% used [0x00000000daa00000,0x00000000daa00000,0x00000000daf00000)
 ParOldGen       total 86016K, used 1297K [0x0000000082e00000, 0x0000000088200000, 0x00000000d6500000)
  object space 86016K, 1% used [0x0000000082e00000,0x0000000082f44430,0x0000000088200000)
 Metaspace       used 13894K, capacity 14228K, committed 14336K, reserved 1062912K
  class space    used 1678K, capacity 1788K, committed 1792K, reserved 1048576K
}

Deoptimization events (1 events):
Event: 6.567 Thread 0x0000024eee8c4000 Uncommon trap: reason=range_check action=make_not_entrant pc=0x0000024ef0457a60 method=sun.reflect.generics.parser.SignatureParser.current()C @ 34

Classes redefined (0 events):
No events

Internal exceptions (10 events):
Event: 27.217 Thread 0x0000024eee8c4000 Exception <a 'java/lang/ClassNotFoundException': javax/servlet/ServletContext> (0x00000000d75bb728) thrown at [C:\jenkins\workspace\8-2-build-windows-amd64-cygwin\jdk8u261\295\hotspot\src\share\vm\classfile\systemDictionary.cpp, line 210]
Event: 27.342 Thread 0x0000024eee8c4000 Exception <a 'java/lang/ClassNotFoundException': com/sun/org/glassfish/hk2/osgiresourcelocator/ServiceLoader> (0x00000000d75dd140) thrown at [C:\jenkins\workspace\8-2-build-windows-amd64-cygwin\jdk8u261\295\hotspot\src\share\vm\classfile\systemDictionary.
Event: 27.350 Thread 0x0000024eee8c4000 Exception <a 'java/lang/ClassNotFoundException': javax/servlet/ServletContext> (0x00000000d7633b78) thrown at [C:\jenkins\workspace\8-2-build-windows-amd64-cygwin\jdk8u261\295\hotspot\src\share\vm\classfile\systemDictionary.cpp, line 210]
Event: 27.565 Thread 0x0000024eee8c4000 Exception <a 'java/lang/ClassNotFoundException': com/sun/org/glassfish/hk2/osgiresourcelocator/ServiceLoader> (0x00000000d7655550) thrown at [C:\jenkins\workspace\8-2-build-windows-amd64-cygwin\jdk8u261\295\hotspot\src\share\vm\classfile\systemDictionary.
Event: 27.592 Thread 0x0000024eee8c4000 Exception <a 'java/lang/ClassNotFoundException': javax/servlet/ServletContext> (0x00000000d76aabe0) thrown at [C:\jenkins\workspace\8-2-build-windows-amd64-cygwin\jdk8u261\295\hotspot\src\share\vm\classfile\systemDictionary.cpp, line 210]
Event: 28.003 Thread 0x0000024eee8c4000 Exception <a 'java/lang/ClassNotFoundException': com/sun/org/glassfish/hk2/osgiresourcelocator/ServiceLoader> (0x00000000d76cc5b8) thrown at [C:\jenkins\workspace\8-2-build-windows-amd64-cygwin\jdk8u261\295\hotspot\src\share\vm\classfile\systemDictionary.
Event: 28.006 Thread 0x0000024eee8c4000 Exception <a 'java/lang/ClassNotFoundException': javax/servlet/ServletContext> (0x00000000d7721c80) thrown at [C:\jenkins\workspace\8-2-build-windows-amd64-cygwin\jdk8u261\295\hotspot\src\share\vm\classfile\systemDictionary.cpp, line 210]
Event: 28.267 Thread 0x0000024eee8c4000 Exception <a 'java/lang/ClassNotFoundException': com/sun/org/glassfish/hk2/osgiresourcelocator/ServiceLoader> (0x00000000d7743658) thrown at [C:\jenkins\workspace\8-2-build-windows-amd64-cygwin\jdk8u261\295\hotspot\src\share\vm\classfile\systemDictionary.
Event: 28.270 Thread 0x0000024eee8c4000 Exception <a 'java/lang/ClassNotFoundException': javax/servlet/ServletContext> (0x00000000d7798d00) thrown at [C:\jenkins\workspace\8-2-build-windows-amd64-cygwin\jdk8u261\295\hotspot\src\share\vm\classfile\systemDictionary.cpp, line 210]
Event: 28.371 Thread 0x0000024eee8c4000 Exception <a 'java/lang/ClassNotFoundException': com/sun/org/glassfish/hk2/osgiresourcelocator/ServiceLoader> (0x00000000d77ba6d8) thrown at [C:\jenkins\workspace\8-2-build-windows-amd64-cygwin\jdk8u261\295\hotspot\src\share\vm\classfile\systemDictionary.

Events (10 events):
Event: 28.003 loading class com/sun/org/glassfish/hk2/osgiresourcelocator/ServiceLoader
Event: 28.003 loading class com/sun/org/glassfish/hk2/osgiresourcelocator/ServiceLoader done
Event: 28.006 loading class javax/servlet/ServletContext
Event: 28.006 loading class javax/servlet/ServletContext done
Event: 28.267 loading class com/sun/org/glassfish/hk2/osgiresourcelocator/ServiceLoader
Event: 28.267 loading class com/sun/org/glassfish/hk2/osgiresourcelocator/ServiceLoader done
Event: 28.270 loading class javax/servlet/ServletContext
Event: 28.270 loading class javax/servlet/ServletContext done
Event: 28.371 loading class com/sun/org/glassfish/hk2/osgiresourcelocator/ServiceLoader
Event: 28.371 loading class com/sun/org/glassfish/hk2/osgiresourcelocator/ServiceLoader done


Dynamic libraries:
0x00007ff799540000 - 0x00007ff799587000 	C:\Program Files\Java\jre1.8.0_261\bin\java.exe
0x00007ff97e500000 - 0x00007ff97e6f0000 	C:\WINDOWS\SYSTEM32\ntdll.dll
0x00007ff97d090000 - 0x00007ff97d142000 	C:\WINDOWS\System32\KERNEL32.DLL
0x00007ff97c000000 - 0x00007ff97c2a4000 	C:\WINDOWS\System32\KERNELBASE.dll
0x00007ff97cca0000 - 0x00007ff97cd43000 	C:\WINDOWS\System32\ADVAPI32.dll
0x00007ff97e300000 - 0x00007ff97e39e000 	C:\WINDOWS\System32\msvcrt.dll
0x00007ff97cff0000 - 0x00007ff97d087000 	C:\WINDOWS\System32\sechost.dll
0x00007ff97e3a0000 - 0x00007ff97e4c0000 	C:\WINDOWS\System32\RPCRT4.dll
0x00007ff97dff0000 - 0x00007ff97e185000 	C:\WINDOWS\System32\USER32.dll
0x00007ff97c580000 - 0x00007ff97c5a1000 	C:\WINDOWS\System32\win32u.dll
0x00007ff97cd50000 - 0x00007ff97cd76000 	C:\WINDOWS\System32\GDI32.dll
0x00007ff97b4b0000 - 0x00007ff97b646000 	C:\WINDOWS\System32\gdi32full.dll
0x00007ff97b650000 - 0x00007ff97b6ee000 	C:\WINDOWS\System32\msvcp_win.dll
0x00007ff97c2d0000 - 0x00007ff97c3ca000 	C:\WINDOWS\System32\ucrtbase.dll
0x00007ff961870000 - 0x00007ff961af4000 	C:\WINDOWS\WinSxS\amd64_microsoft.windows.common-controls_6595b64144ccf1df_6.0.18362.1016_none_9e7a36bbe461dae4\COMCTL32.dll
0x00007ff97d350000 - 0x00007ff97d685000 	C:\WINDOWS\System32\combase.dll
0x00007ff97bf80000 - 0x00007ff97c000000 	C:\WINDOWS\System32\bcryptPrimitives.dll
0x00007ff97e2c0000 - 0x00007ff97e2ee000 	C:\WINDOWS\System32\IMM32.DLL
0x00007ff969cb0000 - 0x00007ff969cc5000 	C:\Program Files\Java\jre1.8.0_261\bin\vcruntime140.dll
0x00007ff932030000 - 0x00007ff9320cb000 	C:\Program Files\Java\jre1.8.0_261\bin\msvcp140.dll
0x00000000754b0000 - 0x0000000075d1c000 	C:\Program Files\Java\jre1.8.0_261\bin\server\jvm.dll
0x00007ff97e2f0000 - 0x00007ff97e2f8000 	C:\WINDOWS\System32\PSAPI.DLL
0x00007ff93eb30000 - 0x00007ff93eb39000 	C:\WINDOWS\SYSTEM32\WSOCK32.dll
0x00007ff97df80000 - 0x00007ff97dfef000 	C:\WINDOWS\System32\WS2_32.dll
0x00007ff970a80000 - 0x00007ff970aa4000 	C:\WINDOWS\SYSTEM32\WINMM.dll
0x00007ff970b80000 - 0x00007ff970b8a000 	C:\WINDOWS\SYSTEM32\VERSION.dll
0x00007ff970a50000 - 0x00007ff970a7d000 	C:\WINDOWS\SYSTEM32\WINMMBASE.dll
0x00007ff97b6f0000 - 0x00007ff97b73a000 	C:\WINDOWS\System32\cfgmgr32.dll
0x00007ff97b3c0000 - 0x00007ff97b3d1000 	C:\WINDOWS\System32\kernel.appcore.dll
0x00007ff969b90000 - 0x00007ff969ba0000 	C:\Program Files\Java\jre1.8.0_261\bin\verify.dll
0x00007ff93f0e0000 - 0x00007ff93f10b000 	C:\Program Files\Java\jre1.8.0_261\bin\java.dll
0x00007ff969910000 - 0x00007ff969928000 	C:\Program Files\Java\jre1.8.0_261\bin\zip.dll
0x00007ff97c5b0000 - 0x00007ff97cc97000 	C:\WINDOWS\System32\SHELL32.dll
0x00007ff97cec0000 - 0x00007ff97cf69000 	C:\WINDOWS\System32\shcore.dll
0x00007ff97b740000 - 0x00007ff97bec2000 	C:\WINDOWS\System32\windows.storage.dll
0x00007ff97b430000 - 0x00007ff97b453000 	C:\WINDOWS\System32\profapi.dll
0x00007ff97b3e0000 - 0x00007ff97b42a000 	C:\WINDOWS\System32\powrprof.dll
0x00007ff97b3b0000 - 0x00007ff97b3c0000 	C:\WINDOWS\System32\UMPDC.dll
0x00007ff97d210000 - 0x00007ff97d262000 	C:\WINDOWS\System32\shlwapi.dll
0x00007ff97c2b0000 - 0x00007ff97c2c7000 	C:\WINDOWS\System32\cryptsp.dll
0x00007ff95f400000 - 0x00007ff95f41c000 	C:\Program Files\Java\jre1.8.0_261\bin\net.dll
0x00007ff97ac10000 - 0x00007ff97ac77000 	C:\WINDOWS\system32\mswsock.dll
0x00007ff97a780000 - 0x00007ff97a7b3000 	C:\WINDOWS\system32\rsaenh.dll
0x00007ff97b480000 - 0x00007ff97b4a6000 	C:\WINDOWS\System32\bcrypt.dll
0x00007ff97b2d0000 - 0x00007ff97b2f5000 	C:\WINDOWS\SYSTEM32\USERENV.dll
0x00007ff97ade0000 - 0x00007ff97adec000 	C:\WINDOWS\SYSTEM32\CRYPTBASE.dll
0x00007ff97a920000 - 0x00007ff97a95a000 	C:\WINDOWS\SYSTEM32\IPHLPAPI.DLL
0x00007ff97d690000 - 0x00007ff97d698000 	C:\WINDOWS\System32\NSI.dll
0x00007ff971960000 - 0x00007ff971976000 	C:\WINDOWS\SYSTEM32\dhcpcsvc6.DLL
0x00007ff971b70000 - 0x00007ff971b8c000 	C:\WINDOWS\SYSTEM32\dhcpcsvc.DLL
0x00007ff97a960000 - 0x00007ff97aa2b000 	C:\WINDOWS\SYSTEM32\DNSAPI.dll
0x00007ff948700000 - 0x00007ff948713000 	C:\Program Files\Java\jre1.8.0_261\bin\nio.dll
0x00007ff947920000 - 0x00007ff947936000 	C:\WINDOWS\system32\napinsp.dll
0x00007ff947680000 - 0x00007ff94769a000 	C:\WINDOWS\system32\pnrpnsp.dll
0x00007ff947540000 - 0x00007ff94754e000 	C:\WINDOWS\System32\winrnr.dll
0x00007ff971fb0000 - 0x00007ff971fcc000 	C:\WINDOWS\system32\NLAapi.dll
0x00007ff968b00000 - 0x00007ff968b15000 	C:\WINDOWS\system32\wshbth.dll
0x00007ff9695f0000 - 0x00007ff9695fa000 	C:\Windows\System32\rasadhlp.dll
0x00007ff9711d0000 - 0x00007ff971247000 	C:\WINDOWS\System32\fwpuclnt.dll

VM Arguments:
jvm_args: -Djava.rmi.server.codebase=file:C:\Users\aalex\Documents\NetBeansProjects\Tarea01\RMITarea01\tstRMI.jar 
java_command: C:\Users\aalex\Documents\NetBeansProjects\Tarea01\RMITarea01\tstRMI.jar Cliente localhost 200
java_class_path (initial): C:\Users\aalex\Documents\NetBeansProjects\Tarea01\RMITarea01\tstRMI.jar
Launcher Type: SUN_STANDARD

Environment Variables:
CLASSPATH=.;C:\Program Files\Java\jre1.8.0_261;
PATH=C:\Program Files\Java\jre1.8.0_261\bin;C:\Program Files (x86)\Common Files\Oracle\Java\javapath;C:\WINDOWS\system32;C:\WINDOWS;C:\WINDOWS\System32\Wbem;C:\WINDOWS\System32\WindowsPowerShell\v1.0\;C:\WINDOWS\System32\OpenSSH\;C:\Program Files\Git\cmd;C:\Program Files\MATLAB\R2019b\bin;C:\Program Files\nodejs\;C:\Program Files\PuTTY\;C:\Users\aalex\AppData\Local\Microsoft\WindowsApps;;C:\Users\aalex\AppData\Local\Programs\Microsoft VS Code\bin;C:\Users\aalex\AppData\Roaming\npm
USERNAME=aalex
OS=Windows_NT
PROCESSOR_IDENTIFIER=Intel64 Family 6 Model 142 Stepping 12, GenuineIntel



---------------  S Y S T E M  ---------------

OS: Windows 10.0 , 64 bit Build 18362 (10.0.18362.959)

CPU:total 8 (initial active 8) (4 cores per cpu, 2 threads per core) family 6 model 142 stepping 12, cmov, cx8, fxsr, mmx, sse, sse2, sse3, ssse3, sse4.1, sse4.2, popcnt, avx, avx2, aes, clmul, erms, 3dnowpref, lzcnt, ht, tsc, tscinvbit, bmi1, bmi2, adx

Memory: 4k page, physical 8197876k(262764k free), swap 23663728k(3056k free)

vm_info: Java HotSpot(TM) 64-Bit Server VM (25.261-b12) for windows-amd64 JRE (1.8.0_261-b12), built on Jun 18 2020 06:56:32 by "" with unknown MS VC++:1916

time: Sun Aug 16 17:06:16 2020
timezone: Central Daylight Time (Mexico)
elapsed time: 28 seconds (0d 0h 0m 28s)

