JvmtiExport can_access_local_variables 0
JvmtiExport can_hotswap_or_post_breakpoint 0
JvmtiExport can_post_on_exceptions 0
# 306 ciObject found
instanceKlass java/util/AbstractList$1
instanceKlass javax/xml/bind/attachment/AttachmentUnmarshaller
instanceKlass java/util/IdentityHashMap$EntryIterator$Entry
instanceKlass com/sun/xml/internal/ws/util/StreamUtils
instanceKlass com/sun/xml/internal/bind/DatatypeConverterImpl
instanceKlass javax/xml/bind/DatatypeConverterInterface
instanceKlass com/sun/xml/internal/bind/v2/runtime/output/XmlOutputAbstractImpl
instanceKlass com/sun/xml/internal/bind/v2/runtime/output/XmlOutput
instanceKlass com/sun/xml/internal/bind/v2/runtime/output/Encoded
instanceKlass com/sun/xml/internal/bind/v2/runtime/StAXPostInitAction
instanceKlass com/sun/xml/internal/bind/v2/runtime/output/NamespaceContextImpl$Element
instanceKlass com/sun/xml/internal/bind/marshaller/NamespacePrefixMapper
instanceKlass com/sun/xml/internal/bind/v2/runtime/output/NamespaceContextImpl
instanceKlass com/sun/xml/internal/bind/v2/runtime/NamespaceContext2
instanceKlass com/sun/xml/internal/bind/v2/runtime/output/Pcdata
instanceKlass javax/xml/bind/helpers/AbstractMarshallerImpl
instanceKlass com/sun/xml/internal/ws/streaming/XMLStreamWriterUtil
instanceKlass javax/xml/bind/attachment/AttachmentMarshaller
instanceKlass com/sun/xml/internal/ws/streaming/MtomStreamWriter
instanceKlass com/sun/xml/internal/ws/util/xml/XMLStreamWriterFilter
instanceKlass com/sun/xml/internal/ws/api/streaming/XMLStreamWriterFactory$RecycleAware
instanceKlass com/sun/xml/internal/ws/encoding/HasEncoding
instanceKlass com/sun/xml/internal/stream/writers/XMLStreamWriterImpl$NamespaceContextImpl
instanceKlass com/sun/xml/internal/stream/util/ReadOnlyIterator
instanceKlass com/sun/xml/internal/stream/writers/XMLStreamWriterImpl$ElementStack
instanceKlass javax/xml/stream/XMLStreamWriter
instanceKlass javax/xml/transform/stream/StreamResult
instanceKlass javax/xml/transform/Result
instanceKlass javax/xml/stream/XMLOutputFactory
instanceKlass com/sun/xml/internal/ws/api/streaming/XMLStreamWriterFactory
instanceKlass com/sun/xml/internal/ws/encoding/ContentTypeImpl$Builder
instanceKlass com/sun/xml/internal/ws/transport/http/client/HttpClientTransport
instanceKlass com/sun/xml/internal/ws/transport/Headers$InsensitiveComparator
instanceKlass com/sun/xml/internal/ws/api/handler/MessageHandlerContext
instanceKlass javax/xml/ws/handler/soap/SOAPMessageContext
instanceKlass com/sun/xml/internal/ws/api/pipe/NextAction
instanceKlass com/sun/xml/internal/ws/handler/MessageContextImpl
instanceKlass com/sun/xml/internal/ws/handler/MessageUpdatableContext
instanceKlass javax/xml/ws/handler/LogicalMessageContext
instanceKlass javax/xml/ws/handler/MessageContext
instanceKlass com/sun/xml/internal/ws/handler/HandlerTube$HandlerTubeExchange
instanceKlass com/sun/xml/internal/ws/api/pipe/Fiber
instanceKlass com/sun/xml/internal/ws/api/Cancelable
instanceKlass com/sun/xml/internal/ws/message/stream/StreamMessage$2
instanceKlass com/sun/xml/internal/ws/message/stream/StreamMessage$1
instanceKlass com/sun/xml/internal/ws/message/stream/StreamMessage$StreamHeaderDecoder
instanceKlass com/sun/xml/internal/ws/api/message/MessageHeaders
instanceKlass javax/xml/soap/SOAPMessage
instanceKlass com/oracle/webservices/internal/api/message/BasePropertySet$FieldAccessor
instanceKlass com/sun/xml/internal/ws/api/server/WSEndpoint
instanceKlass com/sun/xml/internal/ws/api/server/TransportBackChannel
instanceKlass com/sun/xml/internal/ws/api/server/WebServiceContextDelegate
instanceKlass com/sun/xml/internal/ws/message/AttachmentSetImpl
instanceKlass com/sun/xml/internal/ws/api/message/AttachmentSet
instanceKlass com/sun/xml/internal/ws/encoding/TagInfoset
instanceKlass org/xml/sax/helpers/AttributesImpl
instanceKlass com/sun/xml/internal/ws/api/message/Message
instanceKlass com/sun/xml/internal/ws/api/message/StreamingSOAP
instanceKlass com/sun/xml/internal/ws/api/databinding/JavaCallInfo
instanceKlass com/oracle/webservices/internal/api/databinding/JavaCallInfo
instanceKlass java/lang/reflect/Proxy$KeyX
instanceKlass com/sun/xml/internal/ws/Closeable
instanceKlass com/sun/xml/internal/ws/client/WSServiceDelegate$3
instanceKlass com/sun/xml/internal/ws/client/sei/MethodHandler
instanceKlass java/util/concurrent/ConcurrentLinkedQueue$Node
instanceKlass com/sun/xml/internal/ws/api/ha/StickyFeature
instanceKlass com/sun/xml/internal/ws/api/pipe/TransportPipeFactory
instanceKlass com/sun/xml/internal/ws/api/pipe/TransportTubeFactory
instanceKlass java/net/InMemoryCookieStore
instanceKlass java/net/CookieStore
instanceKlass java/net/CookiePolicy$3
instanceKlass java/net/CookiePolicy$2
instanceKlass java/net/CookiePolicy$1
instanceKlass java/net/CookiePolicy
instanceKlass com/sun/xml/internal/ws/api/pipe/helper/AbstractTubeImpl
instanceKlass com/sun/xml/internal/ws/api/pipe/Pipe
instanceKlass com/sun/xml/internal/ws/api/pipe/Tube
instanceKlass com/sun/xml/internal/ws/assembler/MetroTubelineAssembler$MessageDumpingInfo
instanceKlass com/sun/xml/internal/ws/assembler/dev/TubelineAssemblyDecorator
instanceKlass com/sun/xml/internal/ws/assembler/dev/TubelineAssemblyContextUpdater
instanceKlass com/sun/xml/internal/ws/assembler/jaxws/BasicTransportTubeFactory
instanceKlass com/sun/xml/internal/ws/dump/MessageDumpingTubeFactory
instanceKlass com/sun/xml/internal/ws/assembler/jaxws/AddressingTubeFactory
instanceKlass com/sun/xml/internal/ws/assembler/jaxws/MustUnderstandTubeFactory
instanceKlass com/sun/xml/internal/ws/assembler/jaxws/ValidationTubeFactory
instanceKlass com/sun/xml/internal/ws/assembler/jaxws/HandlerTubeFactory
instanceKlass com/sun/xml/internal/ws/assembler/dev/TubeFactory
instanceKlass com/sun/xml/internal/ws/assembler/TubeCreator
instanceKlass com/sun/xml/internal/bind/v2/runtime/unmarshaller/StAXConnector$1
instanceKlass com/sun/xml/internal/bind/v2/runtime/unmarshaller/StAXStreamConnector$1
instanceKlass com/sun/xml/internal/bind/v2/runtime/unmarshaller/TagName
instanceKlass com/sun/xml/internal/bind/v2/runtime/unmarshaller/InterningXmlVisitor$AttributesImpl
instanceKlass com/sun/xml/internal/bind/v2/runtime/unmarshaller/InterningXmlVisitor
instanceKlass com/sun/xml/internal/fastinfoset/Decoder
instanceKlass com/sun/xml/internal/org/jvnet/fastinfoset/FastInfosetParser
instanceKlass com/sun/xml/internal/fastinfoset/OctetBufferListener
instanceKlass com/sun/xml/internal/org/jvnet/fastinfoset/stax/FastInfosetStreamReader
instanceKlass com/sun/xml/internal/bind/v2/runtime/unmarshaller/StAXConnector
instanceKlass com/sun/xml/internal/bind/v2/runtime/unmarshaller/UnmarshallingContext$State
instanceKlass com/sun/xml/internal/bind/v2/runtime/unmarshaller/Scope
instanceKlass com/sun/xml/internal/bind/v2/runtime/unmarshaller/LocatorExWrapper
instanceKlass com/sun/xml/internal/bind/v2/runtime/unmarshaller/LocatorEx
instanceKlass org/xml/sax/helpers/LocatorImpl
instanceKlass com/sun/xml/internal/bind/v2/runtime/Coordinator
instanceKlass com/sun/xml/internal/bind/v2/runtime/unmarshaller/XmlVisitor$TextPredictor
instanceKlass com/sun/xml/internal/bind/v2/runtime/unmarshaller/XmlVisitor
instanceKlass com/sun/xml/internal/bind/IDResolver
instanceKlass javax/xml/bind/helpers/DefaultValidationEventHandler
instanceKlass javax/xml/bind/helpers/AbstractUnmarshallerImpl
instanceKlass javax/xml/bind/ValidationEventHandler
instanceKlass com/sun/xml/internal/bind/v2/util/QNameMap$HashIterator
instanceKlass com/sun/xml/internal/bind/v2/runtime/property/ArrayERProperty$ReceiverImpl
instanceKlass javax/xml/parsers/DocumentBuilder
instanceKlass com/sun/xml/internal/bind/v2/ClassFactory
instanceKlass com/sun/xml/internal/bind/v2/runtime/reflect/Lister$2
instanceKlass com/sun/xml/internal/bind/v2/runtime/reflect/ListIterator
instanceKlass com/sun/xml/internal/bind/v2/runtime/reflect/Lister
instanceKlass com/sun/xml/internal/bind/v2/runtime/property/Utils$1
instanceKlass com/sun/xml/internal/bind/v2/runtime/property/Utils
instanceKlass com/sun/xml/internal/bind/v2/runtime/FilterTransducer
instanceKlass com/sun/xml/internal/bind/v2/runtime/reflect/Utils$1
instanceKlass com/sun/xml/internal/bind/v2/runtime/reflect/Utils
instanceKlass com/sun/xml/internal/bind/v2/model/core/Adapter
instanceKlass javax/xml/bind/annotation/adapters/XmlAdapter
instanceKlass javax/xml/bind/annotation/adapters/XmlJavaTypeAdapter$DEFAULT
instanceKlass javax/xml/bind/annotation/XmlSchemaType$DEFAULT
instanceKlass com/sun/xml/internal/bind/v2/model/impl/AttributePropertyInfoImpl$1
instanceKlass com/sun/xml/internal/bind/api/impl/NameUtil
instanceKlass com/sun/xml/internal/bind/api/impl/NameConverter
instanceKlass com/sun/xml/internal/bind/v2/model/runtime/RuntimeAttributePropertyInfo
instanceKlass com/sun/xml/internal/bind/v2/model/core/AttributePropertyInfo
instanceKlass com/sun/xml/internal/bind/v2/model/nav/ParameterizedTypeImpl
instanceKlass java/lang/reflect/WildcardType
instanceKlass com/sun/xml/internal/bind/v2/model/nav/ReflectionNavigator$BinderArg
instanceKlass sun/reflect/generics/tree/TypeVariableSignature
instanceKlass com/sun/xml/internal/bind/v2/model/impl/DummyPropertyInfo
instanceKlass com/sun/xml/internal/ws/runtime/config/package-info
instanceKlass com/sun/xml/internal/ws/runtime/config/Tubelines
instanceKlass com/sun/xml/internal/ws/runtime/config/TubelineMapping
instanceKlass com/sun/xml/internal/ws/runtime/config/TubelineDefinition
instanceKlass com/sun/xml/internal/ws/runtime/config/TubeFactoryList
instanceKlass com/sun/xml/internal/ws/runtime/config/TubeFactoryConfig
instanceKlass com/sun/xml/internal/ws/runtime/config/ObjectFactory
instanceKlass javax/xml/bind/GetPropertyAction
instanceKlass javax/xml/bind/ContextFinder
instanceKlass com/sun/xml/internal/ws/runtime/config/MetroConfig
instanceKlass com/sun/xml/internal/ws/assembler/MetroConfigLoader$3
instanceKlass java/text/AttributedCharacterIterator$Attribute
instanceKlass java/text/FieldPosition
instanceKlass java/util/Locale$1
instanceKlass java/text/Format
instanceKlass com/sun/istack/internal/localization/LocalizableMessage
instanceKlass com/sun/istack/internal/localization/Localizable
instanceKlass com/sun/istack/internal/localization/Localizer
instanceKlass com/sun/istack/internal/localization/LocalizableMessageFactory
instanceKlass com/sun/xml/internal/ws/resources/TubelineassemblyMessages
instanceKlass com/sun/xml/internal/ws/assembler/MetroConfigLoader$2
instanceKlass com/sun/xml/internal/ws/assembler/MetroConfigLoader$1
instanceKlass com/sun/xml/internal/ws/assembler/MetroConfigLoader$TubeFactoryListResolver
instanceKlass com/sun/xml/internal/ws/assembler/MetroConfigLoader
instanceKlass com/sun/xml/internal/ws/assembler/TubelineAssemblyContextImpl
instanceKlass com/sun/xml/internal/ws/assembler/dev/ClientTubelineAssemblyContext
instanceKlass com/sun/xml/internal/ws/assembler/dev/TubelineAssemblyContext
instanceKlass javax/activation/CommandInfo
instanceKlass com/sun/activation/registries/MailcapTokenizer
instanceKlass javax/activation/SecuritySupport$2
instanceKlass javax/activation/SecuritySupport$3
instanceKlass com/sun/activation/registries/MailcapFile
instanceKlass com/sun/activation/registries/LogSupport
instanceKlass javax/activation/SecuritySupport$1
instanceKlass javax/activation/SecuritySupport
instanceKlass javax/activation/CommandMap
instanceKlass com/sun/xml/internal/ws/api/pipe/ClientTubeAssemblerContext
instanceKlass com/sun/xml/internal/ws/assembler/TubelineAssemblyController
instanceKlass com/sun/xml/internal/ws/assembler/MetroConfigNameImpl
instanceKlass com/sun/xml/internal/ws/assembler/MetroConfigName
instanceKlass com/sun/xml/internal/ws/assembler/MetroTubelineAssembler
instanceKlass com/sun/xml/internal/ws/api/pipe/TubelineAssembler
instanceKlass com/sun/xml/internal/ws/api/pipe/PipelineAssemblerFactory
instanceKlass com/sun/xml/internal/ws/api/pipe/TubelineAssemblerFactory
instanceKlass com/sun/org/glassfish/gmbal/GmbalMBeanNOPImpl
instanceKlass com/sun/org/glassfish/gmbal/GmbalMBean
instanceKlass javax/management/NotificationEmitter
instanceKlass javax/management/NotificationBroadcaster
instanceKlass javax/management/DynamicMBean
instanceKlass com/sun/org/glassfish/gmbal/ManagedObjectManagerNOPImpl
instanceKlass javax/management/ObjectName
instanceKlass javax/management/QueryExp
instanceKlass com/sun/org/glassfish/gmbal/ManagedObjectManager
instanceKlass com/sun/org/glassfish/gmbal/util/GenericConstructor
instanceKlass com/sun/org/glassfish/gmbal/ManagedObjectManagerFactory
instanceKlass java/util/zip/ZipUtils
instanceKlass java/util/zip/CRC32
instanceKlass java/util/zip/Checksum
instanceKlass java/util/zip/ZStreamRef
instanceKlass java/util/zip/Inflater
instanceKlass java/lang/Package$1
instanceKlass com/sun/xml/internal/ws/policy/PolicyAssertion
instanceKlass com/sun/xml/internal/ws/server/MonitorBase
instanceKlass java/util/AbstractMap$SimpleImmutableEntry
instanceKlass java/util/IdentityHashMap$IdentityHashMapIterator
instanceKlass com/sun/xml/internal/ws/util/Version
instanceKlass com/sun/xml/internal/ws/util/RuntimeVersion
instanceKlass com/sun/xml/internal/ws/api/pipe/Engine
instanceKlass com/oracle/webservices/internal/api/message/BasePropertySet$PropertyMapEntry
instanceKlass java/lang/Deprecated
instanceKlass com/oracle/webservices/internal/api/message/BasePropertySet$MethodAccessor
instanceKlass com/oracle/webservices/internal/api/message/BasePropertySet$Accessor
instanceKlass sun/misc/ProxyGenerator$1
instanceKlass com/oracle/webservices/internal/api/message/PropertySet$Property
instanceKlass com/oracle/webservices/internal/api/message/BasePropertySet$1
instanceKlass com/sun/xml/internal/ws/client/Stub
instanceKlass com/sun/xml/internal/ws/client/ResponseContextReceiver
instanceKlass com/sun/xml/internal/ws/developer/WSBindingProvider
instanceKlass javax/xml/ws/BindingProvider
instanceKlass com/sun/xml/internal/ws/binding/WebServiceFeatureList$MergedFeatures
instanceKlass com/sun/xml/internal/ws/server/sei/MessageFiller
instanceKlass com/sun/xml/internal/ws/server/sei/EndpointResponseMessageBuilder
instanceKlass com/sun/xml/internal/ws/server/sei/EndpointArgumentsBuilder$DocLit$PartBuilder
instanceKlass com/sun/xml/internal/ws/server/sei/EndpointArgumentsBuilder
instanceKlass com/sun/xml/internal/ws/server/sei/TieHandler$1
instanceKlass com/sun/xml/internal/ws/server/sei/EndpointValueSetter
instanceKlass com/sun/xml/internal/ws/server/sei/TieHandler
instanceKlass com/sun/xml/internal/ws/api/databinding/EndpointCallBridge
instanceKlass com/sun/xml/internal/ws/wsdl/WSDLOperationFinder$WSDLOperationMappingImpl
instanceKlass com/sun/xml/internal/ws/api/model/WSDLOperationMapping
instanceKlass com/sun/xml/internal/ws/wsdl/WSDLOperationFinder
instanceKlass com/sun/xml/internal/ws/wsdl/OperationDispatcher
instanceKlass com/sun/xml/internal/ws/wsdl/ActionBasedOperationSignature
instanceKlass com/sun/xml/internal/ws/client/sei/ValueSetter
instanceKlass com/sun/xml/internal/ws/client/sei/ResponseBuilder$DocLit$PartBuilder
instanceKlass com/sun/xml/internal/ws/client/sei/ResponseBuilder
instanceKlass com/sun/xml/internal/ws/client/sei/ValueSetterFactory
instanceKlass com/sun/xml/internal/ws/client/sei/MessageFiller
instanceKlass com/sun/xml/internal/bind/api/RawAccessor
instanceKlass com/sun/xml/internal/ws/db/glassfish/RawAccessorWrapper
instanceKlass com/sun/xml/internal/ws/spi/db/PropertyAccessor
instanceKlass com/sun/xml/internal/ws/client/sei/BodyBuilder
instanceKlass com/sun/xml/internal/ws/client/sei/StubHandler$1
instanceKlass com/sun/xml/internal/ws/client/sei/ValueGetterFactory
instanceKlass com/sun/xml/internal/ws/client/sei/StubHandler
instanceKlass com/sun/xml/internal/ws/api/databinding/ClientCallBridge
instanceKlass com/sun/xml/internal/ws/api/FeatureListValidatorAnnotation
instanceKlass com/sun/xml/internal/ws/encoding/ParameterList
instanceKlass com/sun/xml/internal/ws/encoding/HeaderTokenizer$Token
instanceKlass com/sun/xml/internal/ws/encoding/HeaderTokenizer
instanceKlass com/sun/xml/internal/ws/encoding/ContentType
instanceKlass com/sun/xml/internal/ws/encoding/ContentTypeImpl
instanceKlass com/sun/xml/internal/ws/encoding/fastinfoset/FastInfosetStreamSOAPCodec$1
instanceKlass java/nio/channels/WritableByteChannel
instanceKlass com/sun/xml/internal/ws/api/pipe/ContentType
instanceKlass com/oracle/webservices/internal/api/message/ContentType
instanceKlass java/nio/channels/ReadableByteChannel
instanceKlass java/nio/channels/Channel
instanceKlass com/oracle/webservices/internal/api/message/BasePropertySet
instanceKlass com/sun/xml/internal/ws/api/message/MessageMetadata
instanceKlass com/oracle/webservices/internal/api/message/MessageContext
instanceKlass com/oracle/webservices/internal/api/message/DistributedPropertySet
instanceKlass com/oracle/webservices/internal/api/message/PropertySet
instanceKlass com/sun/xml/internal/ws/encoding/fastinfoset/FastInfosetStreamSOAPCodec
instanceKlass com/oracle/webservices/internal/impl/encoding/StreamDecoderImpl
instanceKlass com/oracle/webservices/internal/impl/internalspi/encoding/StreamDecoder
instanceKlass com/sun/xml/internal/ws/encoding/StreamSOAPCodec$1
instanceKlass com/sun/xml/internal/ws/api/SOAPVersion$1
instanceKlass com/sun/xml/internal/ws/encoding/StreamSOAPCodec
instanceKlass com/sun/xml/internal/ws/encoding/RootOnlyCodec
instanceKlass com/sun/xml/internal/ws/api/pipe/StreamSOAPCodec
instanceKlass com/sun/xml/internal/ws/encoding/MimeCodec
instanceKlass com/sun/xml/internal/ws/api/pipe/SOAPBindingCodec
instanceKlass com/sun/xml/internal/ws/api/pipe/Codec
instanceKlass com/sun/xml/internal/ws/api/pipe/Codecs
instanceKlass com/sun/xml/internal/ws/api/ImpliesWebServiceFeature
instanceKlass com/oracle/webservices/internal/api/message/MessageContextFactory
instanceKlass com/sun/xml/internal/ws/util/Pool
instanceKlass com/sun/xml/internal/ws/db/glassfish/BridgeWrapper
instanceKlass com/sun/xml/internal/ws/spi/db/XMLBridge
instanceKlass com/sun/xml/internal/ws/db/glassfish/JAXBRIContextWrapper
instanceKlass com/sun/xml/internal/ws/spi/db/BindingContext
instanceKlass com/sun/xml/internal/bind/v2/runtime/NameList
instanceKlass com/sun/xml/internal/bind/api/Bridge
instanceKlass com/sun/xml/internal/bind/v2/runtime/unmarshaller/Intercepter
instanceKlass com/sun/xml/internal/bind/v2/runtime/unmarshaller/ChildLoader
instanceKlass com/sun/xml/internal/bind/v2/runtime/unmarshaller/StructureLoader$1
instanceKlass com/sun/xml/internal/bind/v2/runtime/property/UnmarshallerChain
instanceKlass javax/xml/bind/annotation/W3CDomHandler
instanceKlass javax/xml/bind/annotation/DomHandler
instanceKlass com/sun/xml/internal/bind/v2/model/runtime/RuntimeArrayInfo
instanceKlass com/sun/xml/internal/bind/v2/model/core/ArrayInfo
instanceKlass com/sun/xml/internal/bind/v2/runtime/ElementBeanInfoImpl$1
instanceKlass javax/xml/bind/JAXBElement$GlobalScope
instanceKlass com/sun/xml/internal/bind/v2/runtime/Utils$1
instanceKlass com/sun/xml/internal/bind/v2/runtime/Utils
instanceKlass com/sun/xml/internal/bind/v2/runtime/reflect/opt/OptimizedTransducedAccessorFactory
instanceKlass com/sun/xml/internal/bind/v2/runtime/reflect/TransducedAccessor
instanceKlass com/sun/xml/internal/bind/v2/runtime/reflect/opt/Ref
instanceKlass com/sun/xml/internal/bind/v2/runtime/LifecycleMethods
instanceKlass com/sun/xml/internal/bind/v2/runtime/Name
instanceKlass com/sun/xml/internal/bind/v2/runtime/property/TagAndType
instanceKlass com/sun/xml/internal/bind/v2/runtime/reflect/opt/Injector$1
instanceKlass java/lang/AssertionStatusDirectives
instanceKlass java/util/concurrent/locks/ReentrantReadWriteLock$WriteLock
instanceKlass java/util/concurrent/locks/ReentrantReadWriteLock$ReadLock
instanceKlass java/util/concurrent/locks/ReentrantReadWriteLock
instanceKlass java/util/concurrent/locks/ReadWriteLock
instanceKlass com/sun/xml/internal/bind/v2/runtime/reflect/opt/Injector
instanceKlass com/sun/xml/internal/bind/v2/runtime/reflect/opt/SecureLoader
instanceKlass com/sun/xml/internal/bind/v2/runtime/reflect/opt/AccessorInjector
instanceKlass com/sun/xml/internal/bind/v2/runtime/reflect/opt/Bean
instanceKlass com/sun/xml/internal/bind/v2/bytecode/ClassTailor
instanceKlass com/sun/xml/internal/bind/v2/runtime/reflect/opt/OptimizedAccessorFactory
instanceKlass com/sun/xml/internal/bind/v2/runtime/property/PropertyFactory$1
instanceKlass com/sun/xml/internal/bind/v2/model/runtime/RuntimeMapPropertyInfo
instanceKlass com/sun/xml/internal/bind/v2/model/core/MapPropertyInfo
instanceKlass com/sun/xml/internal/bind/v2/model/runtime/RuntimeReferencePropertyInfo
instanceKlass com/sun/xml/internal/bind/v2/model/core/ReferencePropertyInfo
instanceKlass com/sun/xml/internal/bind/v2/runtime/property/PropertyFactory
instanceKlass com/sun/xml/internal/bind/v2/runtime/property/PropertyImpl
instanceKlass com/sun/xml/internal/bind/v2/runtime/property/Property
instanceKlass com/sun/xml/internal/bind/v2/runtime/property/StructureLoaderBuilder
instanceKlass com/sun/xml/internal/bind/v2/runtime/AttributeAccessor
instanceKlass com/sun/xml/internal/bind/v2/runtime/unmarshaller/Loader
instanceKlass javax/xml/bind/Marshaller
instanceKlass javax/xml/bind/Unmarshaller
instanceKlass com/sun/xml/internal/bind/v2/runtime/JaxBeanInfo
instanceKlass com/sun/xml/internal/bind/v2/util/FlattenIterator
instanceKlass javax/xml/bind/annotation/XmlElement$DEFAULT
instanceKlass com/sun/xml/internal/bind/v2/model/impl/ElementInfoImpl$PropertyImpl
instanceKlass com/sun/xml/internal/bind/v2/model/impl/TypeRefImpl
instanceKlass com/sun/xml/internal/bind/v2/model/runtime/RuntimeTypeRef
instanceKlass com/sun/xml/internal/bind/v2/model/runtime/RuntimeNonElementRef
instanceKlass com/sun/xml/internal/bind/v2/model/core/TypeRef
instanceKlass com/sun/xml/internal/bind/v2/model/core/NonElementRef
instanceKlass com/sun/xml/internal/bind/v2/model/impl/PropertyInfoImpl$1
instanceKlass com/sun/xml/internal/bind/v2/TODO
instanceKlass com/sun/xml/internal/bind/v2/model/annotation/MethodLocatable
instanceKlass java/util/TreeMap$PrivateEntryIterator
instanceKlass com/sun/xml/internal/bind/annotation/XmlLocation
instanceKlass javax/xml/bind/annotation/XmlSchemaTypes
instanceKlass javax/xml/bind/annotation/adapters/XmlJavaTypeAdapters
instanceKlass com/sun/xml/internal/bind/v2/model/impl/Util
instanceKlass com/sun/xml/internal/bind/v2/model/impl/PropertyInfoImpl
instanceKlass com/sun/xml/internal/bind/v2/model/runtime/RuntimeElementPropertyInfo
instanceKlass com/sun/xml/internal/bind/v2/model/runtime/RuntimePropertyInfo
instanceKlass com/sun/xml/internal/bind/v2/model/core/ElementPropertyInfo
instanceKlass com/sun/xml/internal/bind/v2/model/core/PropertyInfo
instanceKlass com/sun/xml/internal/bind/v2/model/impl/ClassInfoImpl$1
instanceKlass com/sun/xml/internal/bind/v2/model/impl/FieldPropertySeed
instanceKlass com/sun/xml/internal/bind/v2/model/impl/RuntimeClassInfoImpl$RuntimePropertySeed
instanceKlass com/sun/xml/internal/bind/v2/model/impl/PropertySeed
instanceKlass com/sun/xml/internal/bind/v2/model/annotation/AnnotationSource
instanceKlass com/sun/xml/internal/bind/v2/runtime/reflect/Accessor
instanceKlass com/sun/xml/internal/bind/v2/runtime/unmarshaller/Receiver
instanceKlass com/sun/xml/internal/bind/AccessorFactoryImpl
instanceKlass com/sun/xml/internal/bind/InternalAccessorFactory
instanceKlass com/sun/xml/internal/bind/AccessorFactory
instanceKlass javax/xml/bind/annotation/XmlAccessorOrder
instanceKlass javax/xml/bind/annotation/XmlNs
instanceKlass wssuma/package-info
instanceKlass com/sun/xml/internal/bind/annotation/OverrideAnnotationOf
instanceKlass javax/xml/bind/annotation/XmlMixed
instanceKlass javax/xml/bind/annotation/XmlAnyElement
instanceKlass javax/xml/bind/annotation/XmlElements
instanceKlass javax/xml/bind/annotation/XmlAnyAttribute
instanceKlass javax/xml/bind/annotation/XmlList
instanceKlass javax/xml/bind/annotation/XmlElementWrapper
instanceKlass javax/xml/bind/annotation/XmlMimeType
instanceKlass javax/xml/bind/annotation/XmlInlineBinaryData
instanceKlass javax/xml/bind/annotation/XmlIDREF
instanceKlass javax/xml/bind/annotation/XmlID
instanceKlass com/sun/xml/internal/bind/v2/model/runtime/RuntimeClassInfo
instanceKlass com/sun/xml/internal/bind/v2/model/core/ClassInfo
instanceKlass javax/xml/bind/annotation/XmlType$DEFAULT
instanceKlass javax/xml/bind/annotation/XmlAccessorType
instanceKlass javax/xml/bind/annotation/XmlAttachmentRef
instanceKlass javax/xml/bind/annotation/adapters/XmlJavaTypeAdapter
instanceKlass sun/reflect/generics/reflectiveObjects/LazyReflectiveObjectGenerator
instanceKlass java/lang/reflect/TypeVariable
instanceKlass sun/reflect/generics/tree/ClassSignature
instanceKlass sun/reflect/generics/reflectiveObjects/ParameterizedTypeImpl
instanceKlass java/lang/reflect/ParameterizedType
instanceKlass sun/reflect/generics/tree/MethodTypeSignature
instanceKlass sun/reflect/generics/tree/Signature
instanceKlass sun/reflect/generics/tree/FormalTypeParameter
instanceKlass com/sun/xml/internal/bind/v2/model/impl/TypeInfoImpl
instanceKlass com/sun/xml/internal/bind/v2/model/runtime/RuntimeElementInfo
instanceKlass com/sun/xml/internal/bind/v2/model/runtime/RuntimeElement
instanceKlass com/sun/xml/internal/bind/v2/model/core/ElementInfo
instanceKlass com/sun/xml/internal/bind/v2/model/core/Element
instanceKlass javax/xml/bind/annotation/XmlElementDecl$GLOBAL
instanceKlass javax/xml/bind/JAXBElement
instanceKlass com/sun/xml/internal/bind/v2/model/impl/RegistryInfoImpl
instanceKlass com/sun/xml/internal/bind/v2/model/core/RegistryInfo
instanceKlass com/sun/xml/internal/bind/v2/model/annotation/SecureLoader
instanceKlass javax/xml/bind/annotation/XmlValue
instanceKlass javax/xml/bind/annotation/XmlType
instanceKlass javax/xml/bind/annotation/XmlTransient
instanceKlass javax/xml/bind/annotation/XmlSchemaType
instanceKlass javax/xml/bind/annotation/XmlRootElement
instanceKlass javax/xml/bind/annotation/XmlEnum
instanceKlass javax/xml/bind/annotation/XmlElementRefs
instanceKlass javax/xml/bind/annotation/XmlElementRef
instanceKlass javax/xml/bind/annotation/XmlElementDecl
instanceKlass javax/xml/bind/annotation/XmlAttribute
instanceKlass com/sun/xml/internal/bind/v2/model/annotation/Quick
instanceKlass com/sun/xml/internal/bind/v2/model/annotation/Init
instanceKlass com/sun/xml/internal/bind/v2/model/annotation/LocatableAnnotation
instanceKlass javax/xml/bind/annotation/XmlRegistry
instanceKlass com/sun/xml/internal/bind/v2/model/core/Ref
instanceKlass com/sun/xml/internal/bind/api/CompositeStructure
instanceKlass com/sun/xml/internal/bind/v2/runtime/IllegalAnnotationsException$Builder
instanceKlass java/util/Collections$UnmodifiableMap$UnmodifiableEntrySet$UnmodifiableEntry
instanceKlass java/util/Collections$UnmodifiableMap$UnmodifiableEntrySet$1
instanceKlass com/sun/xml/internal/bind/v2/runtime/RuntimeUtil
instanceKlass com/sun/xml/internal/bind/v2/model/impl/AnyTypeImpl
instanceKlass com/sun/xml/internal/bind/v2/model/impl/TypeInfoSetImpl$1
instanceKlass java/util/UUID
instanceKlass javax/xml/datatype/Duration
instanceKlass javax/xml/datatype/XMLGregorianCalendar
instanceKlass javax/activation/DataHandler
instanceKlass java/awt/datatransfer/Transferable
instanceKlass java/awt/Image
instanceKlass javax/xml/datatype/DatatypeConstants$Field
instanceKlass javax/xml/datatype/DatatypeConstants
instanceKlass java/util/Calendar
instanceKlass com/sun/xml/internal/bind/v2/model/impl/RuntimeBuiltinLeafInfoImpl$1
instanceKlass com/sun/xml/internal/bind/v2/model/impl/LeafInfoImpl
instanceKlass com/sun/xml/internal/bind/v2/runtime/Transducer
instanceKlass com/sun/xml/internal/bind/v2/model/runtime/RuntimeBuiltinLeafInfo
instanceKlass com/sun/xml/internal/bind/v2/model/runtime/RuntimeLeafInfo
instanceKlass com/sun/xml/internal/bind/v2/model/runtime/RuntimeNonElement
instanceKlass com/sun/xml/internal/bind/v2/model/runtime/RuntimeTypeInfo
instanceKlass com/sun/xml/internal/bind/v2/model/core/BuiltinLeafInfo
instanceKlass com/sun/xml/internal/bind/v2/model/core/LeafInfo
instanceKlass com/sun/xml/internal/bind/v2/model/core/MaybeElement
instanceKlass com/sun/xml/internal/bind/v2/model/core/NonElement
instanceKlass com/sun/xml/internal/bind/v2/model/core/TypeInfo
instanceKlass com/sun/xml/internal/bind/v2/model/annotation/Locatable
instanceKlass com/sun/xml/internal/bind/v2/model/impl/TypeInfoSetImpl
instanceKlass com/sun/xml/internal/bind/v2/model/runtime/RuntimeTypeInfoSet
instanceKlass com/sun/xml/internal/bind/v2/model/core/TypeInfoSet
instanceKlass com/sun/xml/internal/bind/v2/model/impl/ModelBuilder$1
instanceKlass com/sun/xml/internal/bind/v2/model/core/ErrorHandler
instanceKlass com/sun/xml/internal/bind/v2/runtime/Location
instanceKlass com/sun/xml/internal/bind/v2/model/impl/Utils$1
instanceKlass com/sun/xml/internal/bind/v2/model/nav/TypeVisitor
instanceKlass com/sun/xml/internal/bind/v2/model/nav/ReflectionNavigator
instanceKlass com/sun/xml/internal/bind/v2/model/nav/Navigator
instanceKlass com/sun/xml/internal/bind/v2/model/impl/Utils
instanceKlass com/sun/xml/internal/bind/WhiteSpaceProcessor
instanceKlass javax/xml/bind/annotation/XmlSchema
instanceKlass com/sun/xml/internal/bind/v2/model/impl/ModelBuilder
instanceKlass com/sun/xml/internal/bind/v2/model/impl/ModelBuilderI
instanceKlass com/sun/xml/internal/bind/v2/runtime/NameBuilder
instanceKlass com/sun/istack/internal/Pool$Impl
instanceKlass com/sun/istack/internal/Pool
instanceKlass com/sun/xml/internal/bind/v2/util/QNameMap$Entry
instanceKlass com/sun/xml/internal/bind/v2/util/QNameMap
instanceKlass com/sun/xml/internal/bind/v2/runtime/JAXBContextImpl$6
instanceKlass com/sun/xml/internal/bind/v2/model/annotation/AbstractInlineAnnotationReaderImpl
instanceKlass com/sun/xml/internal/bind/v2/runtime/JAXBContextImpl$JAXBContextBuilder
instanceKlass com/sun/xml/internal/bind/v2/util/TypeCast
instanceKlass com/sun/xml/internal/bind/Util
instanceKlass com/sun/xml/internal/bind/v2/ContextFactory
instanceKlass com/sun/xml/internal/bind/v2/model/annotation/RuntimeAnnotationReader
instanceKlass com/sun/xml/internal/bind/v2/model/annotation/AnnotationReader
instanceKlass javax/xml/bind/JAXBContext
instanceKlass com/sun/xml/internal/bind/api/TypeReference
instanceKlass com/sun/xml/internal/ws/spi/db/BindingContextFactory$1
instanceKlass com/sun/xml/internal/ws/spi/db/BindingContextFactory
instanceKlass com/sun/xml/internal/ws/developer/JAXBContextFactory$1
instanceKlass com/sun/xml/internal/ws/developer/JAXBContextFactory
instanceKlass com/sun/xml/internal/ws/model/AbstractSEIModelImpl$1
instanceKlass com/sun/xml/internal/ws/spi/db/WrapperComposite
instanceKlass wssuma/HelloResponse
instanceKlass wssuma/Hello
instanceKlass javax/jws/WebParam
instanceKlass com/sun/xml/internal/ws/model/ReflectAnnotationReader$1
instanceKlass javax/xml/bind/annotation/XmlElement
instanceKlass com/sun/xml/internal/ws/model/ParameterImpl
instanceKlass com/sun/xml/internal/ws/api/model/Parameter
instanceKlass com/sun/xml/internal/ws/spi/db/TypeInfo
instanceKlass wssuma/SumaResponse
instanceKlass wssuma/Suma
instanceKlass javax/xml/ws/Response
instanceKlass com/sun/xml/internal/ws/model/JavaMethodImpl
instanceKlass com/sun/xml/internal/ws/api/model/JavaMethod
instanceKlass javax/jws/Oneway
instanceKlass javax/xml/ws/FaultAction
instanceKlass javax/xml/ws/Action
instanceKlass javax/xml/ws/ResponseWrapper
instanceKlass javax/xml/ws/RequestWrapper
instanceKlass javax/jws/WebResult
instanceKlass com/sun/xml/internal/ws/model/ReflectAnnotationReader$2
instanceKlass javax/jws/WebMethod
instanceKlass com/sun/xml/internal/ws/api/model/soap/SOAPBinding
instanceKlass javax/jws/soap/SOAPBinding
instanceKlass com/oracle/webservices/internal/api/databinding/DatabindingMode
instanceKlass com/sun/xml/internal/ws/spi/db/BindingInfo
instanceKlass com/sun/xml/internal/ws/model/AbstractSEIModelImpl
instanceKlass com/sun/xml/internal/ws/api/model/SEIModel
instanceKlass java/util/Collections$1
instanceKlass com/sun/xml/internal/ws/client/HandlerConfiguration
instanceKlass javax/xml/ws/soap/SOAPBinding
instanceKlass com/sun/xml/internal/ws/binding/BindingImpl
instanceKlass com/sun/xml/internal/ws/api/WSBinding
instanceKlass javax/xml/ws/Binding
instanceKlass com/oracle/webservices/internal/api/EnvelopeStyle
instanceKlass wssuma/ObjectFactory
instanceKlass javax/xml/bind/annotation/XmlSeeAlso
instanceKlass javax/jws/WebService
instanceKlass com/sun/xml/internal/ws/model/ReflectAnnotationReader$3
instanceKlass javax/xml/ws/soap/MTOM
instanceKlass com/sun/xml/internal/ws/model/ReflectAnnotationReader
instanceKlass com/sun/xml/internal/ws/api/databinding/MetadataReader
instanceKlass javax/xml/ws/Holder
instanceKlass com/sun/xml/internal/ws/model/RuntimeModeler
instanceKlass com/sun/xml/internal/ws/db/DatabindingImpl
instanceKlass com/sun/xml/internal/ws/api/databinding/Databinding
instanceKlass com/oracle/webservices/internal/api/databinding/Databinding
instanceKlass com/sun/xml/internal/ws/db/DatabindingProviderImpl
instanceKlass com/sun/xml/internal/ws/spi/db/DatabindingProvider
instanceKlass com/sun/xml/internal/ws/api/databinding/MappingInfo
instanceKlass com/sun/xml/internal/ws/api/databinding/DatabindingConfig
instanceKlass com/oracle/webservices/internal/api/databinding/DatabindingFactory
instanceKlass wssuma/MiWSSuma
instanceKlass java/lang/Math$RandomNumberGeneratorHolder
instanceKlass sun/rmi/server/WeakClassHashMap$ValueCell
instanceKlass sun/rmi/transport/ObjectEndpoint
instanceKlass sun/rmi/transport/ObjectTable
instanceKlass sun/rmi/transport/Target
instanceKlass sun/rmi/transport/DGCImpl$2$1
instanceKlass sun/rmi/transport/DGCImpl_Skel
instanceKlass java/rmi/server/Skeleton
instanceKlass sun/rmi/transport/DGCImpl$2$$Lambda$8
instanceKlass sun/rmi/transport/DGCClient$EndpointEntry$RenewCleanThread$1
instanceKlass sun/rmi/server/Dispatcher
instanceKlass java/rmi/server/ServerRef
instanceKlass sun/rmi/transport/DGCImpl$2
instanceKlass sun/rmi/transport/DGCImpl$$Lambda$7
instanceKlass sun/rmi/transport/DGCClient$EndpointEntry$1
instanceKlass java/io/ObjectInputStream$Logging
instanceKlass java/io/ObjectInputStream$FilterValues
instanceKlass sun/rmi/transport/StreamRemoteCall$$Lambda$6
instanceKlass sun/nio/ch/Interruptible
instanceKlass java/util/concurrent/locks/LockSupport
instanceKlass java/io/ObjectStreamClass$6
instanceKlass java/io/ObjectStreamClass$5
instanceKlass java/util/TimSort
instanceKlass java/io/ObjectStreamClass$4
instanceKlass java/io/ObjectStreamClass$MemberSignature
instanceKlass java/io/ObjectStreamClass$2
instanceKlass java/io/ObjectStreamClass$ExceptionInfo
instanceKlass sun/rmi/transport/DGCImpl_Stub$$Lambda$5
instanceKlass sun/misc/ObjectInputFilter$FilterInfo
